{
  "stats": {
    "suites": 15,
    "tests": 21,
    "passes": 21,
    "pending": 0,
    "failures": 0,
    "testsRegistered": 21,
    "passPercent": 100,
    "pendingPercent": 0,
    "other": 0,
    "hasOther": false,
    "skipped": 0,
    "hasSkipped": false,
    "start": "2023-06-15T11:36:58.435Z",
    "end": "2023-06-15T11:38:31.101Z",
    "duration": 92666
  },
  "results": [
    {
      "uuid": "eaa8a9fd-3e48-499e-ae35-bd728270d0b2",
      "title": "",
      "fullFile": "cypress\\e2e\\API\\pierwszyTestApi.js",
      "file": "cypress\\e2e\\API\\pierwszyTestApi.js",
      "beforeHooks": [],
      "afterHooks": [],
      "tests": [],
      "suites": [
        {
          "uuid": "cbe57595-5a98-41e6-a104-3922b7fa2dc1",
          "title": "E2E - Testy Api",
          "fullFile": "",
          "file": "",
          "beforeHooks": [],
          "afterHooks": [],
          "tests": [
            {
              "title": "Weryfikacja tagów API",
              "fullTitle": "E2E - Testy Api Weryfikacja tagów API",
              "timedOut": null,
              "duration": 2582,
              "state": "passed",
              "speed": "fast",
              "pass": true,
              "fail": false,
              "pending": false,
              "context": null,
              "code": "cy.intercept(\"GET\", \"https://api.realworld.io/api/tags\").as(\"requestTag\");\ncy.visit(\"https://angular.realworld.io/\");\ncy.wait(\"@requestTag\");\ncy.get(\"@requestTag\").then(res => {\n  console.log(res);\n  expect(res.response.statusCode).to.equal(200);\n  expect(res.response.body.tags).to.contain(\"welcome\");\n});",
              "err": {},
              "uuid": "ac0972c0-3bbb-4c6b-b57b-87237856a8cc",
              "parentUUID": "cbe57595-5a98-41e6-a104-3922b7fa2dc1",
              "isHook": false,
              "skipped": false
            },
            {
              "title": "Niepoprawne logowanie Logowania",
              "fullTitle": "E2E - Testy Api Niepoprawne logowanie Logowania",
              "timedOut": null,
              "duration": 1674,
              "state": "passed",
              "speed": "fast",
              "pass": true,
              "fail": false,
              "pending": false,
              "context": null,
              "code": "cy.intercept(\"POST\", \"https://api.realworld.io/api/users/login\").as(\"Forbidden\");\ncy.visit(\"https://angular.realworld.io/\");\ncy.get(\"a.nav-link\").contains(\"Sign in\").click();\ncy.login('test@test.com', 'test');\ncy.wait(\"@Forbidden\");\ncy.get('@Forbidden').then(res => {\n  console.log(res);\n  expect(res.response.statusCode).to.equal(403);\n  expect(res.response.statusMessage).to.equal(this.daneApi.statusMessage403);\n});",
              "err": {},
              "uuid": "ad0a0008-baa7-4cf4-b57b-a18e3750baa0",
              "parentUUID": "cbe57595-5a98-41e6-a104-3922b7fa2dc1",
              "isHook": false,
              "skipped": false
            },
            {
              "title": "Poprawne logowanie",
              "fullTitle": "E2E - Testy Api Poprawne logowanie",
              "timedOut": null,
              "duration": 1329,
              "state": "passed",
              "speed": "fast",
              "pass": true,
              "fail": false,
              "pending": false,
              "context": null,
              "code": "cy.intercept(\"GET\", \"https://api.realworld.io/api/tags\", {\n  fixture: 'tags.js'\n}).as(\"requestTag\");\ncy.visit(\"https://angular.realworld.io/\");\ncy.get(\"a.nav-link\").contains(\"Sign in\").click();\ncy.login('mbanak265@gmail.com', 'Suchykanal123');\ncy.wait(\"@requestTag\");",
              "err": {},
              "uuid": "2f24bf32-e5e4-47b1-8b76-f8df592c6aa0",
              "parentUUID": "cbe57595-5a98-41e6-a104-3922b7fa2dc1",
              "isHook": false,
              "skipped": false
            }
          ],
          "suites": [],
          "passes": [
            "ac0972c0-3bbb-4c6b-b57b-87237856a8cc",
            "ad0a0008-baa7-4cf4-b57b-a18e3750baa0",
            "2f24bf32-e5e4-47b1-8b76-f8df592c6aa0"
          ],
          "failures": [],
          "pending": [],
          "skipped": [],
          "duration": 5585,
          "root": false,
          "rootEmpty": false,
          "_timeout": 2000
        }
      ],
      "passes": [],
      "failures": [],
      "pending": [],
      "skipped": [],
      "duration": 0,
      "root": true,
      "rootEmpty": true,
      "_timeout": 2000
    },
    {
      "uuid": "2125a27d-a668-41f0-908d-3031623df48b",
      "title": "",
      "fullFile": "cypress\\e2e\\UI\\Lokalizatory.js",
      "file": "cypress\\e2e\\UI\\Lokalizatory.js",
      "beforeHooks": [],
      "afterHooks": [],
      "tests": [],
      "suites": [
        {
          "uuid": "6a59ccf2-cbd5-48c7-9ab5-d9e2858aac32",
          "title": "E2E - Lesson",
          "fullFile": "",
          "file": "",
          "beforeHooks": [],
          "afterHooks": [],
          "tests": [
            {
              "title": "Lokalizatory",
              "fullTitle": "E2E - Lesson Lokalizatory",
              "timedOut": null,
              "duration": 2608,
              "state": "passed",
              "speed": "fast",
              "pass": true,
              "fail": false,
              "pending": false,
              "context": null,
              "code": "cy.visit(\"/\");\n// Po znaczniku\ncy.get(\"a\");\n// Identyfikator\ncy.get(\"#search_query_top\");\n// Po klasie\ncy.get(\".form-control\");\n// Po atrybutach\ncy.get('[name=\"search_query\"]');\ncy.get('[placeholder=\"Search\"]');\n//Dokładniejszy atrybut wraz podaniem znacznika\ncy.get('input[placeholder=\"Search\"]');\n// //Pobieranie elementów po kilku atrybutach\n// cy.get('[src=\"http://automationpractice.pl/modules/themeconfigurator/img/banner-img7.jpg\"][width=\"381\"]')\n//Zalecana Praktyka pobierania elementów\n//cy.get('[data.cy=\"wyszukiwarla\"]')",
              "err": {},
              "uuid": "c8b17773-dccb-4a6c-8f12-f266e7e41d64",
              "parentUUID": "6a59ccf2-cbd5-48c7-9ab5-d9e2858aac32",
              "isHook": false,
              "skipped": false
            },
            {
              "title": "Lokalizatory część2",
              "fullTitle": "E2E - Lesson Lokalizatory część2",
              "timedOut": null,
              "duration": 622,
              "state": "passed",
              "speed": "fast",
              "pass": true,
              "fail": false,
              "pending": false,
              "context": null,
              "code": "cy.visit(\"/\");\ncy.contains(\"Shop now !\"); //< Szukanie po tekście\ncy.contains('[title=\"Contact us\"]', 'Contact us');\ncy.get(\"li\").parent(\"#home-page-tabs\").find(\"li\").eq(1);\ncy.get(\"li\").parent(\"#home-page-tabs\").find(\"li\").contains(\"Best Sellers\");",
              "err": {},
              "uuid": "d2de523e-c9ec-4a1a-a479-a7579f3828e1",
              "parentUUID": "6a59ccf2-cbd5-48c7-9ab5-d9e2858aac32",
              "isHook": false,
              "skipped": false
            }
          ],
          "suites": [],
          "passes": [
            "c8b17773-dccb-4a6c-8f12-f266e7e41d64",
            "d2de523e-c9ec-4a1a-a479-a7579f3828e1"
          ],
          "failures": [],
          "pending": [],
          "skipped": [],
          "duration": 3230,
          "root": false,
          "rootEmpty": false,
          "_timeout": 2000
        }
      ],
      "passes": [],
      "failures": [],
      "pending": [],
      "skipped": [],
      "duration": 0,
      "root": true,
      "rootEmpty": true,
      "_timeout": 2000
    },
    {
      "uuid": "526f58c2-ab6f-4136-9764-f027df7e8fc8",
      "title": "",
      "fullFile": "cypress\\e2e\\UI\\asercje.js",
      "file": "cypress\\e2e\\UI\\asercje.js",
      "beforeHooks": [],
      "afterHooks": [],
      "tests": [],
      "suites": [
        {
          "uuid": "b8a2882a-a281-4b64-ad3f-8a704a1d36df",
          "title": "E2E - Asercje",
          "fullFile": "",
          "file": "",
          "beforeHooks": [],
          "afterHooks": [],
          "tests": [
            {
              "title": "Asercje expect oraz should",
              "fullTitle": "E2E - Asercje Asercje expect oraz should",
              "timedOut": null,
              "duration": 1390,
              "state": "passed",
              "speed": "fast",
              "pass": true,
              "fail": false,
              "pending": false,
              "context": null,
              "code": "cy.visit(\"/\");\n//Weryfikacja tekstu\ncy.get('a[title=\"Contact us\"]').should(\"contain\", \"Contact us\");\ncy.get('a[title=\"Contact us\"]').then(zakladka => {\n  expect(zakladka).to.contain(\"Contact us\");\n});\n// Sprawdzenie czy nie zawiera tekstu\ncy.get('a[title=\"Contact us\"]').should(\"not.contain\", \"test\");\ncy.get('a[title=\"Contact us\"]').then(zakladka => {\n  expect(zakladka).not.to.contain(\"test\");\n});\n//Weryfikacja czy znacznik posiada klase\ncy.get('#search_query_top').should(\"have.class\", \"search_query form-control ac_input\");\ncy.get('#search_query_top').then(searchbox => {\n  expect(searchbox).have.class(\"search_query form-control ac_input\");\n});\n//Czy element jest widoczny\ncy.get('#search_query_top').should(\"be.visible\");\ncy.get('#search_query_top').then(searchbox => {\n  expect(searchbox).to.be.visible;\n});\n//Weryfikacja ilości pobranych elementów\ncy.get(\"ul.sf-menu\").find(\"li\").should(\"have.length\", 16);\ncy.get(\"ul.sf-menu\").find(\"li\").then(zakladki => {\n  expect(zakladki).have.length(16);\n});\n//Weryfikacja wartości css danego elementu\ncy.get('#search_query_top').should(\"have.css\", \"line-height\", \"18.5714px\");\ncy.get('#search_query_top').then(wyszukiwarka => {\n  expect(wyszukiwarka).have.css(\"line-height\", \"18.5714px\");\n});",
              "err": {},
              "uuid": "c48bff5d-1973-4eb4-8521-3fa9c61a9d74",
              "parentUUID": "b8a2882a-a281-4b64-ad3f-8a704a1d36df",
              "isHook": false,
              "skipped": false
            }
          ],
          "suites": [],
          "passes": [
            "c48bff5d-1973-4eb4-8521-3fa9c61a9d74"
          ],
          "failures": [],
          "pending": [],
          "skipped": [],
          "duration": 1390,
          "root": false,
          "rootEmpty": false,
          "_timeout": 2000
        }
      ],
      "passes": [],
      "failures": [],
      "pending": [],
      "skipped": [],
      "duration": 0,
      "root": true,
      "rootEmpty": true,
      "_timeout": 2000
    },
    {
      "uuid": "c811056e-d6e6-45b0-88c1-24dc64784d54",
      "title": "",
      "fullFile": "cypress\\e2e\\UI\\checkbox.js",
      "file": "cypress\\e2e\\UI\\checkbox.js",
      "beforeHooks": [],
      "afterHooks": [],
      "tests": [],
      "suites": [
        {
          "uuid": "fbf5d9db-39a7-4446-8ed1-0a567d39fbea",
          "title": "E2E - Akcje kliknięcia checkbox",
          "fullFile": "",
          "file": "",
          "beforeHooks": [],
          "afterHooks": [],
          "tests": [
            {
              "title": "Checkbox",
              "fullTitle": "E2E - Akcje kliknięcia checkbox Checkbox",
              "timedOut": null,
              "duration": 2220,
              "state": "passed",
              "speed": "fast",
              "pass": true,
              "fail": false,
              "pending": false,
              "context": null,
              "code": "cy.visit(\"/index.php?id_category=3&controller=category\");\n// Zaznaczanie pojedyńczych\ncy.get('#ul_layered_category_0').find(\"input\").then(checkbox => {\n  cy.get(checkbox).eq(0).check();\n  cy.get(checkbox).eq(1).check().invoke(\"prop\", \"checked\").then(checkboxStatus => {\n    cy.log(checkboxStatus);\n  });\n});\n// Zaznaczanie wszystkich\ncy.get('#ul_layered_id_attribute_group_1').find(\"input\").check();",
              "err": {},
              "uuid": "8935d1c8-f990-45f9-b595-5904801529f1",
              "parentUUID": "fbf5d9db-39a7-4446-8ed1-0a567d39fbea",
              "isHook": false,
              "skipped": false
            }
          ],
          "suites": [],
          "passes": [
            "8935d1c8-f990-45f9-b595-5904801529f1"
          ],
          "failures": [],
          "pending": [],
          "skipped": [],
          "duration": 2220,
          "root": false,
          "rootEmpty": false,
          "_timeout": 2000
        }
      ],
      "passes": [],
      "failures": [],
      "pending": [],
      "skipped": [],
      "duration": 0,
      "root": true,
      "rootEmpty": true,
      "_timeout": 2000
    },
    {
      "uuid": "d3c71d6e-bd92-495a-80f7-ebf5b767a410",
      "title": "",
      "fullFile": "cypress\\e2e\\UI\\customCommands.js",
      "file": "cypress\\e2e\\UI\\customCommands.js",
      "beforeHooks": [],
      "afterHooks": [],
      "tests": [],
      "suites": [
        {
          "uuid": "a6d492fd-70d0-44aa-8a78-352a9b37344b",
          "title": "E2E - CustomCommands",
          "fullFile": "",
          "file": "",
          "beforeHooks": [],
          "afterHooks": [],
          "tests": [
            {
              "title": "Przykład zastosowania komendy",
              "fullTitle": "E2E - CustomCommands Przykład zastosowania komendy",
              "timedOut": null,
              "duration": 1247,
              "state": "passed",
              "speed": "fast",
              "pass": true,
              "fail": false,
              "pending": false,
              "context": null,
              "code": "cy.openTshirtsTab();",
              "err": {},
              "uuid": "5e04be09-a1c3-4871-bfdb-09d9e9f0c944",
              "parentUUID": "a6d492fd-70d0-44aa-8a78-352a9b37344b",
              "isHook": false,
              "skipped": false
            }
          ],
          "suites": [],
          "passes": [
            "5e04be09-a1c3-4871-bfdb-09d9e9f0c944"
          ],
          "failures": [],
          "pending": [],
          "skipped": [],
          "duration": 1247,
          "root": false,
          "rootEmpty": false,
          "_timeout": 2000
        }
      ],
      "passes": [],
      "failures": [],
      "pending": [],
      "skipped": [],
      "duration": 0,
      "root": true,
      "rootEmpty": true,
      "_timeout": 2000
    },
    {
      "uuid": "063d65ff-745d-47ec-876a-d9e3e4121d9b",
      "title": "",
      "fullFile": "cypress\\e2e\\UI\\examplePageObjectModel.js",
      "file": "cypress\\e2e\\UI\\examplePageObjectModel.js",
      "beforeHooks": [],
      "afterHooks": [],
      "tests": [],
      "suites": [
        {
          "uuid": "2fbf6fa4-85e2-4907-a273-6fe39c3a6db9",
          "title": "E2E - Akcja wybrania opcji select",
          "fullFile": "",
          "file": "",
          "beforeHooks": [],
          "afterHooks": [],
          "tests": [
            {
              "title": "Wybieranie opcji",
              "fullTitle": "E2E - Akcja wybrania opcji select Wybieranie opcji",
              "timedOut": null,
              "duration": 3308,
              "state": "passed",
              "speed": "fast",
              "pass": true,
              "fail": false,
              "pending": false,
              "context": null,
              "code": "cy.visit(\"/index.php?id_category=3&controller=category\");\n// Po nazwie\n_selectPage.default.select.select(\"In stock\");\n// Po value\n_selectPage.default.select.select(\"price:asc\");\n// Po indexach\n_selectPage.default.select.select(7);",
              "err": {},
              "uuid": "87bb6eeb-f908-49ce-bf04-ff0b45e0a8ce",
              "parentUUID": "2fbf6fa4-85e2-4907-a273-6fe39c3a6db9",
              "isHook": false,
              "skipped": false
            }
          ],
          "suites": [],
          "passes": [
            "87bb6eeb-f908-49ce-bf04-ff0b45e0a8ce"
          ],
          "failures": [],
          "pending": [],
          "skipped": [],
          "duration": 3308,
          "root": false,
          "rootEmpty": false,
          "_timeout": 2000
        }
      ],
      "passes": [],
      "failures": [],
      "pending": [],
      "skipped": [],
      "duration": 0,
      "root": true,
      "rootEmpty": true,
      "_timeout": 2000
    },
    {
      "uuid": "bd1becc4-761e-493b-99bb-571ca790b396",
      "title": "",
      "fullFile": "cypress\\e2e\\UI\\invoke.js",
      "file": "cypress\\e2e\\UI\\invoke.js",
      "beforeHooks": [],
      "afterHooks": [],
      "tests": [],
      "suites": [
        {
          "uuid": "0ac0b190-9138-476e-b536-cb0f67de251f",
          "title": "E2E - Metoda Invoke",
          "fullFile": "",
          "file": "",
          "beforeHooks": [],
          "afterHooks": [],
          "tests": [
            {
              "title": "Invoke",
              "fullTitle": "E2E - Metoda Invoke Invoke",
              "timedOut": null,
              "duration": 1914,
              "state": "passed",
              "speed": "fast",
              "pass": true,
              "fail": false,
              "pending": false,
              "context": null,
              "code": "cy.visit(\"/\");\n//Pobieranie wartości z danego elementu\ncy.get('[title=\"Contact us\"]').invoke(\"text\").then(tekst => {\n  cy.log(tekst);\n});\n// Uzyskanie dostępu do wartości atrybutu\ncy.get('[title=\"Contact us\"]').invoke(\"attr\", \"href\").then(link => {\n  cy.log(link);\n});\ncy.get('[title=\"Contact us\"]').invoke(\"attr\", \"title\").then(title => {\n  cy.log(title);\n});\n// Pobieranie wartości value\ncy.get('#search_query_top').type(\"Przykładowa wartość\").invoke(\"prop\", \"value\").then(check => {\n  cy.log(check);\n});",
              "err": {},
              "uuid": "3013a75a-e8e1-4ef5-b22a-6c8918bcfede",
              "parentUUID": "0ac0b190-9138-476e-b536-cb0f67de251f",
              "isHook": false,
              "skipped": false
            }
          ],
          "suites": [],
          "passes": [
            "3013a75a-e8e1-4ef5-b22a-6c8918bcfede"
          ],
          "failures": [],
          "pending": [],
          "skipped": [],
          "duration": 1914,
          "root": false,
          "rootEmpty": false,
          "_timeout": 2000
        }
      ],
      "passes": [],
      "failures": [],
      "pending": [],
      "skipped": [],
      "duration": 0,
      "root": true,
      "rootEmpty": true,
      "_timeout": 2000
    },
    {
      "uuid": "3d952b5f-0382-4cd1-990d-ce37bdf0d82a",
      "title": "",
      "fullFile": "cypress\\e2e\\UI\\klikniecie.js",
      "file": "cypress\\e2e\\UI\\klikniecie.js",
      "beforeHooks": [],
      "afterHooks": [],
      "tests": [],
      "suites": [
        {
          "uuid": "3ed03889-855e-4342-b521-b31dcc522d71",
          "title": "E2E - Akcje kliknięcia",
          "fullFile": "",
          "file": "",
          "beforeHooks": [],
          "afterHooks": [],
          "tests": [
            {
              "title": "Klikniecie na element",
              "fullTitle": "E2E - Akcje kliknięcia Klikniecie na element",
              "timedOut": null,
              "duration": 1807,
              "state": "passed",
              "speed": "fast",
              "pass": true,
              "fail": false,
              "pending": false,
              "context": null,
              "code": "cy.visit(\"/\");\ncy.contains('[title=\"Contact us\"]', 'Contact us').click();\ncy.get('[title=\"Return to Home\"]').click();",
              "err": {},
              "uuid": "ad09dde4-3963-4482-89cd-022ab72082e4",
              "parentUUID": "3ed03889-855e-4342-b521-b31dcc522d71",
              "isHook": false,
              "skipped": false
            }
          ],
          "suites": [],
          "passes": [
            "ad09dde4-3963-4482-89cd-022ab72082e4"
          ],
          "failures": [],
          "pending": [],
          "skipped": [],
          "duration": 1807,
          "root": false,
          "rootEmpty": false,
          "_timeout": 2000
        }
      ],
      "passes": [],
      "failures": [],
      "pending": [],
      "skipped": [],
      "duration": 0,
      "root": true,
      "rootEmpty": true,
      "_timeout": 2000
    },
    {
      "uuid": "9b75ed7e-cc5e-4dd6-8693-dbaa1614d2d7",
      "title": "",
      "fullFile": "cypress\\e2e\\UI\\select.js",
      "file": "cypress\\e2e\\UI\\select.js",
      "beforeHooks": [],
      "afterHooks": [],
      "tests": [],
      "suites": [
        {
          "uuid": "0ba713df-bbfb-42ba-93e8-ea8fec086b3b",
          "title": "E2E - Akcja wybrania opcji select",
          "fullFile": "",
          "file": "",
          "beforeHooks": [],
          "afterHooks": [],
          "tests": [
            {
              "title": "Wybieranie opcji",
              "fullTitle": "E2E - Akcja wybrania opcji select Wybieranie opcji",
              "timedOut": null,
              "duration": 3058,
              "state": "passed",
              "speed": "fast",
              "pass": true,
              "fail": false,
              "pending": false,
              "context": null,
              "code": "cy.visit(\"/index.php?id_category=3&controller=category\");\n// Po nazwie\ncy.get('#selectProductSort').select(\"In stock\");\n// Po value\ncy.get('#selectProductSort').select(\"price:asc\");\n// Po indexach\ncy.get('#selectProductSort').select(7);",
              "err": {},
              "uuid": "5e17c7cf-fa74-409b-948a-9432f10dd396",
              "parentUUID": "0ba713df-bbfb-42ba-93e8-ea8fec086b3b",
              "isHook": false,
              "skipped": false
            },
            {
              "title": "Wybieranie wszystkich opcji",
              "fullTitle": "E2E - Akcja wybrania opcji select Wybieranie wszystkich opcji",
              "timedOut": null,
              "duration": 5117,
              "state": "passed",
              "speed": "medium",
              "pass": true,
              "fail": false,
              "pending": false,
              "context": null,
              "code": "cy.visit(\"/index.php?id_category=3&controller=category\");\n_selectPage.default.selectallOption();\n// cy.get('#selectProductSort').then(dropdown =>{\n//     cy.wrap(dropdown).find(\"option\").each(opcje =>{\n//         cy.get('#selectProductSort').select(opcje.text(), {delay:1000})\n//     })\n// })",
              "err": {},
              "uuid": "c27a2e4d-3f5b-4b13-8ec0-acdf612af581",
              "parentUUID": "0ba713df-bbfb-42ba-93e8-ea8fec086b3b",
              "isHook": false,
              "skipped": false
            }
          ],
          "suites": [],
          "passes": [
            "5e17c7cf-fa74-409b-948a-9432f10dd396",
            "c27a2e4d-3f5b-4b13-8ec0-acdf612af581"
          ],
          "failures": [],
          "pending": [],
          "skipped": [],
          "duration": 8175,
          "root": false,
          "rootEmpty": false,
          "_timeout": 2000
        }
      ],
      "passes": [],
      "failures": [],
      "pending": [],
      "skipped": [],
      "duration": 0,
      "root": true,
      "rootEmpty": true,
      "_timeout": 2000
    },
    {
      "uuid": "9fb970e7-e92a-4b7b-a306-3bbc5f90df13",
      "title": "",
      "fullFile": "cypress\\e2e\\UI\\trigger.js",
      "file": "cypress\\e2e\\UI\\trigger.js",
      "beforeHooks": [],
      "afterHooks": [],
      "tests": [],
      "suites": [
        {
          "uuid": "c4a745b1-3a1f-498b-b8e3-23448aaa1425",
          "title": "E2E - Scrollowanie/Najechanie",
          "fullFile": "",
          "file": "",
          "beforeHooks": [],
          "afterHooks": [],
          "tests": [
            {
              "title": "Najechanie na element",
              "fullTitle": "E2E - Scrollowanie/Najechanie Najechanie na element",
              "timedOut": null,
              "duration": 1954,
              "state": "passed",
              "speed": "fast",
              "pass": true,
              "fail": false,
              "pending": false,
              "context": null,
              "code": "cy.visit(\"/\");\ncy.get('a[title=\"Dresses\"]').eq(1).trigger(\"focus\");\ncy.get('li.sfHover a[title=\"Summer Dresses\"]').click();",
              "err": {},
              "uuid": "83256890-045a-4bce-94cb-21811f4fc98e",
              "parentUUID": "c4a745b1-3a1f-498b-b8e3-23448aaa1425",
              "isHook": false,
              "skipped": false
            },
            {
              "title": "Scrollowanie do boxa specials",
              "fullTitle": "E2E - Scrollowanie/Najechanie Scrollowanie do boxa specials",
              "timedOut": null,
              "duration": 875,
              "state": "passed",
              "speed": "fast",
              "pass": true,
              "fail": false,
              "pending": false,
              "context": null,
              "code": "cy.visit(\"/\");\ncy.get('a[title=\"Dresses\"]').eq(1).trigger(\"focus\");\ncy.get('li.sfHover a[title=\"Summer Dresses\"]').click();\ncy.get('a[title=\"Specials\"]').scrollIntoView();",
              "err": {},
              "uuid": "ec43ea07-cb42-42e7-b0fd-1f9cc5c6b0fe",
              "parentUUID": "c4a745b1-3a1f-498b-b8e3-23448aaa1425",
              "isHook": false,
              "skipped": false
            }
          ],
          "suites": [],
          "passes": [
            "83256890-045a-4bce-94cb-21811f4fc98e",
            "ec43ea07-cb42-42e7-b0fd-1f9cc5c6b0fe"
          ],
          "failures": [],
          "pending": [],
          "skipped": [],
          "duration": 2829,
          "root": false,
          "rootEmpty": false,
          "_timeout": 2000
        }
      ],
      "passes": [],
      "failures": [],
      "pending": [],
      "skipped": [],
      "duration": 0,
      "root": true,
      "rootEmpty": true,
      "_timeout": 2000
    },
    {
      "uuid": "08f1ec7c-1623-493e-9d54-2af006beb331",
      "title": "",
      "fullFile": "cypress\\e2e\\UI\\wgrywaniePliku.js",
      "file": "cypress\\e2e\\UI\\wgrywaniePliku.js",
      "beforeHooks": [],
      "afterHooks": [],
      "tests": [],
      "suites": [
        {
          "uuid": "302a5e03-dac2-45c3-8f0f-287cd4e8ee67",
          "title": "E2E - Wgrywanie Pliku",
          "fullFile": "",
          "file": "",
          "beforeHooks": [],
          "afterHooks": [],
          "tests": [
            {
              "title": "Wgrywanie Pliku do Inputa",
              "fullTitle": "E2E - Wgrywanie Pliku Wgrywanie Pliku do Inputa",
              "timedOut": null,
              "duration": 1120,
              "state": "passed",
              "speed": "fast",
              "pass": true,
              "fail": false,
              "pending": false,
              "context": null,
              "code": "cy.visit(\"/index.php?controller=contact\");\ncy.get('#fileUpload').attachFile(\"../fixtures/kotek.jpg\");\ncy.get('span.filename').should('contain', \"kotek.jpg\");",
              "err": {},
              "uuid": "4424bcf5-5305-49d0-a4ba-872d21f19306",
              "parentUUID": "302a5e03-dac2-45c3-8f0f-287cd4e8ee67",
              "isHook": false,
              "skipped": false
            }
          ],
          "suites": [],
          "passes": [
            "4424bcf5-5305-49d0-a4ba-872d21f19306"
          ],
          "failures": [],
          "pending": [],
          "skipped": [],
          "duration": 1120,
          "root": false,
          "rootEmpty": false,
          "_timeout": 2000
        }
      ],
      "passes": [],
      "failures": [],
      "pending": [],
      "skipped": [],
      "duration": 0,
      "root": true,
      "rootEmpty": true,
      "_timeout": 2000
    },
    {
      "uuid": "3e377c07-153e-4138-ae81-45dc59a43175",
      "title": "",
      "fullFile": "cypress\\e2e\\UI\\wpisywanie.js",
      "file": "cypress\\e2e\\UI\\wpisywanie.js",
      "beforeHooks": [],
      "afterHooks": [],
      "tests": [],
      "suites": [
        {
          "uuid": "cf5a6d3d-fd07-4dc6-9c13-7dc15024e15a",
          "title": "E2E - Akcja Wpisywania",
          "fullFile": "",
          "file": "",
          "beforeHooks": [],
          "afterHooks": [],
          "tests": [
            {
              "title": "Wpisywanie wartości",
              "fullTitle": "E2E - Akcja Wpisywania Wpisywanie wartości",
              "timedOut": null,
              "duration": 7138,
              "state": "passed",
              "speed": "medium",
              "pass": true,
              "fail": false,
              "pending": false,
              "context": null,
              "code": "cy.visit(\"/\");\n//cy.get(\"#search_query_top\").type(\"Przykładowy Produkt{backspace}\", {delay: 500})\ncy.searchPhrase(\"Nowy Tekst{backspace}\", 500);",
              "err": {},
              "uuid": "e5baa6b0-0dea-4b2f-9196-2751fd7a7589",
              "parentUUID": "cf5a6d3d-fd07-4dc6-9c13-7dc15024e15a",
              "isHook": false,
              "skipped": false
            },
            {
              "title": "Czyszczenie wartości z pola",
              "fullTitle": "E2E - Akcja Wpisywania Czyszczenie wartości z pola",
              "timedOut": null,
              "duration": 1236,
              "state": "passed",
              "speed": "fast",
              "pass": true,
              "fail": false,
              "pending": false,
              "context": null,
              "code": "cy.visit(\"/\");\ncy.get(\"#search_query_top\").clear();",
              "err": {},
              "uuid": "1555b457-84a1-4aa6-8e99-5e4c524e612a",
              "parentUUID": "cf5a6d3d-fd07-4dc6-9c13-7dc15024e15a",
              "isHook": false,
              "skipped": false
            }
          ],
          "suites": [],
          "passes": [
            "e5baa6b0-0dea-4b2f-9196-2751fd7a7589",
            "1555b457-84a1-4aa6-8e99-5e4c524e612a"
          ],
          "failures": [],
          "pending": [],
          "skipped": [],
          "duration": 8374,
          "root": false,
          "rootEmpty": false,
          "_timeout": 2000
        }
      ],
      "passes": [],
      "failures": [],
      "pending": [],
      "skipped": [],
      "duration": 0,
      "root": true,
      "rootEmpty": true,
      "_timeout": 2000
    },
    {
      "uuid": "feb4ed21-be16-4f74-b523-b74b809b602c",
      "title": "",
      "fullFile": "cypress\\e2e\\lighthouse.js",
      "file": "cypress\\e2e\\lighthouse.js",
      "beforeHooks": [],
      "afterHooks": [],
      "tests": [],
      "suites": [
        {
          "uuid": "f3dcf54a-7b5e-4a80-ba21-d792a6eb9ca3",
          "title": "Lighthouse Test",
          "fullFile": "",
          "file": "",
          "beforeHooks": [],
          "afterHooks": [],
          "tests": [
            {
              "title": "Pierwszy test Lighthouse",
              "fullTitle": "Lighthouse Test Pierwszy test Lighthouse",
              "timedOut": null,
              "duration": 1439,
              "state": "passed",
              "speed": "fast",
              "pass": true,
              "fail": false,
              "pending": false,
              "context": null,
              "code": "cy.visit('/');\ncy.lighthouse({\n  performance: 85,\n  accessibility: 100,\n  \"best-practices\": 85,\n  seo: 85,\n  pwa: 100\n});",
              "err": {},
              "uuid": "2fb465e3-f2cc-469f-84bc-88f25d731aad",
              "parentUUID": "f3dcf54a-7b5e-4a80-ba21-d792a6eb9ca3",
              "isHook": false,
              "skipped": false
            }
          ],
          "suites": [],
          "passes": [
            "2fb465e3-f2cc-469f-84bc-88f25d731aad"
          ],
          "failures": [],
          "pending": [],
          "skipped": [],
          "duration": 1439,
          "root": false,
          "rootEmpty": false,
          "_timeout": 2000
        }
      ],
      "passes": [],
      "failures": [],
      "pending": [],
      "skipped": [],
      "duration": 0,
      "root": true,
      "rootEmpty": true,
      "_timeout": 2000
    },
    {
      "uuid": "f0704e03-d61c-4ad0-a1ae-ceb40e586b28",
      "title": "",
      "fullFile": "cypress\\e2e\\shadow.js",
      "file": "cypress\\e2e\\shadow.js",
      "beforeHooks": [],
      "afterHooks": [],
      "tests": [],
      "suites": [
        {
          "uuid": "a0fd302d-c3c5-49f6-b7da-f8540ac9ceef",
          "title": "E2E - Shadow Dom",
          "fullFile": "",
          "file": "",
          "beforeHooks": [],
          "afterHooks": [],
          "tests": [
            {
              "title": "Wykorzystanie metody Shadow",
              "fullTitle": "E2E - Shadow Dom Wykorzystanie metody Shadow",
              "timedOut": null,
              "duration": 1253,
              "state": "passed",
              "speed": "fast",
              "pass": true,
              "fail": false,
              "pending": false,
              "context": null,
              "code": "cy.visit(\"https://www.htmlelements.com/demos/menu/shadow-dom/index.htm\");\n// Jeśli include ShadowDom jest FALSE w Cypress.json to wtedy trzeba dodać shadow\n// cy.get(\".smart-ui-component\").shadow().contains(\"File\").click();\ncy.contains(\"File\").click();",
              "err": {},
              "uuid": "d4cf13be-8bb6-48c6-9b31-1d19f3a83cc6",
              "parentUUID": "a0fd302d-c3c5-49f6-b7da-f8540ac9ceef",
              "isHook": false,
              "skipped": false
            }
          ],
          "suites": [],
          "passes": [
            "d4cf13be-8bb6-48c6-9b31-1d19f3a83cc6"
          ],
          "failures": [],
          "pending": [],
          "skipped": [],
          "duration": 1253,
          "root": false,
          "rootEmpty": false,
          "_timeout": 2000
        }
      ],
      "passes": [],
      "failures": [],
      "pending": [],
      "skipped": [],
      "duration": 0,
      "root": true,
      "rootEmpty": true,
      "_timeout": 2000
    },
    {
      "uuid": "cca0ff28-14aa-4c57-aa12-318ba7de095c",
      "title": "",
      "fullFile": "cypress\\e2e\\API\\drugiTestApi.js",
      "file": "cypress\\e2e\\API\\drugiTestApi.js",
      "beforeHooks": [],
      "afterHooks": [],
      "tests": [],
      "suites": [
        {
          "uuid": "3438b151-d013-46c3-a67b-d93505c87756",
          "title": "E2E - Wykonywanie Zapytania Bezpośrednio do API",
          "fullFile": "",
          "file": "",
          "beforeHooks": [],
          "afterHooks": [],
          "tests": [
            {
              "title": "Autoryzacja + Dodawanie nowego artykułu",
              "fullTitle": "E2E - Wykonywanie Zapytania Bezpośrednio do API Autoryzacja + Dodawanie nowego artykułu",
              "timedOut": null,
              "duration": 797,
              "state": "passed",
              "speed": "fast",
              "pass": true,
              "fail": false,
              "pending": false,
              "context": null,
              "code": "//Ta albo druga metoda do randomowego tytułu\n// const uuid = () => Cypress._.random(0, 1e6)\n// const id = uuid()\n// const testname = `testname${id}`\nconst uniqueSeed = Date.now().toString();\n// const getUniqueId = () => Cypress._.uniqueId('Tytuł ' + uniqueSeed);\nconst daneAutoryzacja = {\n  \"user\": {\n    \"email\": \"mbanak265@gmail.com\",\n    \"password\": \"Suchykanal123\"\n  }\n};\nconst daneArtykułu = {\n  \"article\": {\n    \"tagList\": [],\n    \"title\": 'tytuł ' + uniqueSeed,\n    \"description\": \"test\",\n    \"body\": \"test\"\n  }\n};\ncy.request(\"POST\", 'https://api.realworld.io/api/users/login', daneAutoryzacja).its(\"body\").then(res => {\n  console.log(res);\n  const authToken = res.user.token;\n  cy.request({\n    method: \"POST\",\n    url: \"https://api.realworld.io/api/articles/\",\n    body: daneArtykułu,\n    headers: {\n      Authorization: 'Token ' + authToken\n    }\n  }).then(res => {\n    expect(res.status).to.equal(200);\n  });\n});",
              "err": {},
              "uuid": "3bc80150-eea4-4b08-9e8c-052265d51188",
              "parentUUID": "3438b151-d013-46c3-a67b-d93505c87756",
              "isHook": false,
              "skipped": false
            }
          ],
          "suites": [],
          "passes": [
            "3bc80150-eea4-4b08-9e8c-052265d51188"
          ],
          "failures": [],
          "pending": [],
          "skipped": [],
          "duration": 797,
          "root": false,
          "rootEmpty": false,
          "_timeout": 2000
        }
      ],
      "passes": [],
      "failures": [],
      "pending": [],
      "skipped": [],
      "duration": 0,
      "root": true,
      "rootEmpty": true,
      "_timeout": 2000
    }
  ],
  "meta": {
    "mocha": {
      "version": "7.0.1"
    },
    "mochawesome": {
      "options": {
        "quiet": false,
        "reportFilename": "mochawesome",
        "saveHtml": true,
        "saveJson": true,
        "consoleReporter": "spec",
        "useInlineDiffs": false,
        "code": true
      },
      "version": "7.1.3"
    },
    "marge": {
      "options": {
        "id": "default",
        "reportDir": "cypress/results/mochawesome",
        "overwrite": false,
        "html": true,
        "json": true
      },
      "version": "6.2.0"
    }
  }
}