{
  "stats": {
    "suites": 15,
    "tests": 21,
    "passes": 21,
    "pending": 0,
    "failures": 0,
    "testsRegistered": 21,
    "passPercent": 100,
    "pendingPercent": 0,
    "other": 0,
    "hasOther": false,
    "skipped": 0,
    "hasSkipped": false,
    "start": "2023-06-14T13:37:52.351Z",
    "end": "2023-06-14T13:39:43.918Z",
    "duration": 111567
  },
  "results": [
    {
      "uuid": "da24e03f-cf81-4ec3-8b5b-809b4406aded",
      "title": "",
      "fullFile": "cypress\\e2e\\API\\pierwszyTestApi.js",
      "file": "cypress\\e2e\\API\\pierwszyTestApi.js",
      "beforeHooks": [],
      "afterHooks": [],
      "tests": [],
      "suites": [
        {
          "uuid": "0eb3540a-8659-4fec-9db7-8d789bc90e90",
          "title": "E2E - Testy Api",
          "fullFile": "",
          "file": "",
          "beforeHooks": [],
          "afterHooks": [],
          "tests": [
            {
              "title": "Weryfikacja tagów API",
              "fullTitle": "E2E - Testy Api Weryfikacja tagów API",
              "timedOut": null,
              "duration": 2741,
              "state": "passed",
              "speed": "fast",
              "pass": true,
              "fail": false,
              "pending": false,
              "context": null,
              "code": "cy.intercept(\"GET\", \"https://api.realworld.io/api/tags\").as(\"requestTag\");\ncy.visit(\"https://angular.realworld.io/\");\ncy.wait(\"@requestTag\");\ncy.get(\"@requestTag\").then(res => {\n  console.log(res);\n  expect(res.response.statusCode).to.equal(200);\n  expect(res.response.body.tags).to.contain(\"welcome\");\n});",
              "err": {},
              "uuid": "679d5b1d-7f23-4a82-ac37-68d2df90aade",
              "parentUUID": "0eb3540a-8659-4fec-9db7-8d789bc90e90",
              "isHook": false,
              "skipped": false
            },
            {
              "title": "Niepoprawne logowanie Logowania",
              "fullTitle": "E2E - Testy Api Niepoprawne logowanie Logowania",
              "timedOut": null,
              "duration": 1791,
              "state": "passed",
              "speed": "fast",
              "pass": true,
              "fail": false,
              "pending": false,
              "context": null,
              "code": "cy.intercept(\"POST\", \"https://api.realworld.io/api/users/login\").as(\"Forbidden\");\ncy.visit(\"https://angular.realworld.io/\");\ncy.get(\"a.nav-link\").contains(\"Sign in\").click();\ncy.login('test@test.com', 'test');\ncy.wait(\"@Forbidden\");\ncy.get('@Forbidden').then(res => {\n  console.log(res);\n  expect(res.response.statusCode).to.equal(403);\n  expect(res.response.statusMessage).to.equal(this.daneApi.statusMessage403);\n});",
              "err": {},
              "uuid": "aac1c56b-1b59-48f4-9366-85e5f509eefe",
              "parentUUID": "0eb3540a-8659-4fec-9db7-8d789bc90e90",
              "isHook": false,
              "skipped": false
            },
            {
              "title": "Poprawne logowanie",
              "fullTitle": "E2E - Testy Api Poprawne logowanie",
              "timedOut": null,
              "duration": 1525,
              "state": "passed",
              "speed": "fast",
              "pass": true,
              "fail": false,
              "pending": false,
              "context": null,
              "code": "cy.intercept(\"GET\", \"https://api.realworld.io/api/tags\", {\n  fixture: 'tags.js'\n}).as(\"requestTag\");\ncy.visit(\"https://angular.realworld.io/\");\ncy.get(\"a.nav-link\").contains(\"Sign in\").click();\ncy.login('mbanak265@gmail.com', 'Suchykanal123');\ncy.wait(\"@requestTag\");",
              "err": {},
              "uuid": "232efd3d-843e-4415-8338-294695fab230",
              "parentUUID": "0eb3540a-8659-4fec-9db7-8d789bc90e90",
              "isHook": false,
              "skipped": false
            }
          ],
          "suites": [],
          "passes": [
            "679d5b1d-7f23-4a82-ac37-68d2df90aade",
            "aac1c56b-1b59-48f4-9366-85e5f509eefe",
            "232efd3d-843e-4415-8338-294695fab230"
          ],
          "failures": [],
          "pending": [],
          "skipped": [],
          "duration": 6057,
          "root": false,
          "rootEmpty": false,
          "_timeout": 2000
        }
      ],
      "passes": [],
      "failures": [],
      "pending": [],
      "skipped": [],
      "duration": 0,
      "root": true,
      "rootEmpty": true,
      "_timeout": 2000
    },
    {
      "uuid": "76354d6e-422d-47dd-bff7-746c9f0be09f",
      "title": "",
      "fullFile": "cypress\\e2e\\UI\\Lokalizatory.js",
      "file": "cypress\\e2e\\UI\\Lokalizatory.js",
      "beforeHooks": [],
      "afterHooks": [],
      "tests": [],
      "suites": [
        {
          "uuid": "444a513b-4ec6-4111-8153-0069e17ec0d5",
          "title": "E2E - Lesson",
          "fullFile": "",
          "file": "",
          "beforeHooks": [],
          "afterHooks": [],
          "tests": [
            {
              "title": "Lokalizatory",
              "fullTitle": "E2E - Lesson Lokalizatory",
              "timedOut": null,
              "duration": 2726,
              "state": "passed",
              "speed": "fast",
              "pass": true,
              "fail": false,
              "pending": false,
              "context": null,
              "code": "cy.visit(\"/\");\n// Po znaczniku\ncy.get(\"a\");\n// Identyfikator\ncy.get(\"#search_query_top\");\n// Po klasie\ncy.get(\".form-control\");\n// Po atrybutach\ncy.get('[name=\"search_query\"]');\ncy.get('[placeholder=\"Search\"]');\n//Dokładniejszy atrybut wraz podaniem znacznika\ncy.get('input[placeholder=\"Search\"]');\n//Pobieranie elementów po kilku atrybutach\ncy.get('[src=\"http://automationpractice.pl/modules/themeconfigurator/img/banner-img7.jpg\"][width=\"381\"]');\n//Zalecana Praktyka pobierania elementów\n//cy.get('[data.cy=\"wyszukiwarla\"]')",
              "err": {},
              "uuid": "60025897-1264-47e3-90de-edc803a6a6a3",
              "parentUUID": "444a513b-4ec6-4111-8153-0069e17ec0d5",
              "isHook": false,
              "skipped": false
            },
            {
              "title": "Lokalizatory część2",
              "fullTitle": "E2E - Lesson Lokalizatory część2",
              "timedOut": null,
              "duration": 798,
              "state": "passed",
              "speed": "fast",
              "pass": true,
              "fail": false,
              "pending": false,
              "context": null,
              "code": "cy.visit(\"/\");\ncy.contains(\"Shop now !\"); //< Szukanie po tekście\ncy.contains('[title=\"Contact us\"]', 'Contact us');\ncy.get(\"li\").parent(\"#home-page-tabs\").find(\"li\").eq(1);\ncy.get(\"li\").parent(\"#home-page-tabs\").find(\"li\").contains(\"Best Sellers\");",
              "err": {},
              "uuid": "a13e19bc-9311-4330-a473-949c3b103833",
              "parentUUID": "444a513b-4ec6-4111-8153-0069e17ec0d5",
              "isHook": false,
              "skipped": false
            }
          ],
          "suites": [],
          "passes": [
            "60025897-1264-47e3-90de-edc803a6a6a3",
            "a13e19bc-9311-4330-a473-949c3b103833"
          ],
          "failures": [],
          "pending": [],
          "skipped": [],
          "duration": 3524,
          "root": false,
          "rootEmpty": false,
          "_timeout": 2000
        }
      ],
      "passes": [],
      "failures": [],
      "pending": [],
      "skipped": [],
      "duration": 0,
      "root": true,
      "rootEmpty": true,
      "_timeout": 2000
    },
    {
      "uuid": "7a344cf9-1ac4-4a1b-8212-738fd75c300b",
      "title": "",
      "fullFile": "cypress\\e2e\\UI\\asercje.js",
      "file": "cypress\\e2e\\UI\\asercje.js",
      "beforeHooks": [],
      "afterHooks": [],
      "tests": [],
      "suites": [
        {
          "uuid": "488ce78f-0023-4c82-b8a7-2c8e28b66d7c",
          "title": "E2E - Asercje",
          "fullFile": "",
          "file": "",
          "beforeHooks": [],
          "afterHooks": [],
          "tests": [
            {
              "title": "Asercje expect oraz should",
              "fullTitle": "E2E - Asercje Asercje expect oraz should",
              "timedOut": null,
              "duration": 1367,
              "state": "passed",
              "speed": "fast",
              "pass": true,
              "fail": false,
              "pending": false,
              "context": null,
              "code": "cy.visit(\"/\");\n//Weryfikacja tekstu\ncy.get('a[title=\"Contact us\"]').should(\"contain\", \"Contact us\");\ncy.get('a[title=\"Contact us\"]').then(zakladka => {\n  expect(zakladka).to.contain(\"Contact us\");\n});\n// Sprawdzenie czy nie zawiera tekstu\ncy.get('a[title=\"Contact us\"]').should(\"not.contain\", \"test\");\ncy.get('a[title=\"Contact us\"]').then(zakladka => {\n  expect(zakladka).not.to.contain(\"test\");\n});\n//Weryfikacja czy znacznik posiada klase\ncy.get('#search_query_top').should(\"have.class\", \"search_query form-control ac_input\");\ncy.get('#search_query_top').then(searchbox => {\n  expect(searchbox).have.class(\"search_query form-control ac_input\");\n});\n//Czy element jest widoczny\ncy.get('#search_query_top').should(\"be.visible\");\ncy.get('#search_query_top').then(searchbox => {\n  expect(searchbox).to.be.visible;\n});\n//Weryfikacja ilości pobranych elementów\ncy.get(\"ul.sf-menu\").find(\"li\").should(\"have.length\", 16);\ncy.get(\"ul.sf-menu\").find(\"li\").then(zakladki => {\n  expect(zakladki).have.length(16);\n});\n//Weryfikacja wartości css danego elementu\ncy.get('#search_query_top').should(\"have.css\", \"line-height\", \"18.5714px\");\ncy.get('#search_query_top').then(wyszukiwarka => {\n  expect(wyszukiwarka).have.css(\"line-height\", \"18.5714px\");\n});",
              "err": {},
              "uuid": "4a885e10-8895-401b-8a57-4c38503cbf5e",
              "parentUUID": "488ce78f-0023-4c82-b8a7-2c8e28b66d7c",
              "isHook": false,
              "skipped": false
            }
          ],
          "suites": [],
          "passes": [
            "4a885e10-8895-401b-8a57-4c38503cbf5e"
          ],
          "failures": [],
          "pending": [],
          "skipped": [],
          "duration": 1367,
          "root": false,
          "rootEmpty": false,
          "_timeout": 2000
        }
      ],
      "passes": [],
      "failures": [],
      "pending": [],
      "skipped": [],
      "duration": 0,
      "root": true,
      "rootEmpty": true,
      "_timeout": 2000
    },
    {
      "uuid": "53ca6333-9bb2-4c53-99f6-5c2956897f72",
      "title": "",
      "fullFile": "cypress\\e2e\\UI\\checkbox.js",
      "file": "cypress\\e2e\\UI\\checkbox.js",
      "beforeHooks": [],
      "afterHooks": [],
      "tests": [],
      "suites": [
        {
          "uuid": "f874c468-4b1f-40c1-8bd5-65b4f0fdf3d9",
          "title": "E2E - Akcje kliknięcia checkbox",
          "fullFile": "",
          "file": "",
          "beforeHooks": [],
          "afterHooks": [],
          "tests": [
            {
              "title": "Checkbox",
              "fullTitle": "E2E - Akcje kliknięcia checkbox Checkbox",
              "timedOut": null,
              "duration": 2596,
              "state": "passed",
              "speed": "fast",
              "pass": true,
              "fail": false,
              "pending": false,
              "context": null,
              "code": "cy.visit(\"/index.php?id_category=3&controller=category\");\n// Zaznaczanie pojedyńczych\ncy.get('#ul_layered_category_0').find(\"input\").then(checkbox => {\n  cy.get(checkbox).eq(0).check();\n  cy.get(checkbox).eq(1).check().invoke(\"prop\", \"checked\").then(checkboxStatus => {\n    cy.log(checkboxStatus);\n  });\n});\n// Zaznaczanie wszystkich\ncy.get('#ul_layered_id_attribute_group_1').find(\"input\").check();",
              "err": {},
              "uuid": "9739aea7-f7eb-413d-8a70-e6ed6808eebc",
              "parentUUID": "f874c468-4b1f-40c1-8bd5-65b4f0fdf3d9",
              "isHook": false,
              "skipped": false
            }
          ],
          "suites": [],
          "passes": [
            "9739aea7-f7eb-413d-8a70-e6ed6808eebc"
          ],
          "failures": [],
          "pending": [],
          "skipped": [],
          "duration": 2596,
          "root": false,
          "rootEmpty": false,
          "_timeout": 2000
        }
      ],
      "passes": [],
      "failures": [],
      "pending": [],
      "skipped": [],
      "duration": 0,
      "root": true,
      "rootEmpty": true,
      "_timeout": 2000
    },
    {
      "uuid": "31dc59c6-006b-4269-b9d1-44f998e6b50c",
      "title": "",
      "fullFile": "cypress\\e2e\\UI\\customCommands.js",
      "file": "cypress\\e2e\\UI\\customCommands.js",
      "beforeHooks": [],
      "afterHooks": [],
      "tests": [],
      "suites": [
        {
          "uuid": "7e6e9dd3-fe8e-44db-ade1-188607cafe03",
          "title": "E2E - CustomCommands",
          "fullFile": "",
          "file": "",
          "beforeHooks": [],
          "afterHooks": [],
          "tests": [
            {
              "title": "Przykład zastosowania komendy",
              "fullTitle": "E2E - CustomCommands Przykład zastosowania komendy",
              "timedOut": null,
              "duration": 1177,
              "state": "passed",
              "speed": "fast",
              "pass": true,
              "fail": false,
              "pending": false,
              "context": null,
              "code": "cy.openTshirtsTab();",
              "err": {},
              "uuid": "04e3b045-1316-4ae6-be67-875cc53e4ad9",
              "parentUUID": "7e6e9dd3-fe8e-44db-ade1-188607cafe03",
              "isHook": false,
              "skipped": false
            }
          ],
          "suites": [],
          "passes": [
            "04e3b045-1316-4ae6-be67-875cc53e4ad9"
          ],
          "failures": [],
          "pending": [],
          "skipped": [],
          "duration": 1177,
          "root": false,
          "rootEmpty": false,
          "_timeout": 2000
        }
      ],
      "passes": [],
      "failures": [],
      "pending": [],
      "skipped": [],
      "duration": 0,
      "root": true,
      "rootEmpty": true,
      "_timeout": 2000
    },
    {
      "uuid": "6c985433-fb07-4a1f-b180-cd7eefd193ee",
      "title": "",
      "fullFile": "cypress\\e2e\\UI\\examplePageObjectModel.js",
      "file": "cypress\\e2e\\UI\\examplePageObjectModel.js",
      "beforeHooks": [],
      "afterHooks": [],
      "tests": [],
      "suites": [
        {
          "uuid": "66d17b62-ab82-4058-8e72-3536e55cbd75",
          "title": "E2E - Akcja wybrania opcji select",
          "fullFile": "",
          "file": "",
          "beforeHooks": [],
          "afterHooks": [],
          "tests": [
            {
              "title": "Wybieranie opcji",
              "fullTitle": "E2E - Akcja wybrania opcji select Wybieranie opcji",
              "timedOut": null,
              "duration": 4444,
              "state": "passed",
              "speed": "fast",
              "pass": true,
              "fail": false,
              "pending": false,
              "context": null,
              "code": "cy.visit(\"/index.php?id_category=3&controller=category\");\n// Po nazwie\n_selectPage.default.select.select(\"In stock\");\n// Po value\n_selectPage.default.select.select(\"price:asc\");\n// Po indexach\n_selectPage.default.select.select(7);",
              "err": {},
              "uuid": "a2b6f4c8-3a7a-4a54-9ff8-1044bd9ac194",
              "parentUUID": "66d17b62-ab82-4058-8e72-3536e55cbd75",
              "isHook": false,
              "skipped": false
            }
          ],
          "suites": [],
          "passes": [
            "a2b6f4c8-3a7a-4a54-9ff8-1044bd9ac194"
          ],
          "failures": [],
          "pending": [],
          "skipped": [],
          "duration": 4444,
          "root": false,
          "rootEmpty": false,
          "_timeout": 2000
        }
      ],
      "passes": [],
      "failures": [],
      "pending": [],
      "skipped": [],
      "duration": 0,
      "root": true,
      "rootEmpty": true,
      "_timeout": 2000
    },
    {
      "uuid": "d594963f-b4a5-4e9f-b8ec-b1e6534009ea",
      "title": "",
      "fullFile": "cypress\\e2e\\UI\\invoke.js",
      "file": "cypress\\e2e\\UI\\invoke.js",
      "beforeHooks": [],
      "afterHooks": [],
      "tests": [],
      "suites": [
        {
          "uuid": "f6bd9967-76b7-49bd-b40f-adf6eeffd8ff",
          "title": "E2E - Metoda Invoke",
          "fullFile": "",
          "file": "",
          "beforeHooks": [],
          "afterHooks": [],
          "tests": [
            {
              "title": "Invoke",
              "fullTitle": "E2E - Metoda Invoke Invoke",
              "timedOut": null,
              "duration": 2409,
              "state": "passed",
              "speed": "fast",
              "pass": true,
              "fail": false,
              "pending": false,
              "context": null,
              "code": "cy.visit(\"/\");\n//Pobieranie wartości z danego elementu\ncy.get('[title=\"Contact us\"]').invoke(\"text\").then(tekst => {\n  cy.log(tekst);\n});\n// Uzyskanie dostępu do wartości atrybutu\ncy.get('[title=\"Contact us\"]').invoke(\"attr\", \"href\").then(link => {\n  cy.log(link);\n});\ncy.get('[title=\"Contact us\"]').invoke(\"attr\", \"title\").then(title => {\n  cy.log(title);\n});\n// Pobieranie wartości value\ncy.get('#search_query_top').type(\"Przykładowa wartość\").invoke(\"prop\", \"value\").then(check => {\n  cy.log(check);\n});",
              "err": {},
              "uuid": "48999a4a-24d5-4deb-90bd-509a12e0e462",
              "parentUUID": "f6bd9967-76b7-49bd-b40f-adf6eeffd8ff",
              "isHook": false,
              "skipped": false
            }
          ],
          "suites": [],
          "passes": [
            "48999a4a-24d5-4deb-90bd-509a12e0e462"
          ],
          "failures": [],
          "pending": [],
          "skipped": [],
          "duration": 2409,
          "root": false,
          "rootEmpty": false,
          "_timeout": 2000
        }
      ],
      "passes": [],
      "failures": [],
      "pending": [],
      "skipped": [],
      "duration": 0,
      "root": true,
      "rootEmpty": true,
      "_timeout": 2000
    },
    {
      "uuid": "58463120-d7ad-4153-a752-e7401dba2d93",
      "title": "",
      "fullFile": "cypress\\e2e\\UI\\klikniecie.js",
      "file": "cypress\\e2e\\UI\\klikniecie.js",
      "beforeHooks": [],
      "afterHooks": [],
      "tests": [],
      "suites": [
        {
          "uuid": "a629cfdc-861f-485c-950f-41c652cb74e1",
          "title": "E2E - Akcje kliknięcia",
          "fullFile": "",
          "file": "",
          "beforeHooks": [],
          "afterHooks": [],
          "tests": [
            {
              "title": "Klikniecie na element",
              "fullTitle": "E2E - Akcje kliknięcia Klikniecie na element",
              "timedOut": null,
              "duration": 2206,
              "state": "passed",
              "speed": "fast",
              "pass": true,
              "fail": false,
              "pending": false,
              "context": null,
              "code": "cy.visit(\"/\");\ncy.contains('[title=\"Contact us\"]', 'Contact us').click();\ncy.get('[title=\"Return to Home\"]').click();",
              "err": {},
              "uuid": "a292cb21-7dde-41c0-a1ea-90597a692c30",
              "parentUUID": "a629cfdc-861f-485c-950f-41c652cb74e1",
              "isHook": false,
              "skipped": false
            }
          ],
          "suites": [],
          "passes": [
            "a292cb21-7dde-41c0-a1ea-90597a692c30"
          ],
          "failures": [],
          "pending": [],
          "skipped": [],
          "duration": 2206,
          "root": false,
          "rootEmpty": false,
          "_timeout": 2000
        }
      ],
      "passes": [],
      "failures": [],
      "pending": [],
      "skipped": [],
      "duration": 0,
      "root": true,
      "rootEmpty": true,
      "_timeout": 2000
    },
    {
      "uuid": "9abf1fe6-e48d-4577-97cc-5702ffb4911a",
      "title": "",
      "fullFile": "cypress\\e2e\\UI\\select.js",
      "file": "cypress\\e2e\\UI\\select.js",
      "beforeHooks": [],
      "afterHooks": [],
      "tests": [],
      "suites": [
        {
          "uuid": "4057f08c-b42c-4fde-af2c-8e5e00fa5e11",
          "title": "E2E - Akcja wybrania opcji select",
          "fullFile": "",
          "file": "",
          "beforeHooks": [],
          "afterHooks": [],
          "tests": [
            {
              "title": "Wybieranie opcji",
              "fullTitle": "E2E - Akcja wybrania opcji select Wybieranie opcji",
              "timedOut": null,
              "duration": 4170,
              "state": "passed",
              "speed": "fast",
              "pass": true,
              "fail": false,
              "pending": false,
              "context": null,
              "code": "cy.visit(\"/index.php?id_category=3&controller=category\");\n// Po nazwie\ncy.get('#selectProductSort').select(\"In stock\");\n// Po value\ncy.get('#selectProductSort').select(\"price:asc\");\n// Po indexach\ncy.get('#selectProductSort').select(7);",
              "err": {},
              "uuid": "278cd3f6-c276-433f-9734-d36609ae5434",
              "parentUUID": "4057f08c-b42c-4fde-af2c-8e5e00fa5e11",
              "isHook": false,
              "skipped": false
            },
            {
              "title": "Wybieranie wszystkich opcji",
              "fullTitle": "E2E - Akcja wybrania opcji select Wybieranie wszystkich opcji",
              "timedOut": null,
              "duration": 7434,
              "state": "passed",
              "speed": "medium",
              "pass": true,
              "fail": false,
              "pending": false,
              "context": null,
              "code": "cy.visit(\"/index.php?id_category=3&controller=category\");\n_selectPage.default.selectallOption();\n// cy.get('#selectProductSort').then(dropdown =>{\n//     cy.wrap(dropdown).find(\"option\").each(opcje =>{\n//         cy.get('#selectProductSort').select(opcje.text(), {delay:1000})\n//     })\n// })",
              "err": {},
              "uuid": "ffffc162-2bb9-4cf6-b5ac-a40607dd226e",
              "parentUUID": "4057f08c-b42c-4fde-af2c-8e5e00fa5e11",
              "isHook": false,
              "skipped": false
            }
          ],
          "suites": [],
          "passes": [
            "278cd3f6-c276-433f-9734-d36609ae5434",
            "ffffc162-2bb9-4cf6-b5ac-a40607dd226e"
          ],
          "failures": [],
          "pending": [],
          "skipped": [],
          "duration": 11604,
          "root": false,
          "rootEmpty": false,
          "_timeout": 2000
        }
      ],
      "passes": [],
      "failures": [],
      "pending": [],
      "skipped": [],
      "duration": 0,
      "root": true,
      "rootEmpty": true,
      "_timeout": 2000
    },
    {
      "uuid": "717d9c38-4637-4d92-a6b5-8a83fd5bb0db",
      "title": "",
      "fullFile": "cypress\\e2e\\UI\\trigger.js",
      "file": "cypress\\e2e\\UI\\trigger.js",
      "beforeHooks": [],
      "afterHooks": [],
      "tests": [],
      "suites": [
        {
          "uuid": "268f7d8a-17e7-4d81-8db6-7277036e47eb",
          "title": "E2E - Scrollowanie/Najechanie",
          "fullFile": "",
          "file": "",
          "beforeHooks": [],
          "afterHooks": [],
          "tests": [
            {
              "title": "Najechanie na element",
              "fullTitle": "E2E - Scrollowanie/Najechanie Najechanie na element",
              "timedOut": null,
              "duration": 2362,
              "state": "passed",
              "speed": "fast",
              "pass": true,
              "fail": false,
              "pending": false,
              "context": null,
              "code": "cy.visit(\"/\");\ncy.get('a[title=\"Dresses\"]').eq(1).trigger(\"focus\");\ncy.get('li.sfHover a[title=\"Summer Dresses\"]').click();",
              "err": {},
              "uuid": "f4d0f9ae-7814-44a6-b812-cf7d5685b052",
              "parentUUID": "268f7d8a-17e7-4d81-8db6-7277036e47eb",
              "isHook": false,
              "skipped": false
            },
            {
              "title": "Scrollowanie do boxa specials",
              "fullTitle": "E2E - Scrollowanie/Najechanie Scrollowanie do boxa specials",
              "timedOut": null,
              "duration": 1117,
              "state": "passed",
              "speed": "fast",
              "pass": true,
              "fail": false,
              "pending": false,
              "context": null,
              "code": "cy.visit(\"/\");\ncy.get('a[title=\"Dresses\"]').eq(1).trigger(\"focus\");\ncy.get('li.sfHover a[title=\"Summer Dresses\"]').click();\ncy.get('a[title=\"Specials\"]').scrollIntoView();",
              "err": {},
              "uuid": "3fa87a0f-f4ad-448a-a7ea-5e004f70d808",
              "parentUUID": "268f7d8a-17e7-4d81-8db6-7277036e47eb",
              "isHook": false,
              "skipped": false
            }
          ],
          "suites": [],
          "passes": [
            "f4d0f9ae-7814-44a6-b812-cf7d5685b052",
            "3fa87a0f-f4ad-448a-a7ea-5e004f70d808"
          ],
          "failures": [],
          "pending": [],
          "skipped": [],
          "duration": 3479,
          "root": false,
          "rootEmpty": false,
          "_timeout": 2000
        }
      ],
      "passes": [],
      "failures": [],
      "pending": [],
      "skipped": [],
      "duration": 0,
      "root": true,
      "rootEmpty": true,
      "_timeout": 2000
    },
    {
      "uuid": "fa3b3a83-24c5-408a-ad11-23a42a03728a",
      "title": "",
      "fullFile": "cypress\\e2e\\UI\\wgrywaniePliku.js",
      "file": "cypress\\e2e\\UI\\wgrywaniePliku.js",
      "beforeHooks": [],
      "afterHooks": [],
      "tests": [],
      "suites": [
        {
          "uuid": "d165c4fe-9af7-4bc8-92ea-9604a21f31fe",
          "title": "E2E - Wgrywanie Pliku",
          "fullFile": "",
          "file": "",
          "beforeHooks": [],
          "afterHooks": [],
          "tests": [
            {
              "title": "Wgrywanie Pliku do Inputa",
              "fullTitle": "E2E - Wgrywanie Pliku Wgrywanie Pliku do Inputa",
              "timedOut": null,
              "duration": 1191,
              "state": "passed",
              "speed": "fast",
              "pass": true,
              "fail": false,
              "pending": false,
              "context": null,
              "code": "cy.visit(\"/index.php?controller=contact\");\ncy.get('#fileUpload').attachFile(\"../fixtures/kotek.jpg\");\ncy.get('span.filename').should('contain', \"kotek.jpg\");",
              "err": {},
              "uuid": "fd86a0ac-eafa-406b-b025-57ddee40a2d8",
              "parentUUID": "d165c4fe-9af7-4bc8-92ea-9604a21f31fe",
              "isHook": false,
              "skipped": false
            }
          ],
          "suites": [],
          "passes": [
            "fd86a0ac-eafa-406b-b025-57ddee40a2d8"
          ],
          "failures": [],
          "pending": [],
          "skipped": [],
          "duration": 1191,
          "root": false,
          "rootEmpty": false,
          "_timeout": 2000
        }
      ],
      "passes": [],
      "failures": [],
      "pending": [],
      "skipped": [],
      "duration": 0,
      "root": true,
      "rootEmpty": true,
      "_timeout": 2000
    },
    {
      "uuid": "43615174-e3b7-473a-a683-5408a5ffc4a2",
      "title": "",
      "fullFile": "cypress\\e2e\\UI\\wpisywanie.js",
      "file": "cypress\\e2e\\UI\\wpisywanie.js",
      "beforeHooks": [],
      "afterHooks": [],
      "tests": [],
      "suites": [
        {
          "uuid": "fcb438f0-7749-4b94-bf40-6387979255c9",
          "title": "E2E - Akcja Wpisywania",
          "fullFile": "",
          "file": "",
          "beforeHooks": [],
          "afterHooks": [],
          "tests": [
            {
              "title": "Wpisywanie wartości",
              "fullTitle": "E2E - Akcja Wpisywania Wpisywanie wartości",
              "timedOut": null,
              "duration": 7088,
              "state": "passed",
              "speed": "medium",
              "pass": true,
              "fail": false,
              "pending": false,
              "context": null,
              "code": "cy.visit(\"/\");\n//cy.get(\"#search_query_top\").type(\"Przykładowy Produkt{backspace}\", {delay: 500})\ncy.searchPhrase(\"Nowy Tekst{backspace}\", 500);",
              "err": {},
              "uuid": "d8d2ee03-2faa-4bf8-9250-6708a7266da2",
              "parentUUID": "fcb438f0-7749-4b94-bf40-6387979255c9",
              "isHook": false,
              "skipped": false
            },
            {
              "title": "Czyszczenie wartości z pola",
              "fullTitle": "E2E - Akcja Wpisywania Czyszczenie wartości z pola",
              "timedOut": null,
              "duration": 1121,
              "state": "passed",
              "speed": "fast",
              "pass": true,
              "fail": false,
              "pending": false,
              "context": null,
              "code": "cy.visit(\"/\");\ncy.get(\"#search_query_top\").clear();",
              "err": {},
              "uuid": "4523cd0b-b059-4ff9-84c1-11b137aa4f61",
              "parentUUID": "fcb438f0-7749-4b94-bf40-6387979255c9",
              "isHook": false,
              "skipped": false
            }
          ],
          "suites": [],
          "passes": [
            "d8d2ee03-2faa-4bf8-9250-6708a7266da2",
            "4523cd0b-b059-4ff9-84c1-11b137aa4f61"
          ],
          "failures": [],
          "pending": [],
          "skipped": [],
          "duration": 8209,
          "root": false,
          "rootEmpty": false,
          "_timeout": 2000
        }
      ],
      "passes": [],
      "failures": [],
      "pending": [],
      "skipped": [],
      "duration": 0,
      "root": true,
      "rootEmpty": true,
      "_timeout": 2000
    },
    {
      "uuid": "f800c06d-e0d0-470e-bcbb-2ffcbc200464",
      "title": "",
      "fullFile": "cypress\\e2e\\lighthouse.js",
      "file": "cypress\\e2e\\lighthouse.js",
      "beforeHooks": [],
      "afterHooks": [],
      "tests": [],
      "suites": [
        {
          "uuid": "d7ef66fd-cddb-47db-8cf7-853784f4871a",
          "title": "Lighthouse Test",
          "fullFile": "",
          "file": "",
          "beforeHooks": [],
          "afterHooks": [],
          "tests": [
            {
              "title": "Pierwszy test Lighthouse",
              "fullTitle": "Lighthouse Test Pierwszy test Lighthouse",
              "timedOut": null,
              "duration": 1322,
              "state": "passed",
              "speed": "fast",
              "pass": true,
              "fail": false,
              "pending": false,
              "context": null,
              "code": "cy.visit('/');\ncy.lighthouse({\n  performance: 85,\n  accessibility: 100,\n  \"best-practices\": 85,\n  seo: 85,\n  pwa: 100\n});",
              "err": {},
              "uuid": "0b031e87-ef1a-4165-840a-cbb2f9202c08",
              "parentUUID": "d7ef66fd-cddb-47db-8cf7-853784f4871a",
              "isHook": false,
              "skipped": false
            }
          ],
          "suites": [],
          "passes": [
            "0b031e87-ef1a-4165-840a-cbb2f9202c08"
          ],
          "failures": [],
          "pending": [],
          "skipped": [],
          "duration": 1322,
          "root": false,
          "rootEmpty": false,
          "_timeout": 2000
        }
      ],
      "passes": [],
      "failures": [],
      "pending": [],
      "skipped": [],
      "duration": 0,
      "root": true,
      "rootEmpty": true,
      "_timeout": 2000
    },
    {
      "uuid": "a5c93725-a079-45e9-b422-e698b7a219ec",
      "title": "",
      "fullFile": "cypress\\e2e\\shadow.js",
      "file": "cypress\\e2e\\shadow.js",
      "beforeHooks": [],
      "afterHooks": [],
      "tests": [],
      "suites": [
        {
          "uuid": "42659a16-fc27-444e-b322-f384e5cc9874",
          "title": "E2E - Shadow Dom",
          "fullFile": "",
          "file": "",
          "beforeHooks": [],
          "afterHooks": [],
          "tests": [
            {
              "title": "Wykorzystanie metody Shadow",
              "fullTitle": "E2E - Shadow Dom Wykorzystanie metody Shadow",
              "timedOut": null,
              "duration": 1299,
              "state": "passed",
              "speed": "fast",
              "pass": true,
              "fail": false,
              "pending": false,
              "context": null,
              "code": "cy.visit(\"https://www.htmlelements.com/demos/menu/shadow-dom/index.htm\");\n// Jeśli include ShadowDom jest FALSE w Cypress.json to wtedy trzeba dodać shadow\n// cy.get(\".smart-ui-component\").shadow().contains(\"File\").click();\ncy.contains(\"File\").click();",
              "err": {},
              "uuid": "7dbc9122-94a7-4d76-bf19-dc8b0b414f10",
              "parentUUID": "42659a16-fc27-444e-b322-f384e5cc9874",
              "isHook": false,
              "skipped": false
            }
          ],
          "suites": [],
          "passes": [
            "7dbc9122-94a7-4d76-bf19-dc8b0b414f10"
          ],
          "failures": [],
          "pending": [],
          "skipped": [],
          "duration": 1299,
          "root": false,
          "rootEmpty": false,
          "_timeout": 2000
        }
      ],
      "passes": [],
      "failures": [],
      "pending": [],
      "skipped": [],
      "duration": 0,
      "root": true,
      "rootEmpty": true,
      "_timeout": 2000
    },
    {
      "uuid": "17d6e20c-e8f7-4401-9a77-7a74da4f9726",
      "title": "",
      "fullFile": "cypress\\e2e\\API\\drugiTestApi.js",
      "file": "cypress\\e2e\\API\\drugiTestApi.js",
      "beforeHooks": [],
      "afterHooks": [],
      "tests": [],
      "suites": [
        {
          "uuid": "d7cacc5d-5904-4cd6-bed1-3a38994c4259",
          "title": "E2E - Wykonywanie Zapytania Bezpośrednio do API",
          "fullFile": "",
          "file": "",
          "beforeHooks": [],
          "afterHooks": [],
          "tests": [
            {
              "title": "Autoryzacja + Dodawanie nowego artykułu",
              "fullTitle": "E2E - Wykonywanie Zapytania Bezpośrednio do API Autoryzacja + Dodawanie nowego artykułu",
              "timedOut": null,
              "duration": 807,
              "state": "passed",
              "speed": "fast",
              "pass": true,
              "fail": false,
              "pending": false,
              "context": null,
              "code": "//Ta albo druga metoda do randomowego tytułu\n// const uuid = () => Cypress._.random(0, 1e6)\n// const id = uuid()\n// const testname = `testname${id}`\nconst uniqueSeed = Date.now().toString();\n// const getUniqueId = () => Cypress._.uniqueId('Tytuł ' + uniqueSeed);\nconst daneAutoryzacja = {\n  \"user\": {\n    \"email\": \"mbanak265@gmail.com\",\n    \"password\": \"Suchykanal123\"\n  }\n};\nconst daneArtykułu = {\n  \"article\": {\n    \"tagList\": [],\n    \"title\": 'tytuł ' + uniqueSeed,\n    \"description\": \"test\",\n    \"body\": \"test\"\n  }\n};\ncy.request(\"POST\", 'https://api.realworld.io/api/users/login', daneAutoryzacja).its(\"body\").then(res => {\n  console.log(res);\n  const authToken = res.user.token;\n  cy.request({\n    method: \"POST\",\n    url: \"https://api.realworld.io/api/articles/\",\n    body: daneArtykułu,\n    headers: {\n      Authorization: 'Token ' + authToken\n    }\n  }).then(res => {\n    expect(res.status).to.equal(200);\n  });\n});",
              "err": {},
              "uuid": "18868183-6bb4-472b-a677-aca5ba809b2e",
              "parentUUID": "d7cacc5d-5904-4cd6-bed1-3a38994c4259",
              "isHook": false,
              "skipped": false
            }
          ],
          "suites": [],
          "passes": [
            "18868183-6bb4-472b-a677-aca5ba809b2e"
          ],
          "failures": [],
          "pending": [],
          "skipped": [],
          "duration": 807,
          "root": false,
          "rootEmpty": false,
          "_timeout": 2000
        }
      ],
      "passes": [],
      "failures": [],
      "pending": [],
      "skipped": [],
      "duration": 0,
      "root": true,
      "rootEmpty": true,
      "_timeout": 2000
    }
  ],
  "meta": {
    "mocha": {
      "version": "7.0.1"
    },
    "mochawesome": {
      "options": {
        "quiet": false,
        "reportFilename": "mochawesome",
        "saveHtml": false,
        "saveJson": true,
        "consoleReporter": "spec",
        "useInlineDiffs": false,
        "code": true
      },
      "version": "7.1.3"
    },
    "marge": {
      "options": {
        "id": "default",
        "reportDir": "cypress/results/mochawesome",
        "overwrite": false,
        "html": false,
        "json": true
      },
      "version": "6.2.0"
    }
  }
}