{
  "stats": {
    "suites": 1,
    "tests": 1,
    "passes": 1,
    "pending": 0,
    "failures": 0,
    "start": "2023-06-15T11:30:31.397Z",
    "end": "2023-06-15T11:30:33.327Z",
    "duration": 1930,
    "testsRegistered": 1,
    "passPercent": 100,
    "pendingPercent": 0,
    "other": 0,
    "hasOther": false,
    "skipped": 0,
    "hasSkipped": false
  },
  "results": [
    {
      "uuid": "a2922b3c-d738-4c88-b869-47a7c58ba3dd",
      "title": "",
      "fullFile": "cypress\\e2e\\UI\\klikniecie.js",
      "file": "cypress\\e2e\\UI\\klikniecie.js",
      "beforeHooks": [],
      "afterHooks": [],
      "tests": [],
      "suites": [
        {
          "uuid": "2a9c5e83-0682-4b2b-ac55-c3f3a70d9854",
          "title": "E2E - Akcje kliknięcia",
          "fullFile": "",
          "file": "",
          "beforeHooks": [],
          "afterHooks": [],
          "tests": [
            {
              "title": "Klikniecie na element",
              "fullTitle": "E2E - Akcje kliknięcia Klikniecie na element",
              "timedOut": null,
              "duration": 1896,
              "state": "passed",
              "speed": "fast",
              "pass": true,
              "fail": false,
              "pending": false,
              "context": null,
              "code": "cy.visit(\"/\");\ncy.contains('[title=\"Contact us\"]', 'Contact us').click();\ncy.get('[title=\"Return to Home\"]').click();",
              "err": {},
              "uuid": "a340b867-ee5a-4c24-b698-1aebffc73963",
              "parentUUID": "2a9c5e83-0682-4b2b-ac55-c3f3a70d9854",
              "isHook": false,
              "skipped": false
            }
          ],
          "suites": [],
          "passes": [
            "a340b867-ee5a-4c24-b698-1aebffc73963"
          ],
          "failures": [],
          "pending": [],
          "skipped": [],
          "duration": 1896,
          "root": false,
          "rootEmpty": false,
          "_timeout": 2000
        }
      ],
      "passes": [],
      "failures": [],
      "pending": [],
      "skipped": [],
      "duration": 0,
      "root": true,
      "rootEmpty": true,
      "_timeout": 2000
    }
  ],
  "meta": {
    "mocha": {
      "version": "7.0.1"
    },
    "mochawesome": {
      "options": {
        "quiet": false,
        "reportFilename": "mochawesome",
        "saveHtml": true,
        "saveJson": true,
        "consoleReporter": "spec",
        "useInlineDiffs": false,
        "code": true
      },
      "version": "7.1.3"
    },
    "marge": {
      "options": {
        "id": "default",
        "reportDir": "cypress/results/mochawesome",
        "overwrite": false,
        "html": true,
        "json": true
      },
      "version": "6.2.0"
    }
  }
}