{
  "stats": {
    "suites": 1,
    "tests": 1,
    "passes": 0,
    "pending": 0,
    "failures": 1,
    "start": "2023-06-12T19:57:25.482Z",
    "end": "2023-06-12T19:57:26.236Z",
    "duration": 754,
    "testsRegistered": 1,
    "passPercent": 0,
    "pendingPercent": 0,
    "other": 0,
    "hasOther": false,
    "skipped": 0,
    "hasSkipped": false
  },
  "results": [
    {
      "uuid": "155ef12d-3961-49ea-aefb-b130abac586d",
      "title": "",
      "fullFile": "cypress\\e2e\\UI\\zmienne.js",
      "file": "cypress\\e2e\\UI\\zmienne.js",
      "beforeHooks": [],
      "afterHooks": [],
      "tests": [],
      "suites": [
        {
          "uuid": "bccdf1f9-3de4-4ff7-ab83-ebb802bdf3b1",
          "title": "E2E - Zmienne",
          "fullFile": "",
          "file": "",
          "beforeHooks": [],
          "afterHooks": [],
          "tests": [
            {
              "title": "Zmienne Środowiskowe",
              "fullTitle": "E2E - Zmienne Zmienne Środowiskowe",
              "timedOut": null,
              "duration": 148,
              "state": "failed",
              "speed": null,
              "pass": false,
              "fail": true,
              "pending": false,
              "context": null,
              "code": "cy.visit(Cypress.env(\"url\"));",
              "err": {
                "message": "CypressError: `cy.visit()` must be called with a `url` or an `options` object containing a `url` as its 1st argument\n\nhttps://on.cypress.io/visit",
                "estack": "CypressError: `cy.visit()` must be called with a `url` or an `options` object containing a `url` as its 1st argument\n\nhttps://on.cypress.io/visit\n    at Context.visit (http://automationpractice.pl/__cypress/runner/cypress_runner.js:147300:78)\n    at wrapped (http://automationpractice.pl/__cypress/runner/cypress_runner.js:160610:43)\nFrom Your Spec Code:\n    at Context.eval (webpack:///./cypress/e2e/UI/zmienne.js:5:11)",
                "diff": null
              },
              "uuid": "b9034000-3400-4542-90dc-4239d52a1340",
              "parentUUID": "bccdf1f9-3de4-4ff7-ab83-ebb802bdf3b1",
              "isHook": false,
              "skipped": false
            }
          ],
          "suites": [],
          "passes": [],
          "failures": [
            "b9034000-3400-4542-90dc-4239d52a1340"
          ],
          "pending": [],
          "skipped": [],
          "duration": 148,
          "root": false,
          "rootEmpty": false,
          "_timeout": 2000
        }
      ],
      "passes": [],
      "failures": [],
      "pending": [],
      "skipped": [],
      "duration": 0,
      "root": true,
      "rootEmpty": true,
      "_timeout": 2000
    }
  ],
  "meta": {
    "mocha": {
      "version": "7.0.1"
    },
    "mochawesome": {
      "options": {
        "quiet": false,
        "reportFilename": "mochawesome",
        "saveHtml": false,
        "saveJson": true,
        "consoleReporter": "spec",
        "useInlineDiffs": false,
        "code": true
      },
      "version": "7.1.3"
    },
    "marge": {
      "options": {
        "id": "default",
        "reportDir": "cypress/results/mochawesome",
        "overwrite": false,
        "html": false,
        "json": true
      },
      "version": "6.2.0"
    }
  }
}