{
  "stats": {
    "suites": 1,
    "tests": 2,
    "passes": 2,
    "pending": 0,
    "failures": 0,
    "start": "2023-06-12T10:44:13.519Z",
    "end": "2023-06-12T10:44:15.242Z",
    "duration": 1723,
    "testsRegistered": 2,
    "passPercent": 100,
    "pendingPercent": 0,
    "other": 0,
    "hasOther": false,
    "skipped": 0,
    "hasSkipped": false
  },
  "results": [
    {
      "uuid": "11f7f0f0-9363-44ae-922e-dc10968a77e3",
      "title": "",
      "fullFile": "cypress/integration/UI/trigger.js",
      "file": "cypress/integration/UI/trigger.js",
      "beforeHooks": [],
      "afterHooks": [],
      "tests": [],
      "suites": [
        {
          "uuid": "04fca132-0d54-4350-a5eb-86c3bf89175f",
          "title": "E2E - Scrollowanie/Najechanie",
          "fullFile": "",
          "file": "",
          "beforeHooks": [],
          "afterHooks": [],
          "tests": [
            {
              "title": "Najechanie na element",
              "fullTitle": "E2E - Scrollowanie/Najechanie Najechanie na element",
              "timedOut": null,
              "duration": 1688,
              "state": "passed",
              "speed": "fast",
              "pass": true,
              "fail": false,
              "pending": false,
              "context": null,
              "code": "cy.visit(\"/\");\ncy.get('a[title=\"Dresses\"]').eq(1).trigger(\"focus\");\ncy.get('li.sfHover a[title=\"Summer Dresses\"]').click();",
              "err": {},
              "uuid": "ca7893b1-e8dc-4d00-abac-9348f9e58ca4",
              "parentUUID": "04fca132-0d54-4350-a5eb-86c3bf89175f",
              "isHook": false,
              "skipped": false
            },
            {
              "title": "Scrollowanie do boxa specials",
              "fullTitle": "E2E - Scrollowanie/Najechanie Scrollowanie do boxa specials",
              "timedOut": null,
              "duration": 18,
              "state": "passed",
              "speed": "fast",
              "pass": true,
              "fail": false,
              "pending": false,
              "context": null,
              "code": "cy.get('a[title=\"Specials\"]').scrollIntoView();",
              "err": {},
              "uuid": "b0a7f40a-f9f4-47e8-ac0f-a49abf5b79a0",
              "parentUUID": "04fca132-0d54-4350-a5eb-86c3bf89175f",
              "isHook": false,
              "skipped": false
            }
          ],
          "suites": [],
          "passes": [
            "ca7893b1-e8dc-4d00-abac-9348f9e58ca4",
            "b0a7f40a-f9f4-47e8-ac0f-a49abf5b79a0"
          ],
          "failures": [],
          "pending": [],
          "skipped": [],
          "duration": 1706,
          "root": false,
          "rootEmpty": false,
          "_timeout": 2000
        }
      ],
      "passes": [],
      "failures": [],
      "pending": [],
      "skipped": [],
      "duration": 0,
      "root": true,
      "rootEmpty": true,
      "_timeout": 2000
    }
  ],
  "meta": {
    "mocha": {
      "version": "7.0.1"
    },
    "mochawesome": {
      "options": {
        "quiet": false,
        "reportFilename": "mochawesome",
        "saveHtml": false,
        "saveJson": true,
        "consoleReporter": "spec",
        "useInlineDiffs": false,
        "code": true
      },
      "version": "7.1.3"
    },
    "marge": {
      "options": {
        "id": "default",
        "reportDir": "cypress/results/mochawesome",
        "overwrite": false,
        "html": false,
        "json": true
      },
      "version": "6.2.0"
    }
  }
}