{
  "stats": {
    "suites": 1,
    "tests": 1,
    "passes": 1,
    "pending": 0,
    "failures": 0,
    "start": "2023-06-15T11:37:23.778Z",
    "end": "2023-06-15T11:37:26.038Z",
    "duration": 2260,
    "testsRegistered": 1,
    "passPercent": 100,
    "pendingPercent": 0,
    "other": 0,
    "hasOther": false,
    "skipped": 0,
    "hasSkipped": false
  },
  "results": [
    {
      "uuid": "c811056e-d6e6-45b0-88c1-24dc64784d54",
      "title": "",
      "fullFile": "cypress\\e2e\\UI\\checkbox.js",
      "file": "cypress\\e2e\\UI\\checkbox.js",
      "beforeHooks": [],
      "afterHooks": [],
      "tests": [],
      "suites": [
        {
          "uuid": "fbf5d9db-39a7-4446-8ed1-0a567d39fbea",
          "title": "E2E - Akcje kliknięcia checkbox",
          "fullFile": "",
          "file": "",
          "beforeHooks": [],
          "afterHooks": [],
          "tests": [
            {
              "title": "Checkbox",
              "fullTitle": "E2E - Akcje kliknięcia checkbox Checkbox",
              "timedOut": null,
              "duration": 2220,
              "state": "passed",
              "speed": "fast",
              "pass": true,
              "fail": false,
              "pending": false,
              "context": null,
              "code": "cy.visit(\"/index.php?id_category=3&controller=category\");\n// Zaznaczanie pojedyńczych\ncy.get('#ul_layered_category_0').find(\"input\").then(checkbox => {\n  cy.get(checkbox).eq(0).check();\n  cy.get(checkbox).eq(1).check().invoke(\"prop\", \"checked\").then(checkboxStatus => {\n    cy.log(checkboxStatus);\n  });\n});\n// Zaznaczanie wszystkich\ncy.get('#ul_layered_id_attribute_group_1').find(\"input\").check();",
              "err": {},
              "uuid": "8935d1c8-f990-45f9-b595-5904801529f1",
              "parentUUID": "fbf5d9db-39a7-4446-8ed1-0a567d39fbea",
              "isHook": false,
              "skipped": false
            }
          ],
          "suites": [],
          "passes": [
            "8935d1c8-f990-45f9-b595-5904801529f1"
          ],
          "failures": [],
          "pending": [],
          "skipped": [],
          "duration": 2220,
          "root": false,
          "rootEmpty": false,
          "_timeout": 2000
        }
      ],
      "passes": [],
      "failures": [],
      "pending": [],
      "skipped": [],
      "duration": 0,
      "root": true,
      "rootEmpty": true,
      "_timeout": 2000
    }
  ],
  "meta": {
    "mocha": {
      "version": "7.0.1"
    },
    "mochawesome": {
      "options": {
        "quiet": false,
        "reportFilename": "mochawesome",
        "saveHtml": true,
        "saveJson": true,
        "consoleReporter": "spec",
        "useInlineDiffs": false,
        "code": true
      },
      "version": "7.1.3"
    },
    "marge": {
      "options": {
        "id": "default",
        "reportDir": "cypress/results/mochawesome",
        "overwrite": false,
        "html": true,
        "json": true
      },
      "version": "6.2.0"
    }
  }
}