{
  "stats": {
    "suites": 1,
    "tests": 2,
    "passes": 2,
    "pending": 0,
    "failures": 0,
    "start": "2023-06-12T19:55:59.468Z",
    "end": "2023-06-12T19:56:02.672Z",
    "duration": 3204,
    "testsRegistered": 2,
    "passPercent": 100,
    "pendingPercent": 0,
    "other": 0,
    "hasOther": false,
    "skipped": 0,
    "hasSkipped": false
  },
  "results": [
    {
      "uuid": "ce48a36a-da73-425b-887f-5af34f443e27",
      "title": "",
      "fullFile": "cypress\\e2e\\UI\\Lokalizatory.js",
      "file": "cypress\\e2e\\UI\\Lokalizatory.js",
      "beforeHooks": [],
      "afterHooks": [],
      "tests": [],
      "suites": [
        {
          "uuid": "7c731724-d130-475d-9e5e-f58fbecc92be",
          "title": "E2E - Lesson",
          "fullFile": "",
          "file": "",
          "beforeHooks": [],
          "afterHooks": [],
          "tests": [
            {
              "title": "Lokalizatory",
              "fullTitle": "E2E - Lesson Lokalizatory",
              "timedOut": null,
              "duration": 2350,
              "state": "passed",
              "speed": "fast",
              "pass": true,
              "fail": false,
              "pending": false,
              "context": null,
              "code": "cy.visit(\"/\");\n// Po znaczniku\ncy.get(\"a\");\n// Identyfikator\ncy.get(\"#search_query_top\");\n// Po klasie\ncy.get(\".form-control\");\n// Po atrybutach\ncy.get('[name=\"search_query\"]');\ncy.get('[placeholder=\"Search\"]');\n//Dokładniejszy atrybut wraz podaniem znacznika\ncy.get('input[placeholder=\"Search\"]');\n//Pobieranie elementów po kilku atrybutach\ncy.get('[src=\"http://automationpractice.pl/modules/themeconfigurator/img/banner-img7.jpg\"][width=\"381\"]');\n//Zalecana Praktyka pobierania elementów\n//cy.get('[data.cy=\"wyszukiwarla\"]')",
              "err": {},
              "uuid": "7c07439f-c871-4e80-bcf6-ac9195ba33d0",
              "parentUUID": "7c731724-d130-475d-9e5e-f58fbecc92be",
              "isHook": false,
              "skipped": false
            },
            {
              "title": "Lokalizatory część2",
              "fullTitle": "E2E - Lesson Lokalizatory część2",
              "timedOut": null,
              "duration": 786,
              "state": "passed",
              "speed": "fast",
              "pass": true,
              "fail": false,
              "pending": false,
              "context": null,
              "code": "cy.visit(\"/\");\ncy.contains(\"Shop now !\"); //< Szukanie po tekście\ncy.contains('[title=\"Contact us\"]', 'Contact us');\ncy.get(\"li\").parent(\"#home-page-tabs\").find(\"li\").eq(1);\ncy.get(\"li\").parent(\"#home-page-tabs\").find(\"li\").contains(\"Best Sellers\");",
              "err": {},
              "uuid": "09135709-5987-4879-a0e2-f5e2133e0764",
              "parentUUID": "7c731724-d130-475d-9e5e-f58fbecc92be",
              "isHook": false,
              "skipped": false
            }
          ],
          "suites": [],
          "passes": [
            "7c07439f-c871-4e80-bcf6-ac9195ba33d0",
            "09135709-5987-4879-a0e2-f5e2133e0764"
          ],
          "failures": [],
          "pending": [],
          "skipped": [],
          "duration": 3136,
          "root": false,
          "rootEmpty": false,
          "_timeout": 2000
        }
      ],
      "passes": [],
      "failures": [],
      "pending": [],
      "skipped": [],
      "duration": 0,
      "root": true,
      "rootEmpty": true,
      "_timeout": 2000
    }
  ],
  "meta": {
    "mocha": {
      "version": "7.0.1"
    },
    "mochawesome": {
      "options": {
        "quiet": false,
        "reportFilename": "mochawesome",
        "saveHtml": false,
        "saveJson": true,
        "consoleReporter": "spec",
        "useInlineDiffs": false,
        "code": true
      },
      "version": "7.1.3"
    },
    "marge": {
      "options": {
        "id": "default",
        "reportDir": "cypress/results/mochawesome",
        "overwrite": false,
        "html": false,
        "json": true
      },
      "version": "6.2.0"
    }
  }
}