{
  "stats": {
    "suites": 1,
    "tests": 1,
    "passes": 1,
    "pending": 0,
    "failures": 0,
    "start": "2023-06-12T20:21:54.290Z",
    "end": "2023-06-12T20:21:55.932Z",
    "duration": 1642,
    "testsRegistered": 1,
    "passPercent": 100,
    "pendingPercent": 0,
    "other": 0,
    "hasOther": false,
    "skipped": 0,
    "hasSkipped": false
  },
  "results": [
    {
      "uuid": "e078d84e-a438-4585-abe4-645bd7f828f2",
      "title": "",
      "fullFile": "cypress\\e2e\\UI\\customCommands.js",
      "file": "cypress\\e2e\\UI\\customCommands.js",
      "beforeHooks": [],
      "afterHooks": [],
      "tests": [],
      "suites": [
        {
          "uuid": "5f51d93f-710f-4df7-a7c5-ea67d9f0904e",
          "title": "E2E - CustomCommands",
          "fullFile": "",
          "file": "",
          "beforeHooks": [],
          "afterHooks": [],
          "tests": [
            {
              "title": "Przykład zastosowania komendy",
              "fullTitle": "E2E - CustomCommands Przykład zastosowania komendy",
              "timedOut": null,
              "duration": 1629,
              "state": "passed",
              "speed": "fast",
              "pass": true,
              "fail": false,
              "pending": false,
              "context": null,
              "code": "cy.openTshirtsTab();",
              "err": {},
              "uuid": "db4c077f-a9f0-40b7-8d40-058480786f79",
              "parentUUID": "5f51d93f-710f-4df7-a7c5-ea67d9f0904e",
              "isHook": false,
              "skipped": false
            }
          ],
          "suites": [],
          "passes": [
            "db4c077f-a9f0-40b7-8d40-058480786f79"
          ],
          "failures": [],
          "pending": [],
          "skipped": [],
          "duration": 1629,
          "root": false,
          "rootEmpty": false,
          "_timeout": 2000
        }
      ],
      "passes": [],
      "failures": [],
      "pending": [],
      "skipped": [],
      "duration": 0,
      "root": true,
      "rootEmpty": true,
      "_timeout": 2000
    }
  ],
  "meta": {
    "mocha": {
      "version": "7.0.1"
    },
    "mochawesome": {
      "options": {
        "quiet": false,
        "reportFilename": "mochawesome",
        "saveHtml": false,
        "saveJson": true,
        "consoleReporter": "spec",
        "useInlineDiffs": false,
        "code": true
      },
      "version": "7.1.3"
    },
    "marge": {
      "options": {
        "id": "default",
        "reportDir": "cypress/results/mochawesome",
        "overwrite": false,
        "html": false,
        "json": true
      },
      "version": "6.2.0"
    }
  }
}