{
  "stats": {
    "suites": 1,
    "tests": 1,
    "passes": 1,
    "pending": 0,
    "failures": 0,
    "start": "2023-06-15T11:36:58.435Z",
    "end": "2023-06-15T11:36:59.245Z",
    "duration": 810,
    "testsRegistered": 1,
    "passPercent": 100,
    "pendingPercent": 0,
    "other": 0,
    "hasOther": false,
    "skipped": 0,
    "hasSkipped": false
  },
  "results": [
    {
      "uuid": "cca0ff28-14aa-4c57-aa12-318ba7de095c",
      "title": "",
      "fullFile": "cypress\\e2e\\API\\drugiTestApi.js",
      "file": "cypress\\e2e\\API\\drugiTestApi.js",
      "beforeHooks": [],
      "afterHooks": [],
      "tests": [],
      "suites": [
        {
          "uuid": "3438b151-d013-46c3-a67b-d93505c87756",
          "title": "E2E - Wykonywanie Zapytania Bezpośrednio do API",
          "fullFile": "",
          "file": "",
          "beforeHooks": [],
          "afterHooks": [],
          "tests": [
            {
              "title": "Autoryzacja + Dodawanie nowego artykułu",
              "fullTitle": "E2E - Wykonywanie Zapytania Bezpośrednio do API Autoryzacja + Dodawanie nowego artykułu",
              "timedOut": null,
              "duration": 797,
              "state": "passed",
              "speed": "fast",
              "pass": true,
              "fail": false,
              "pending": false,
              "context": null,
              "code": "//Ta albo druga metoda do randomowego tytułu\n// const uuid = () => Cypress._.random(0, 1e6)\n// const id = uuid()\n// const testname = `testname${id}`\nconst uniqueSeed = Date.now().toString();\n// const getUniqueId = () => Cypress._.uniqueId('Tytuł ' + uniqueSeed);\nconst daneAutoryzacja = {\n  \"user\": {\n    \"email\": \"mbanak265@gmail.com\",\n    \"password\": \"Suchykanal123\"\n  }\n};\nconst daneArtykułu = {\n  \"article\": {\n    \"tagList\": [],\n    \"title\": 'tytuł ' + uniqueSeed,\n    \"description\": \"test\",\n    \"body\": \"test\"\n  }\n};\ncy.request(\"POST\", 'https://api.realworld.io/api/users/login', daneAutoryzacja).its(\"body\").then(res => {\n  console.log(res);\n  const authToken = res.user.token;\n  cy.request({\n    method: \"POST\",\n    url: \"https://api.realworld.io/api/articles/\",\n    body: daneArtykułu,\n    headers: {\n      Authorization: 'Token ' + authToken\n    }\n  }).then(res => {\n    expect(res.status).to.equal(200);\n  });\n});",
              "err": {},
              "uuid": "3bc80150-eea4-4b08-9e8c-052265d51188",
              "parentUUID": "3438b151-d013-46c3-a67b-d93505c87756",
              "isHook": false,
              "skipped": false
            }
          ],
          "suites": [],
          "passes": [
            "3bc80150-eea4-4b08-9e8c-052265d51188"
          ],
          "failures": [],
          "pending": [],
          "skipped": [],
          "duration": 797,
          "root": false,
          "rootEmpty": false,
          "_timeout": 2000
        }
      ],
      "passes": [],
      "failures": [],
      "pending": [],
      "skipped": [],
      "duration": 0,
      "root": true,
      "rootEmpty": true,
      "_timeout": 2000
    }
  ],
  "meta": {
    "mocha": {
      "version": "7.0.1"
    },
    "mochawesome": {
      "options": {
        "quiet": false,
        "reportFilename": "mochawesome",
        "saveHtml": true,
        "saveJson": true,
        "consoleReporter": "spec",
        "useInlineDiffs": false,
        "code": true
      },
      "version": "7.1.3"
    },
    "marge": {
      "options": {
        "id": "default",
        "reportDir": "cypress/results/mochawesome",
        "overwrite": false,
        "html": true,
        "json": true
      },
      "version": "6.2.0"
    }
  }
}