{
  "stats": {
    "suites": 1,
    "tests": 2,
    "passes": 2,
    "pending": 0,
    "failures": 0,
    "start": "2023-06-15T11:37:13.281Z",
    "end": "2023-06-15T11:37:16.556Z",
    "duration": 3275,
    "testsRegistered": 2,
    "passPercent": 100,
    "pendingPercent": 0,
    "other": 0,
    "hasOther": false,
    "skipped": 0,
    "hasSkipped": false
  },
  "results": [
    {
      "uuid": "2125a27d-a668-41f0-908d-3031623df48b",
      "title": "",
      "fullFile": "cypress\\e2e\\UI\\Lokalizatory.js",
      "file": "cypress\\e2e\\UI\\Lokalizatory.js",
      "beforeHooks": [],
      "afterHooks": [],
      "tests": [],
      "suites": [
        {
          "uuid": "6a59ccf2-cbd5-48c7-9ab5-d9e2858aac32",
          "title": "E2E - Lesson",
          "fullFile": "",
          "file": "",
          "beforeHooks": [],
          "afterHooks": [],
          "tests": [
            {
              "title": "Lokalizatory",
              "fullTitle": "E2E - Lesson Lokalizatory",
              "timedOut": null,
              "duration": 2608,
              "state": "passed",
              "speed": "fast",
              "pass": true,
              "fail": false,
              "pending": false,
              "context": null,
              "code": "cy.visit(\"/\");\n// Po znaczniku\ncy.get(\"a\");\n// Identyfikator\ncy.get(\"#search_query_top\");\n// Po klasie\ncy.get(\".form-control\");\n// Po atrybutach\ncy.get('[name=\"search_query\"]');\ncy.get('[placeholder=\"Search\"]');\n//Dokładniejszy atrybut wraz podaniem znacznika\ncy.get('input[placeholder=\"Search\"]');\n// //Pobieranie elementów po kilku atrybutach\n// cy.get('[src=\"http://automationpractice.pl/modules/themeconfigurator/img/banner-img7.jpg\"][width=\"381\"]')\n//Zalecana Praktyka pobierania elementów\n//cy.get('[data.cy=\"wyszukiwarla\"]')",
              "err": {},
              "uuid": "c8b17773-dccb-4a6c-8f12-f266e7e41d64",
              "parentUUID": "6a59ccf2-cbd5-48c7-9ab5-d9e2858aac32",
              "isHook": false,
              "skipped": false
            },
            {
              "title": "Lokalizatory część2",
              "fullTitle": "E2E - Lesson Lokalizatory część2",
              "timedOut": null,
              "duration": 622,
              "state": "passed",
              "speed": "fast",
              "pass": true,
              "fail": false,
              "pending": false,
              "context": null,
              "code": "cy.visit(\"/\");\ncy.contains(\"Shop now !\"); //< Szukanie po tekście\ncy.contains('[title=\"Contact us\"]', 'Contact us');\ncy.get(\"li\").parent(\"#home-page-tabs\").find(\"li\").eq(1);\ncy.get(\"li\").parent(\"#home-page-tabs\").find(\"li\").contains(\"Best Sellers\");",
              "err": {},
              "uuid": "d2de523e-c9ec-4a1a-a479-a7579f3828e1",
              "parentUUID": "6a59ccf2-cbd5-48c7-9ab5-d9e2858aac32",
              "isHook": false,
              "skipped": false
            }
          ],
          "suites": [],
          "passes": [
            "c8b17773-dccb-4a6c-8f12-f266e7e41d64",
            "d2de523e-c9ec-4a1a-a479-a7579f3828e1"
          ],
          "failures": [],
          "pending": [],
          "skipped": [],
          "duration": 3230,
          "root": false,
          "rootEmpty": false,
          "_timeout": 2000
        }
      ],
      "passes": [],
      "failures": [],
      "pending": [],
      "skipped": [],
      "duration": 0,
      "root": true,
      "rootEmpty": true,
      "_timeout": 2000
    }
  ],
  "meta": {
    "mocha": {
      "version": "7.0.1"
    },
    "mochawesome": {
      "options": {
        "quiet": false,
        "reportFilename": "mochawesome",
        "saveHtml": true,
        "saveJson": true,
        "consoleReporter": "spec",
        "useInlineDiffs": false,
        "code": true
      },
      "version": "7.1.3"
    },
    "marge": {
      "options": {
        "id": "default",
        "reportDir": "cypress/results/mochawesome",
        "overwrite": false,
        "html": true,
        "json": true
      },
      "version": "6.2.0"
    }
  }
}