{
  "stats": {
    "suites": 1,
    "tests": 1,
    "passes": 1,
    "pending": 0,
    "failures": 0,
    "start": "2023-06-12T10:35:53.281Z",
    "end": "2023-06-12T10:35:55.575Z",
    "duration": 2294,
    "testsRegistered": 1,
    "passPercent": 100,
    "pendingPercent": 0,
    "other": 0,
    "hasOther": false,
    "skipped": 0,
    "hasSkipped": false
  },
  "results": [
    {
      "uuid": "3d62330c-b6ac-44b6-a327-47c2e92a55d5",
      "title": "",
      "fullFile": "cypress/integration/UI/invoke.js",
      "file": "cypress/integration/UI/invoke.js",
      "beforeHooks": [],
      "afterHooks": [],
      "tests": [],
      "suites": [
        {
          "uuid": "f35c8ea1-b55d-48ad-af2f-4f935a93cbde",
          "title": "E2E - Metoda Invoke",
          "fullFile": "",
          "file": "",
          "beforeHooks": [],
          "afterHooks": [],
          "tests": [
            {
              "title": "Invoke",
              "fullTitle": "E2E - Metoda Invoke Invoke",
              "timedOut": null,
              "duration": 2277,
              "state": "passed",
              "speed": "fast",
              "pass": true,
              "fail": false,
              "pending": false,
              "context": null,
              "code": "cy.visit(\"/\"); //Pobieranie wartości z danego elementu\ncy.get('[title=\"Contact us\"]').invoke(\"text\").then(tekst => {\n  cy.log(tekst);\n}); // Uzyskanie dostępu do wartości atrybutu\ncy.get('[title=\"Contact us\"]').invoke(\"attr\", \"href\").then(link => {\n  cy.log(link);\n});\ncy.get('[title=\"Contact us\"]').invoke(\"attr\", \"title\").then(title => {\n  cy.log(title);\n}); // Pobieranie wartości value\ncy.get('#search_query_top').type(\"Przykładowa wartość\").invoke(\"prop\", \"value\").then(check => {\n  cy.log(check);\n});",
              "err": {},
              "uuid": "e24e7b0c-1660-4175-944d-7eb51ec5fd1f",
              "parentUUID": "f35c8ea1-b55d-48ad-af2f-4f935a93cbde",
              "isHook": false,
              "skipped": false
            }
          ],
          "suites": [],
          "passes": [
            "e24e7b0c-1660-4175-944d-7eb51ec5fd1f"
          ],
          "failures": [],
          "pending": [],
          "skipped": [],
          "duration": 2277,
          "root": false,
          "rootEmpty": false,
          "_timeout": 2000
        }
      ],
      "passes": [],
      "failures": [],
      "pending": [],
      "skipped": [],
      "duration": 0,
      "root": true,
      "rootEmpty": true,
      "_timeout": 2000
    }
  ],
  "meta": {
    "mocha": {
      "version": "7.0.1"
    },
    "mochawesome": {
      "options": {
        "quiet": false,
        "reportFilename": "mochawesome",
        "saveHtml": false,
        "saveJson": true,
        "consoleReporter": "spec",
        "useInlineDiffs": false,
        "code": true
      },
      "version": "7.1.3"
    },
    "marge": {
      "options": {
        "id": "default",
        "reportDir": "cypress/results/mochawesome",
        "overwrite": false,
        "html": false,
        "json": true
      },
      "version": "6.2.0"
    }
  }
}