{
  "stats": {
    "suites": 1,
    "tests": 1,
    "passes": 1,
    "pending": 0,
    "failures": 0,
    "start": "2023-06-12T10:39:40.166Z",
    "end": "2023-06-12T10:39:40.974Z",
    "duration": 808,
    "testsRegistered": 1,
    "passPercent": 100,
    "pendingPercent": 0,
    "other": 0,
    "hasOther": false,
    "skipped": 0,
    "hasSkipped": false
  },
  "results": [
    {
      "uuid": "64e0b71f-70ed-499a-86e7-0538a3512118",
      "title": "",
      "fullFile": "cypress/integration/UI/wgrywaniePliku.js",
      "file": "cypress/integration/UI/wgrywaniePliku.js",
      "beforeHooks": [],
      "afterHooks": [],
      "tests": [],
      "suites": [
        {
          "uuid": "1e7fa244-e829-4f74-bcb0-497d4c3e8a83",
          "title": "E2E - Wgrywanie Pliku",
          "fullFile": "",
          "file": "",
          "beforeHooks": [],
          "afterHooks": [],
          "tests": [
            {
              "title": "Wgrywanie Pliku do Inputa",
              "fullTitle": "E2E - Wgrywanie Pliku Wgrywanie Pliku do Inputa",
              "timedOut": null,
              "duration": 783,
              "state": "passed",
              "speed": "fast",
              "pass": true,
              "fail": false,
              "pending": false,
              "context": null,
              "code": "cy.visit(\"/index.php?controller=contact\");\ncy.get('#fileUpload').attachFile(\"../fixtures/kotek.jpg\");\ncy.get('span.filename').should('contain', \"kotek.jpg\");",
              "err": {},
              "uuid": "8bf93479-20ea-4aae-aebb-fcbba70f781f",
              "parentUUID": "1e7fa244-e829-4f74-bcb0-497d4c3e8a83",
              "isHook": false,
              "skipped": false
            }
          ],
          "suites": [],
          "passes": [
            "8bf93479-20ea-4aae-aebb-fcbba70f781f"
          ],
          "failures": [],
          "pending": [],
          "skipped": [],
          "duration": 783,
          "root": false,
          "rootEmpty": false,
          "_timeout": 2000
        }
      ],
      "passes": [],
      "failures": [],
      "pending": [],
      "skipped": [],
      "duration": 0,
      "root": true,
      "rootEmpty": true,
      "_timeout": 2000
    }
  ],
  "meta": {
    "mocha": {
      "version": "7.0.1"
    },
    "mochawesome": {
      "options": {
        "quiet": false,
        "reportFilename": "mochawesome",
        "saveHtml": false,
        "saveJson": true,
        "consoleReporter": "spec",
        "useInlineDiffs": false,
        "code": true
      },
      "version": "7.1.3"
    },
    "marge": {
      "options": {
        "id": "default",
        "reportDir": "cypress/results/mochawesome",
        "overwrite": false,
        "html": false,
        "json": true
      },
      "version": "6.2.0"
    }
  }
}