{
  "stats": {
    "suites": 1,
    "tests": 1,
    "passes": 1,
    "pending": 0,
    "failures": 0,
    "start": "2023-06-12T10:43:35.003Z",
    "end": "2023-06-12T10:43:36.358Z",
    "duration": 1355,
    "testsRegistered": 1,
    "passPercent": 100,
    "pendingPercent": 0,
    "other": 0,
    "hasOther": false,
    "skipped": 0,
    "hasSkipped": false
  },
  "results": [
    {
      "uuid": "d87af365-4888-4b3d-aa49-93e632de937c",
      "title": "",
      "fullFile": "cypress/integration/UI/asercje.js",
      "file": "cypress/integration/UI/asercje.js",
      "beforeHooks": [],
      "afterHooks": [],
      "tests": [],
      "suites": [
        {
          "uuid": "b46ae637-36c0-4fda-ba77-d914c16eb474",
          "title": "E2E - Asercje",
          "fullFile": "",
          "file": "",
          "beforeHooks": [],
          "afterHooks": [],
          "tests": [
            {
              "title": "Asercje expect oraz should",
              "fullTitle": "E2E - Asercje Asercje expect oraz should",
              "timedOut": null,
              "duration": 1273,
              "state": "passed",
              "speed": "fast",
              "pass": true,
              "fail": false,
              "pending": false,
              "context": null,
              "code": "cy.visit(\"/\"); //Weryfikacja tekstu\ncy.get('a[title=\"Contact us\"]').should(\"contain\", \"Contact us\");\ncy.get('a[title=\"Contact us\"]').then(zakladka => {\n  expect(zakladka).to.contain(\"Contact us\");\n}); // Sprawdzenie czy nie zawiera tekstu\ncy.get('a[title=\"Contact us\"]').should(\"not.contain\", \"test\");\ncy.get('a[title=\"Contact us\"]').then(zakladka => {\n  expect(zakladka).not.to.contain(\"test\");\n}); //Weryfikacja czy znacznik posiada klase\ncy.get('#search_query_top').should(\"have.class\", \"search_query form-control ac_input\");\ncy.get('#search_query_top').then(searchbox => {\n  expect(searchbox).have.class(\"search_query form-control ac_input\");\n}); //Czy element jest widoczny\ncy.get('#search_query_top').should(\"be.visible\");\ncy.get('#search_query_top').then(searchbox => {\n  expect(searchbox).to.be.visible;\n}); //Weryfikacja ilości pobranych elementów\ncy.get(\"ul.sf-menu\").find(\"li\").should(\"have.length\", 16);\ncy.get(\"ul.sf-menu\").find(\"li\").then(zakladki => {\n  expect(zakladki).have.length(16);\n}); //Weryfikacja wartości css danego elementu\ncy.get('#search_query_top').should(\"have.css\", \"line-height\", \"18.5714px\");\ncy.get('#search_query_top').then(wyszukiwarka => {\n  expect(wyszukiwarka).have.css(\"line-height\", \"18.5714px\");\n});",
              "err": {},
              "uuid": "b72d79b9-2b75-4856-a179-df0687e109ad",
              "parentUUID": "b46ae637-36c0-4fda-ba77-d914c16eb474",
              "isHook": false,
              "skipped": false
            }
          ],
          "suites": [],
          "passes": [
            "b72d79b9-2b75-4856-a179-df0687e109ad"
          ],
          "failures": [],
          "pending": [],
          "skipped": [],
          "duration": 1273,
          "root": false,
          "rootEmpty": false,
          "_timeout": 2000
        }
      ],
      "passes": [],
      "failures": [],
      "pending": [],
      "skipped": [],
      "duration": 0,
      "root": true,
      "rootEmpty": true,
      "_timeout": 2000
    }
  ],
  "meta": {
    "mocha": {
      "version": "7.0.1"
    },
    "mochawesome": {
      "options": {
        "quiet": false,
        "reportFilename": "mochawesome",
        "saveHtml": false,
        "saveJson": true,
        "consoleReporter": "spec",
        "useInlineDiffs": false,
        "code": true
      },
      "version": "7.1.3"
    },
    "marge": {
      "options": {
        "id": "default",
        "reportDir": "cypress/results/mochawesome",
        "overwrite": false,
        "html": false,
        "json": true
      },
      "version": "6.2.0"
    }
  }
}