{
  "stats": {
    "suites": 1,
    "tests": 1,
    "passes": 1,
    "pending": 0,
    "failures": 0,
    "start": "2023-06-12T10:35:57.947Z",
    "end": "2023-06-12T10:35:59.630Z",
    "duration": 1683,
    "testsRegistered": 1,
    "passPercent": 100,
    "pendingPercent": 0,
    "other": 0,
    "hasOther": false,
    "skipped": 0,
    "hasSkipped": false
  },
  "results": [
    {
      "uuid": "d6907b2e-2d83-47fb-91af-f08cea770a20",
      "title": "",
      "fullFile": "cypress/integration/UI/klikniecie.js",
      "file": "cypress/integration/UI/klikniecie.js",
      "beforeHooks": [],
      "afterHooks": [],
      "tests": [],
      "suites": [
        {
          "uuid": "1050dbbd-102a-4a47-b51a-15aa3a01b1e4",
          "title": "E2E - Akcje kliknięcia",
          "fullFile": "",
          "file": "",
          "beforeHooks": [],
          "afterHooks": [],
          "tests": [
            {
              "title": "Klikniecie na element",
              "fullTitle": "E2E - Akcje kliknięcia Klikniecie na element",
              "timedOut": null,
              "duration": 1652,
              "state": "passed",
              "speed": "fast",
              "pass": true,
              "fail": false,
              "pending": false,
              "context": null,
              "code": "cy.visit(\"/\");\ncy.contains('[title=\"Contact us\"]', 'Contact us').click();\ncy.get('[title=\"Return to Home\"]').click();",
              "err": {},
              "uuid": "8c052cec-0b09-4148-a011-c0fcd3c10c32",
              "parentUUID": "1050dbbd-102a-4a47-b51a-15aa3a01b1e4",
              "isHook": false,
              "skipped": false
            }
          ],
          "suites": [],
          "passes": [
            "8c052cec-0b09-4148-a011-c0fcd3c10c32"
          ],
          "failures": [],
          "pending": [],
          "skipped": [],
          "duration": 1652,
          "root": false,
          "rootEmpty": false,
          "_timeout": 2000
        }
      ],
      "passes": [],
      "failures": [],
      "pending": [],
      "skipped": [],
      "duration": 0,
      "root": true,
      "rootEmpty": true,
      "_timeout": 2000
    }
  ],
  "meta": {
    "mocha": {
      "version": "7.0.1"
    },
    "mochawesome": {
      "options": {
        "quiet": false,
        "reportFilename": "mochawesome",
        "saveHtml": false,
        "saveJson": true,
        "consoleReporter": "spec",
        "useInlineDiffs": false,
        "code": true
      },
      "version": "7.1.3"
    },
    "marge": {
      "options": {
        "id": "default",
        "reportDir": "cypress/results/mochawesome",
        "overwrite": false,
        "html": false,
        "json": true
      },
      "version": "6.2.0"
    }
  }
}