{
  "stats": {
    "suites": 1,
    "tests": 2,
    "passes": 2,
    "pending": 0,
    "failures": 0,
    "start": "2023-06-12T10:43:26.328Z",
    "end": "2023-06-12T10:43:29.467Z",
    "duration": 3139,
    "testsRegistered": 2,
    "passPercent": 100,
    "pendingPercent": 0,
    "other": 0,
    "hasOther": false,
    "skipped": 0,
    "hasSkipped": false
  },
  "results": [
    {
      "uuid": "e5168b93-09eb-4cf4-b78e-af5e23f42dd7",
      "title": "",
      "fullFile": "cypress/integration/UI/Lokalizatory.js",
      "file": "cypress/integration/UI/Lokalizatory.js",
      "beforeHooks": [],
      "afterHooks": [],
      "tests": [],
      "suites": [
        {
          "uuid": "0faa2b2a-0bd7-40c3-8bc6-0eb50a40de7c",
          "title": "E2E - Lesson",
          "fullFile": "",
          "file": "",
          "beforeHooks": [],
          "afterHooks": [],
          "tests": [
            {
              "title": "Lokalizatory",
              "fullTitle": "E2E - Lesson Lokalizatory",
              "timedOut": null,
              "duration": 2458,
              "state": "passed",
              "speed": "fast",
              "pass": true,
              "fail": false,
              "pending": false,
              "context": null,
              "code": "cy.visit(\"/\"); // Po znaczniku\ncy.get(\"a\"); // Identyfikator\ncy.get(\"#search_query_top\"); // Po klasie\ncy.get(\".form-control\"); // Po atrybutach\ncy.get('[name=\"search_query\"]');\ncy.get('[placeholder=\"Search\"]'); //Dokładniejszy atrybut wraz podaniem znacznika\ncy.get('input[placeholder=\"Search\"]'); //Pobieranie elementów po kilku atrybutach\ncy.get('[src=\"http://automationpractice.pl/modules/themeconfigurator/img/banner-img7.jpg\"][width=\"381\"]'); //Zalecana Praktyka pobierania elementów\n//cy.get('[data.cy=\"wyszukiwarla\"]')",
              "err": {},
              "uuid": "243ae7dd-bba8-4c93-ab27-9520d4c02107",
              "parentUUID": "0faa2b2a-0bd7-40c3-8bc6-0eb50a40de7c",
              "isHook": false,
              "skipped": false
            },
            {
              "title": "Lokalizatory część2",
              "fullTitle": "E2E - Lesson Lokalizatory część2",
              "timedOut": null,
              "duration": 631,
              "state": "passed",
              "speed": "fast",
              "pass": true,
              "fail": false,
              "pending": false,
              "context": null,
              "code": "cy.visit(\"/\");\ncy.contains(\"Shop now !\"); //< Szukanie po tekście\ncy.contains('[title=\"Contact us\"]', 'Contact us');\ncy.get(\"li\").parent(\"#home-page-tabs\").find(\"li\").eq(1);\ncy.get(\"li\").parent(\"#home-page-tabs\").find(\"li\").contains(\"Best Sellers\");",
              "err": {},
              "uuid": "55df3fbb-8510-45c1-a2ff-244631e7e014",
              "parentUUID": "0faa2b2a-0bd7-40c3-8bc6-0eb50a40de7c",
              "isHook": false,
              "skipped": false
            }
          ],
          "suites": [],
          "passes": [
            "243ae7dd-bba8-4c93-ab27-9520d4c02107",
            "55df3fbb-8510-45c1-a2ff-244631e7e014"
          ],
          "failures": [],
          "pending": [],
          "skipped": [],
          "duration": 3089,
          "root": false,
          "rootEmpty": false,
          "_timeout": 2000
        }
      ],
      "passes": [],
      "failures": [],
      "pending": [],
      "skipped": [],
      "duration": 0,
      "root": true,
      "rootEmpty": true,
      "_timeout": 2000
    }
  ],
  "meta": {
    "mocha": {
      "version": "7.0.1"
    },
    "mochawesome": {
      "options": {
        "quiet": false,
        "reportFilename": "mochawesome",
        "saveHtml": false,
        "saveJson": true,
        "consoleReporter": "spec",
        "useInlineDiffs": false,
        "code": true
      },
      "version": "7.1.3"
    },
    "marge": {
      "options": {
        "id": "default",
        "reportDir": "cypress/results/mochawesome",
        "overwrite": false,
        "html": false,
        "json": true
      },
      "version": "6.2.0"
    }
  }
}