{
  "stats": {
    "suites": 1,
    "tests": 1,
    "passes": 1,
    "pending": 0,
    "failures": 0,
    "start": "2023-06-14T13:39:14.477Z",
    "end": "2023-06-14T13:39:15.712Z",
    "duration": 1235,
    "testsRegistered": 1,
    "passPercent": 100,
    "pendingPercent": 0,
    "other": 0,
    "hasOther": false,
    "skipped": 0,
    "hasSkipped": false
  },
  "results": [
    {
      "uuid": "fa3b3a83-24c5-408a-ad11-23a42a03728a",
      "title": "",
      "fullFile": "cypress\\e2e\\UI\\wgrywaniePliku.js",
      "file": "cypress\\e2e\\UI\\wgrywaniePliku.js",
      "beforeHooks": [],
      "afterHooks": [],
      "tests": [],
      "suites": [
        {
          "uuid": "d165c4fe-9af7-4bc8-92ea-9604a21f31fe",
          "title": "E2E - Wgrywanie Pliku",
          "fullFile": "",
          "file": "",
          "beforeHooks": [],
          "afterHooks": [],
          "tests": [
            {
              "title": "Wgrywanie Pliku do Inputa",
              "fullTitle": "E2E - Wgrywanie Pliku Wgrywanie Pliku do Inputa",
              "timedOut": null,
              "duration": 1191,
              "state": "passed",
              "speed": "fast",
              "pass": true,
              "fail": false,
              "pending": false,
              "context": null,
              "code": "cy.visit(\"/index.php?controller=contact\");\ncy.get('#fileUpload').attachFile(\"../fixtures/kotek.jpg\");\ncy.get('span.filename').should('contain', \"kotek.jpg\");",
              "err": {},
              "uuid": "fd86a0ac-eafa-406b-b025-57ddee40a2d8",
              "parentUUID": "d165c4fe-9af7-4bc8-92ea-9604a21f31fe",
              "isHook": false,
              "skipped": false
            }
          ],
          "suites": [],
          "passes": [
            "fd86a0ac-eafa-406b-b025-57ddee40a2d8"
          ],
          "failures": [],
          "pending": [],
          "skipped": [],
          "duration": 1191,
          "root": false,
          "rootEmpty": false,
          "_timeout": 2000
        }
      ],
      "passes": [],
      "failures": [],
      "pending": [],
      "skipped": [],
      "duration": 0,
      "root": true,
      "rootEmpty": true,
      "_timeout": 2000
    }
  ],
  "meta": {
    "mocha": {
      "version": "7.0.1"
    },
    "mochawesome": {
      "options": {
        "quiet": false,
        "reportFilename": "mochawesome",
        "saveHtml": false,
        "saveJson": true,
        "consoleReporter": "spec",
        "useInlineDiffs": false,
        "code": true
      },
      "version": "7.1.3"
    },
    "marge": {
      "options": {
        "id": "default",
        "reportDir": "cypress/results/mochawesome",
        "overwrite": false,
        "html": false,
        "json": true
      },
      "version": "6.2.0"
    }
  }
}