{
  "stats": {
    "suites": 1,
    "tests": 1,
    "passes": 1,
    "pending": 0,
    "failures": 0,
    "start": "2023-06-12T20:18:17.698Z",
    "end": "2023-06-12T20:18:21.706Z",
    "duration": 4008,
    "testsRegistered": 1,
    "passPercent": 100,
    "pendingPercent": 0,
    "other": 0,
    "hasOther": false,
    "skipped": 0,
    "hasSkipped": false
  },
  "results": [
    {
      "uuid": "f9b1e040-4004-49ee-b0ab-38d39768ee8e",
      "title": "",
      "fullFile": "cypress\\e2e\\shadow.js",
      "file": "cypress\\e2e\\shadow.js",
      "beforeHooks": [],
      "afterHooks": [],
      "tests": [],
      "suites": [
        {
          "uuid": "4c95b9d0-a643-4065-bc58-a53bf6c4c43b",
          "title": "E2E - Shadow Dom",
          "fullFile": "",
          "file": "",
          "beforeHooks": [],
          "afterHooks": [],
          "tests": [
            {
              "title": "Wykorzystanie metody Shadow",
              "fullTitle": "E2E - Shadow Dom Wykorzystanie metody Shadow",
              "timedOut": null,
              "duration": 1627,
              "state": "passed",
              "speed": "fast",
              "pass": true,
              "fail": false,
              "pending": false,
              "context": null,
              "code": "cy.visit(\"https://www.htmlelements.com/demos/menu/shadow-dom/index.htm\");\n// Jeśli include ShadowDom jest FALSE w Cypress.json to wtedy trzeba dodać shadow\n// cy.get(\".smart-ui-component\").shadow().contains(\"File\").click();\ncy.contains(\"File\").click();",
              "err": {},
              "uuid": "4b11cef2-a815-496a-acb3-8ee6eda0d4ff",
              "parentUUID": "4c95b9d0-a643-4065-bc58-a53bf6c4c43b",
              "isHook": false,
              "skipped": false
            }
          ],
          "suites": [],
          "passes": [
            "4b11cef2-a815-496a-acb3-8ee6eda0d4ff"
          ],
          "failures": [],
          "pending": [],
          "skipped": [],
          "duration": 1627,
          "root": false,
          "rootEmpty": false,
          "_timeout": 2000
        }
      ],
      "passes": [],
      "failures": [],
      "pending": [],
      "skipped": [],
      "duration": 0,
      "root": true,
      "rootEmpty": true,
      "_timeout": 2000
    }
  ],
  "meta": {
    "mocha": {
      "version": "7.0.1"
    },
    "mochawesome": {
      "options": {
        "quiet": false,
        "reportFilename": "mochawesome",
        "saveHtml": false,
        "saveJson": true,
        "consoleReporter": "spec",
        "useInlineDiffs": false,
        "code": true
      },
      "version": "7.1.3"
    },
    "marge": {
      "options": {
        "id": "default",
        "reportDir": "cypress/results/mochawesome",
        "overwrite": false,
        "html": false,
        "json": true
      },
      "version": "6.2.0"
    }
  }
}