{
  "stats": {
    "suites": 1,
    "tests": 1,
    "passes": 1,
    "pending": 0,
    "failures": 0,
    "start": "2023-06-15T11:30:54.560Z",
    "end": "2023-06-15T11:30:55.841Z",
    "duration": 1281,
    "testsRegistered": 1,
    "passPercent": 100,
    "pendingPercent": 0,
    "other": 0,
    "hasOther": false,
    "skipped": 0,
    "hasSkipped": false
  },
  "results": [
    {
      "uuid": "869e408c-24d0-4a6d-bf4c-8e22aee3c24f",
      "title": "",
      "fullFile": "cypress\\e2e\\UI\\wgrywaniePliku.js",
      "file": "cypress\\e2e\\UI\\wgrywaniePliku.js",
      "beforeHooks": [],
      "afterHooks": [],
      "tests": [],
      "suites": [
        {
          "uuid": "d7c1a316-0fbc-43f2-b6f9-ea9501baed55",
          "title": "E2E - Wgrywanie Pliku",
          "fullFile": "",
          "file": "",
          "beforeHooks": [],
          "afterHooks": [],
          "tests": [
            {
              "title": "Wgrywanie Pliku do Inputa",
              "fullTitle": "E2E - Wgrywanie Pliku Wgrywanie Pliku do Inputa",
              "timedOut": null,
              "duration": 1247,
              "state": "passed",
              "speed": "fast",
              "pass": true,
              "fail": false,
              "pending": false,
              "context": null,
              "code": "cy.visit(\"/index.php?controller=contact\");\ncy.get('#fileUpload').attachFile(\"../fixtures/kotek.jpg\");\ncy.get('span.filename').should('contain', \"kotek.jpg\");",
              "err": {},
              "uuid": "6ec61859-7232-4286-8026-6368d16ced86",
              "parentUUID": "d7c1a316-0fbc-43f2-b6f9-ea9501baed55",
              "isHook": false,
              "skipped": false
            }
          ],
          "suites": [],
          "passes": [
            "6ec61859-7232-4286-8026-6368d16ced86"
          ],
          "failures": [],
          "pending": [],
          "skipped": [],
          "duration": 1247,
          "root": false,
          "rootEmpty": false,
          "_timeout": 2000
        }
      ],
      "passes": [],
      "failures": [],
      "pending": [],
      "skipped": [],
      "duration": 0,
      "root": true,
      "rootEmpty": true,
      "_timeout": 2000
    }
  ],
  "meta": {
    "mocha": {
      "version": "7.0.1"
    },
    "mochawesome": {
      "options": {
        "quiet": false,
        "reportFilename": "mochawesome",
        "saveHtml": true,
        "saveJson": true,
        "consoleReporter": "spec",
        "useInlineDiffs": false,
        "code": true
      },
      "version": "7.1.3"
    },
    "marge": {
      "options": {
        "id": "default",
        "reportDir": "cypress/results/mochawesome",
        "overwrite": false,
        "html": true,
        "json": true
      },
      "version": "6.2.0"
    }
  }
}