{
  "stats": {
    "suites": 1,
    "tests": 1,
    "passes": 1,
    "pending": 0,
    "failures": 0,
    "start": "2023-06-12T19:56:27.815Z",
    "end": "2023-06-12T19:56:30.232Z",
    "duration": 2417,
    "testsRegistered": 1,
    "passPercent": 100,
    "pendingPercent": 0,
    "other": 0,
    "hasOther": false,
    "skipped": 0,
    "hasSkipped": false
  },
  "results": [
    {
      "uuid": "cc721c73-5103-4599-a06d-ce4b9d7bc235",
      "title": "",
      "fullFile": "cypress\\e2e\\UI\\invoke.js",
      "file": "cypress\\e2e\\UI\\invoke.js",
      "beforeHooks": [],
      "afterHooks": [],
      "tests": [],
      "suites": [
        {
          "uuid": "6ca7591b-6fc8-4b88-8ab3-6b90a90c86c8",
          "title": "E2E - Metoda Invoke",
          "fullFile": "",
          "file": "",
          "beforeHooks": [],
          "afterHooks": [],
          "tests": [
            {
              "title": "Invoke",
              "fullTitle": "E2E - Metoda Invoke Invoke",
              "timedOut": null,
              "duration": 2379,
              "state": "passed",
              "speed": "fast",
              "pass": true,
              "fail": false,
              "pending": false,
              "context": null,
              "code": "cy.visit(\"/\");\n//Pobieranie wartości z danego elementu\ncy.get('[title=\"Contact us\"]').invoke(\"text\").then(tekst => {\n  cy.log(tekst);\n});\n// Uzyskanie dostępu do wartości atrybutu\ncy.get('[title=\"Contact us\"]').invoke(\"attr\", \"href\").then(link => {\n  cy.log(link);\n});\ncy.get('[title=\"Contact us\"]').invoke(\"attr\", \"title\").then(title => {\n  cy.log(title);\n});\n// Pobieranie wartości value\ncy.get('#search_query_top').type(\"Przykładowa wartość\").invoke(\"prop\", \"value\").then(check => {\n  cy.log(check);\n});",
              "err": {},
              "uuid": "cba60a10-00f4-4060-836d-f0db8c7e04ce",
              "parentUUID": "6ca7591b-6fc8-4b88-8ab3-6b90a90c86c8",
              "isHook": false,
              "skipped": false
            }
          ],
          "suites": [],
          "passes": [
            "cba60a10-00f4-4060-836d-f0db8c7e04ce"
          ],
          "failures": [],
          "pending": [],
          "skipped": [],
          "duration": 2379,
          "root": false,
          "rootEmpty": false,
          "_timeout": 2000
        }
      ],
      "passes": [],
      "failures": [],
      "pending": [],
      "skipped": [],
      "duration": 0,
      "root": true,
      "rootEmpty": true,
      "_timeout": 2000
    }
  ],
  "meta": {
    "mocha": {
      "version": "7.0.1"
    },
    "mochawesome": {
      "options": {
        "quiet": false,
        "reportFilename": "mochawesome",
        "saveHtml": false,
        "saveJson": true,
        "consoleReporter": "spec",
        "useInlineDiffs": false,
        "code": true
      },
      "version": "7.1.3"
    },
    "marge": {
      "options": {
        "id": "default",
        "reportDir": "cypress/results/mochawesome",
        "overwrite": false,
        "html": false,
        "json": true
      },
      "version": "6.2.0"
    }
  }
}