{
  "stats": {
    "suites": 1,
    "tests": 1,
    "passes": 1,
    "pending": 0,
    "failures": 0,
    "start": "2023-06-12T09:51:44.099Z",
    "end": "2023-06-12T09:51:48.682Z",
    "duration": 4583,
    "testsRegistered": 1,
    "passPercent": 100,
    "pendingPercent": 0,
    "other": 0,
    "hasOther": false,
    "skipped": 0,
    "hasSkipped": false
  },
  "results": [
    {
      "uuid": "93c01917-9683-4749-a8e0-784e6e003468",
      "title": "",
      "fullFile": "cypress/integration/UI/klikniecie.js",
      "file": "cypress/integration/UI/klikniecie.js",
      "beforeHooks": [],
      "afterHooks": [],
      "tests": [],
      "suites": [
        {
          "uuid": "348a3b15-6a09-4960-973e-3b5b6d07974b",
          "title": "E2E - Akcje kliknięcia",
          "fullFile": "",
          "file": "",
          "beforeHooks": [],
          "afterHooks": [],
          "tests": [
            {
              "title": "Klikniecie na element",
              "fullTitle": "E2E - Akcje kliknięcia Klikniecie na element",
              "timedOut": null,
              "duration": 4567,
              "state": "passed",
              "speed": "fast",
              "pass": true,
              "fail": false,
              "pending": false,
              "context": null,
              "code": "cy.visit(\"/\");\ncy.contains('[title=\"Contact us\"]', 'Contact us').click();\ncy.get('[title=\"Return to Home\"]').click();",
              "err": {},
              "uuid": "76b49e63-bab8-43ca-8156-dc3eb9cee3e2",
              "parentUUID": "348a3b15-6a09-4960-973e-3b5b6d07974b",
              "isHook": false,
              "skipped": false
            }
          ],
          "suites": [],
          "passes": [
            "76b49e63-bab8-43ca-8156-dc3eb9cee3e2"
          ],
          "failures": [],
          "pending": [],
          "skipped": [],
          "duration": 4567,
          "root": false,
          "rootEmpty": false,
          "_timeout": 2000
        }
      ],
      "passes": [],
      "failures": [],
      "pending": [],
      "skipped": [],
      "duration": 0,
      "root": true,
      "rootEmpty": true,
      "_timeout": 2000
    }
  ],
  "meta": {
    "mocha": {
      "version": "7.0.1"
    },
    "mochawesome": {
      "options": {
        "quiet": false,
        "reportFilename": "mochawesome",
        "saveHtml": false,
        "saveJson": true,
        "consoleReporter": "spec",
        "useInlineDiffs": false,
        "code": true
      },
      "version": "7.1.3"
    },
    "marge": {
      "options": {
        "id": "default",
        "reportDir": "cypress/results/mochawesome",
        "overwrite": false,
        "html": false,
        "json": true
      },
      "version": "6.2.0"
    }
  }
}