{
  "stats": {
    "suites": 1,
    "tests": 1,
    "passes": 1,
    "pending": 0,
    "failures": 0,
    "start": "2023-06-12T10:25:00.681Z",
    "end": "2023-06-12T10:25:01.787Z",
    "duration": 1106,
    "testsRegistered": 1,
    "passPercent": 100,
    "pendingPercent": 0,
    "other": 0,
    "hasOther": false,
    "skipped": 0,
    "hasSkipped": false
  },
  "results": [
    {
      "uuid": "4d36bad6-7070-44de-ac2b-774a540ba868",
      "title": "",
      "fullFile": "cypress/integration/UI/zmienne.js",
      "file": "cypress/integration/UI/zmienne.js",
      "beforeHooks": [],
      "afterHooks": [],
      "tests": [],
      "suites": [
        {
          "uuid": "4ec06e2e-ae6e-4cf3-9d8f-ff002be431bf",
          "title": "E2E - Zmienne",
          "fullFile": "",
          "file": "",
          "beforeHooks": [],
          "afterHooks": [],
          "tests": [
            {
              "title": "Zmienne Środowiskowe",
              "fullTitle": "E2E - Zmienne Zmienne Środowiskowe",
              "timedOut": null,
              "duration": 1087,
              "state": "passed",
              "speed": "fast",
              "pass": true,
              "fail": false,
              "pending": false,
              "context": null,
              "code": "cy.visit(Cypress.env(\"url\"));",
              "err": {},
              "uuid": "be123d4d-b811-4406-9c77-07549a734fa7",
              "parentUUID": "4ec06e2e-ae6e-4cf3-9d8f-ff002be431bf",
              "isHook": false,
              "skipped": false
            }
          ],
          "suites": [],
          "passes": [
            "be123d4d-b811-4406-9c77-07549a734fa7"
          ],
          "failures": [],
          "pending": [],
          "skipped": [],
          "duration": 1087,
          "root": false,
          "rootEmpty": false,
          "_timeout": 2000
        }
      ],
      "passes": [],
      "failures": [],
      "pending": [],
      "skipped": [],
      "duration": 0,
      "root": true,
      "rootEmpty": true,
      "_timeout": 2000
    }
  ],
  "meta": {
    "mocha": {
      "version": "7.0.1"
    },
    "mochawesome": {
      "options": {
        "quiet": false,
        "reportFilename": "mochawesome",
        "saveHtml": false,
        "saveJson": true,
        "consoleReporter": "spec",
        "useInlineDiffs": false,
        "code": true
      },
      "version": "7.1.3"
    },
    "marge": {
      "options": {
        "id": "default",
        "reportDir": "cypress/results/mochawesome",
        "overwrite": false,
        "html": false,
        "json": true
      },
      "version": "6.2.0"
    }
  }
}