{
  "stats": {
    "suites": 1,
    "tests": 2,
    "passes": 2,
    "pending": 0,
    "failures": 0,
    "start": "2023-06-12T20:22:49.098Z",
    "end": "2023-06-12T20:22:57.949Z",
    "duration": 8851,
    "testsRegistered": 2,
    "passPercent": 100,
    "pendingPercent": 0,
    "other": 0,
    "hasOther": false,
    "skipped": 0,
    "hasSkipped": false
  },
  "results": [
    {
      "uuid": "8a0477d5-3157-4fcb-b4c4-b81d173dfa4d",
      "title": "",
      "fullFile": "cypress\\e2e\\UI\\wpisywanie.js",
      "file": "cypress\\e2e\\UI\\wpisywanie.js",
      "beforeHooks": [],
      "afterHooks": [],
      "tests": [],
      "suites": [
        {
          "uuid": "968c49d8-f145-4af6-8483-0730995ba0c9",
          "title": "E2E - Akcja Wpisywania",
          "fullFile": "",
          "file": "",
          "beforeHooks": [],
          "afterHooks": [],
          "tests": [
            {
              "title": "Wpisywanie wartości",
              "fullTitle": "E2E - Akcja Wpisywania Wpisywanie wartości",
              "timedOut": null,
              "duration": 7240,
              "state": "passed",
              "speed": "medium",
              "pass": true,
              "fail": false,
              "pending": false,
              "context": null,
              "code": "cy.visit(\"/\");\n//cy.get(\"#search_query_top\").type(\"Przykładowy Produkt{backspace}\", {delay: 500})\ncy.searchPhrase(\"Nowy Tekst{backspace}\", 500);",
              "err": {},
              "uuid": "8f28d98d-2adc-4a0a-845d-f282d54e1973",
              "parentUUID": "968c49d8-f145-4af6-8483-0730995ba0c9",
              "isHook": false,
              "skipped": false
            },
            {
              "title": "Czyszczenie wartości z pola",
              "fullTitle": "E2E - Akcja Wpisywania Czyszczenie wartości z pola",
              "timedOut": null,
              "duration": 1534,
              "state": "passed",
              "speed": "fast",
              "pass": true,
              "fail": false,
              "pending": false,
              "context": null,
              "code": "cy.visit(\"/\");\ncy.get(\"#search_query_top\").clear();",
              "err": {},
              "uuid": "a032157a-abf5-45ee-be5d-c06af1a525db",
              "parentUUID": "968c49d8-f145-4af6-8483-0730995ba0c9",
              "isHook": false,
              "skipped": false
            }
          ],
          "suites": [],
          "passes": [
            "8f28d98d-2adc-4a0a-845d-f282d54e1973",
            "a032157a-abf5-45ee-be5d-c06af1a525db"
          ],
          "failures": [],
          "pending": [],
          "skipped": [],
          "duration": 8774,
          "root": false,
          "rootEmpty": false,
          "_timeout": 2000
        }
      ],
      "passes": [],
      "failures": [],
      "pending": [],
      "skipped": [],
      "duration": 0,
      "root": true,
      "rootEmpty": true,
      "_timeout": 2000
    }
  ],
  "meta": {
    "mocha": {
      "version": "7.0.1"
    },
    "mochawesome": {
      "options": {
        "quiet": false,
        "reportFilename": "mochawesome",
        "saveHtml": false,
        "saveJson": true,
        "consoleReporter": "spec",
        "useInlineDiffs": false,
        "code": true
      },
      "version": "7.1.3"
    },
    "marge": {
      "options": {
        "id": "default",
        "reportDir": "cypress/results/mochawesome",
        "overwrite": false,
        "html": false,
        "json": true
      },
      "version": "6.2.0"
    }
  }
}