{
  "stats": {
    "suites": 1,
    "tests": 1,
    "passes": 1,
    "pending": 0,
    "failures": 0,
    "start": "2023-06-14T13:11:19.204Z",
    "end": "2023-06-14T13:11:20.138Z",
    "duration": 934,
    "testsRegistered": 1,
    "passPercent": 100,
    "pendingPercent": 0,
    "other": 0,
    "hasOther": false,
    "skipped": 0,
    "hasSkipped": false
  },
  "results": [
    {
      "uuid": "388d89ff-e248-4220-af80-4ada43fbeec1",
      "title": "",
      "fullFile": "cypress\\e2e\\UI\\wgrywaniePliku.js",
      "file": "cypress\\e2e\\UI\\wgrywaniePliku.js",
      "beforeHooks": [],
      "afterHooks": [],
      "tests": [],
      "suites": [
        {
          "uuid": "2d4ba75a-2f48-499f-a7f5-fe9bf2dff3ca",
          "title": "E2E - Wgrywanie Pliku",
          "fullFile": "",
          "file": "",
          "beforeHooks": [],
          "afterHooks": [],
          "tests": [
            {
              "title": "Wgrywanie Pliku do Inputa",
              "fullTitle": "E2E - Wgrywanie Pliku Wgrywanie Pliku do Inputa",
              "timedOut": null,
              "duration": 892,
              "state": "passed",
              "speed": "fast",
              "pass": true,
              "fail": false,
              "pending": false,
              "context": null,
              "code": "cy.visit(\"/index.php?controller=contact\");\ncy.get('#fileUpload').attachFile(\"../fixtures/kotek.jpg\");\ncy.get('span.filename').should('contain', \"kotek.jpg\");",
              "err": {},
              "uuid": "2f44c9a2-9104-418f-a4f1-bb47dfa85a9e",
              "parentUUID": "2d4ba75a-2f48-499f-a7f5-fe9bf2dff3ca",
              "isHook": false,
              "skipped": false
            }
          ],
          "suites": [],
          "passes": [
            "2f44c9a2-9104-418f-a4f1-bb47dfa85a9e"
          ],
          "failures": [],
          "pending": [],
          "skipped": [],
          "duration": 892,
          "root": false,
          "rootEmpty": false,
          "_timeout": 2000
        }
      ],
      "passes": [],
      "failures": [],
      "pending": [],
      "skipped": [],
      "duration": 0,
      "root": true,
      "rootEmpty": true,
      "_timeout": 2000
    }
  ],
  "meta": {
    "mocha": {
      "version": "7.0.1"
    },
    "mochawesome": {
      "options": {
        "quiet": false,
        "reportFilename": "mochawesome",
        "saveHtml": false,
        "saveJson": true,
        "consoleReporter": "spec",
        "useInlineDiffs": false,
        "code": true
      },
      "version": "7.1.3"
    },
    "marge": {
      "options": {
        "id": "default",
        "reportDir": "cypress/results/mochawesome",
        "overwrite": false,
        "html": false,
        "json": true
      },
      "version": "6.2.0"
    }
  }
}