{
  "stats": {
    "suites": 1,
    "tests": 3,
    "passes": 1,
    "pending": 0,
    "failures": 2,
    "start": "2023-06-12T19:55:25.407Z",
    "end": "2023-06-12T19:55:55.717Z",
    "duration": 30310,
    "testsRegistered": 3,
    "passPercent": 33.33333333333333,
    "pendingPercent": 0,
    "other": 0,
    "hasOther": false,
    "skipped": 0,
    "hasSkipped": false
  },
  "results": [
    {
      "uuid": "202415fb-a101-491a-9fe1-6456a0cc7d21",
      "title": "",
      "fullFile": "cypress\\e2e\\API\\pierwszyTestApi.js",
      "file": "cypress\\e2e\\API\\pierwszyTestApi.js",
      "beforeHooks": [],
      "afterHooks": [],
      "tests": [],
      "suites": [
        {
          "uuid": "6d5eb63c-fa51-4dc8-8e48-77511a12afca",
          "title": "E2E - Testy Api",
          "fullFile": "",
          "file": "",
          "beforeHooks": [],
          "afterHooks": [],
          "tests": [
            {
              "title": "Weryfikacja tagów API",
              "fullTitle": "E2E - Testy Api Weryfikacja tagów API",
              "timedOut": null,
              "duration": 2532,
              "state": "passed",
              "speed": "fast",
              "pass": true,
              "fail": false,
              "pending": false,
              "context": null,
              "code": "cy.intercept(\"GET\", \"https://api.realworld.io/api/tags\").as(\"requestTag\");\ncy.visit(\"https://angular.realworld.io/\");\ncy.wait(\"@requestTag\");\ncy.get(\"@requestTag\").then(res => {\n  console.log(res);\n  expect(res.response.statusCode).to.equal(200);\n  expect(res.response.body.tags).to.contain(\"welcome\");\n});",
              "err": {},
              "uuid": "bcb67998-7476-4c7a-8469-6aea34790e1f",
              "parentUUID": "6d5eb63c-fa51-4dc8-8e48-77511a12afca",
              "isHook": false,
              "skipped": false
            },
            {
              "title": "Niepoprawne logowanie Logowania",
              "fullTitle": "E2E - Testy Api Niepoprawne logowanie Logowania",
              "timedOut": null,
              "duration": 4233,
              "state": "failed",
              "speed": null,
              "pass": false,
              "fail": true,
              "pending": false,
              "context": null,
              "code": "cy.intercept(\"POST\", \"https://api.realworld.io/api/users/login\").as(\"Forbidden\");\ncy.get(\"a.nav-link\").contains(\"Sign in\").click();\ncy.login('test@test.com', 'test');\ncy.wait(\"@Forbidden\");\ncy.get('@Forbidden').then(res => {\n  console.log(res);\n  expect(res.response.statusCode).to.equal(403);\n  expect(res.response.statusMessage).to.equal(this.daneApi.statusMessage403);\n});",
              "err": {
                "message": "AssertionError: Timed out retrying after 4000ms: Expected to find element: `a.nav-link`, but never found it.",
                "estack": "AssertionError: Timed out retrying after 4000ms: Expected to find element: `a.nav-link`, but never found it.\n    at Context.eval (webpack:///./cypress/e2e/API/pierwszyTestApi.js:22:11)",
                "diff": null
              },
              "uuid": "9edc39c8-4b4c-41a6-8978-0e0eb855d940",
              "parentUUID": "6d5eb63c-fa51-4dc8-8e48-77511a12afca",
              "isHook": false,
              "skipped": false
            },
            {
              "title": "Poprawne logowanie",
              "fullTitle": "E2E - Testy Api Poprawne logowanie",
              "timedOut": null,
              "duration": 4211,
              "state": "failed",
              "speed": null,
              "pass": false,
              "fail": true,
              "pending": false,
              "context": null,
              "code": "cy.intercept(\"GET\", \"https://api.realworld.io/api/tags\", {\n  fixture: 'tags.js'\n}).as(\"requestTag\");\ncy.login('mbanak265@gmail.com', 'Suchykanal123');\ncy.wait(\"@requestTag\");",
              "err": {
                "message": "AssertionError: Timed out retrying after 4000ms: Expected to find element: `[placeholder=\"Email\"]`, but never found it.",
                "estack": "AssertionError: Timed out retrying after 4000ms: Expected to find element: `[placeholder=\"Email\"]`, but never found it.\n    at Context.eval (webpack:///./cypress/support/commands.js:31:7)",
                "diff": null
              },
              "uuid": "76e4779e-d13f-4054-bb9b-fcbe9de5752e",
              "parentUUID": "6d5eb63c-fa51-4dc8-8e48-77511a12afca",
              "isHook": false,
              "skipped": false
            }
          ],
          "suites": [],
          "passes": [
            "bcb67998-7476-4c7a-8469-6aea34790e1f"
          ],
          "failures": [
            "9edc39c8-4b4c-41a6-8978-0e0eb855d940",
            "76e4779e-d13f-4054-bb9b-fcbe9de5752e"
          ],
          "pending": [],
          "skipped": [],
          "duration": 10976,
          "root": false,
          "rootEmpty": false,
          "_timeout": 2000
        }
      ],
      "passes": [],
      "failures": [],
      "pending": [],
      "skipped": [],
      "duration": 0,
      "root": true,
      "rootEmpty": true,
      "_timeout": 2000
    }
  ],
  "meta": {
    "mocha": {
      "version": "7.0.1"
    },
    "mochawesome": {
      "options": {
        "quiet": false,
        "reportFilename": "mochawesome",
        "saveHtml": false,
        "saveJson": true,
        "consoleReporter": "spec",
        "useInlineDiffs": false,
        "code": true
      },
      "version": "7.1.3"
    },
    "marge": {
      "options": {
        "id": "default",
        "reportDir": "cypress/results/mochawesome",
        "overwrite": false,
        "html": false,
        "json": true
      },
      "version": "6.2.0"
    }
  }
}