{
  "stats": {
    "suites": 1,
    "tests": 2,
    "passes": 0,
    "pending": 0,
    "failures": 2,
    "start": "2023-06-15T11:29:13.423Z",
    "end": "2023-06-15T11:29:59.108Z",
    "duration": 45685,
    "testsRegistered": 2,
    "passPercent": 0,
    "pendingPercent": 0,
    "other": 0,
    "hasOther": false,
    "skipped": 0,
    "hasSkipped": false
  },
  "results": [
    {
      "uuid": "89d58f5b-4b0c-42bc-9493-b1ee7edd6f51",
      "title": "",
      "fullFile": "cypress\\e2e\\UI\\alerty.js",
      "file": "cypress\\e2e\\UI\\alerty.js",
      "beforeHooks": [],
      "afterHooks": [],
      "tests": [],
      "suites": [
        {
          "uuid": "9b20dae8-d246-4cbc-9204-a23b45f23504",
          "title": "E2E - Alerty",
          "fullFile": "",
          "file": "",
          "beforeHooks": [],
          "afterHooks": [],
          "tests": [
            {
              "title": "Alert",
              "fullTitle": "E2E - Alerty Alert",
              "timedOut": null,
              "duration": 8997,
              "state": "failed",
              "speed": null,
              "pass": false,
              "fail": true,
              "pending": false,
              "context": null,
              "code": "cy.visit(\"https://testowanie-oprogramowania.pl/lekcje/alerty/\");\n_alertPage.default.clickonButtonAlert1();\n_alertPage.default.verifyAlertText(\"Przykładowa treść alertu\");",
              "err": {
                "message": "CypressError: Timed out retrying after 4000ms: The command was expected to run against origin `https://testowanie-oprogramowania.pl` but the application is at origin `https://a.tunnelbuilder.top`.\n\nThis commonly happens when you have either not navigated to the expected origin or have navigated away unexpectedly.\n\nUsing `cy.origin()` to wrap the commands run on `https://a.tunnelbuilder.top` will likely fix this issue.\n\n`cy.origin('https://a.tunnelbuilder.top', () => {`\n`  <commands targeting https://a.tunnelbuilder.top go here>`\n`})`\n\nhttps://on.cypress.io/cy-visit-succeeded-but-commands-fail",
                "estack": "CypressError: Timed out retrying after 4000ms: The command was expected to run against origin `https://testowanie-oprogramowania.pl` but the application is at origin `https://a.tunnelbuilder.top`.\n\nThis commonly happens when you have either not navigated to the expected origin or have navigated away unexpectedly.\n\nUsing `cy.origin()` to wrap the commands run on `https://a.tunnelbuilder.top` will likely fix this issue.\n\n`cy.origin('https://a.tunnelbuilder.top', () => {`\n`  <commands targeting https://a.tunnelbuilder.top go here>`\n`})`\n\nhttps://on.cypress.io/cy-visit-succeeded-but-commands-fail\n    at cypressErr (https://testowanie-oprogramowania.pl/__cypress/runner/cypress_runner.js:164260:18)\n    at Object.errByPath (https://testowanie-oprogramowania.pl/__cypress/runner/cypress_runner.js:164315:10)\n    at Object.commandCanCommunicateWithAUT (https://testowanie-oprogramowania.pl/__cypress/runner/cypress_runner.js:161502:98)\n    at <unknown> (https://testowanie-oprogramowania.pl/__cypress/runner/cypress_runner.js:148441:22)\n    at Object.subjectFn (https://testowanie-oprogramowania.pl/__cypress/runner/cypress_runner.js:159297:16)\n    at $Cy.verifyUpcomingAssertions (https://testowanie-oprogramowania.pl/__cypress/runner/cypress_runner.js:140519:31)\n    at onRetry (https://testowanie-oprogramowania.pl/__cypress/runner/cypress_runner.js:159288:15)\n    at tryCatcher (https://testowanie-oprogramowania.pl/__cypress/runner/cypress_runner.js:18744:23)\n    at Promise.attempt.Promise.try (https://testowanie-oprogramowania.pl/__cypress/runner/cypress_runner.js:16018:29)\n    at whenStable (https://testowanie-oprogramowania.pl/__cypress/runner/cypress_runner.js:156173:65)\n    at <unknown> (https://testowanie-oprogramowania.pl/__cypress/runner/cypress_runner.js:155614:14)\n    at tryCatcher (https://testowanie-oprogramowania.pl/__cypress/runner/cypress_runner.js:18744:23)\n    at Promise._settlePromiseFromHandler (https://testowanie-oprogramowania.pl/__cypress/runner/cypress_runner.js:16679:31)\n    at Promise._settlePromise (https://testowanie-oprogramowania.pl/__cypress/runner/cypress_runner.js:16736:18)\n    at Promise._settlePromise0 (https://testowanie-oprogramowania.pl/__cypress/runner/cypress_runner.js:16781:10)\n    at Promise._settlePromises (https://testowanie-oprogramowania.pl/__cypress/runner/cypress_runner.js:16861:18)\n    at Promise._fulfill (https://testowanie-oprogramowania.pl/__cypress/runner/cypress_runner.js:16805:18)\n    at <unknown> (https://testowanie-oprogramowania.pl/__cypress/runner/cypress_runner.js:18419:46)\nFrom Your Spec Code:\n    at get buttonAlert1 [as buttonAlert1] (webpack:///./cypress/support/Page-Object/alertPage.js:3:14)\n    at alertPage.clickonButtonAlert1 (webpack:///./cypress/support/Page-Object/alertPage.js:11:13)\n    at Context.eval (webpack:///./cypress/e2e/UI/alerty.js:8:18)",
                "diff": null
              },
              "uuid": "266e616c-e9a2-4da3-bed9-b08b1ae9259e",
              "parentUUID": "9b20dae8-d246-4cbc-9204-a23b45f23504",
              "isHook": false,
              "skipped": false
            },
            {
              "title": "Confirm",
              "fullTitle": "E2E - Alerty Confirm",
              "timedOut": null,
              "duration": 4175,
              "state": "failed",
              "speed": null,
              "pass": false,
              "fail": true,
              "pending": false,
              "context": null,
              "code": "_alertPage.default.clickonButtonAlert2();\n_alertPage.default.verifyAlertConfirmText(\"Zaakceptuj aby kontynuować!\");\n_alertPage.default.acceptAlert();",
              "err": {
                "message": "AssertionError: Timed out retrying after 4000ms: Expected to find element: `#alert-confirm`, but never found it.",
                "estack": "AssertionError: Timed out retrying after 4000ms: Expected to find element: `#alert-confirm`, but never found it.\n    at get buttonAlert2 [as buttonAlert2] (webpack:///./cypress/support/Page-Object/alertPage.js:7:14)\n    at alertPage.clickonButtonAlert2 (webpack:///./cypress/support/Page-Object/alertPage.js:15:13)\n    at Context.eval (webpack:///./cypress/e2e/UI/alerty.js:14:18)",
                "diff": null
              },
              "uuid": "a300306f-ad05-47c8-bb80-b5c8eb241e22",
              "parentUUID": "9b20dae8-d246-4cbc-9204-a23b45f23504",
              "isHook": false,
              "skipped": false
            }
          ],
          "suites": [],
          "passes": [],
          "failures": [
            "266e616c-e9a2-4da3-bed9-b08b1ae9259e",
            "a300306f-ad05-47c8-bb80-b5c8eb241e22"
          ],
          "pending": [],
          "skipped": [],
          "duration": 13172,
          "root": false,
          "rootEmpty": false,
          "_timeout": 2000
        }
      ],
      "passes": [],
      "failures": [],
      "pending": [],
      "skipped": [],
      "duration": 0,
      "root": true,
      "rootEmpty": true,
      "_timeout": 2000
    }
  ],
  "meta": {
    "mocha": {
      "version": "7.0.1"
    },
    "mochawesome": {
      "options": {
        "quiet": false,
        "reportFilename": "mochawesome",
        "saveHtml": true,
        "saveJson": true,
        "consoleReporter": "spec",
        "useInlineDiffs": false,
        "code": true
      },
      "version": "7.1.3"
    },
    "marge": {
      "options": {
        "id": "default",
        "reportDir": "cypress/results/mochawesome",
        "overwrite": false,
        "html": true,
        "json": true
      },
      "version": "6.2.0"
    }
  }
}