{
  "stats": {
    "suites": 1,
    "tests": 1,
    "passes": 1,
    "pending": 0,
    "failures": 0,
    "start": "2023-06-12T10:36:30.719Z",
    "end": "2023-06-12T10:36:34.579Z",
    "duration": 3860,
    "testsRegistered": 1,
    "passPercent": 100,
    "pendingPercent": 0,
    "other": 0,
    "hasOther": false,
    "skipped": 0,
    "hasSkipped": false
  },
  "results": [
    {
      "uuid": "f99915f9-bce7-4b29-930d-c0853646849d",
      "title": "",
      "fullFile": "cypress/integration/shadow.js",
      "file": "cypress/integration/shadow.js",
      "beforeHooks": [],
      "afterHooks": [],
      "tests": [],
      "suites": [
        {
          "uuid": "b469eaa5-01b1-4118-b92d-e71e6ad301e0",
          "title": "E2E - Shadow Dom",
          "fullFile": "",
          "file": "",
          "beforeHooks": [],
          "afterHooks": [],
          "tests": [
            {
              "title": "Wykorzystanie metody Shadow",
              "fullTitle": "E2E - Shadow Dom Wykorzystanie metody Shadow",
              "timedOut": null,
              "duration": 1551,
              "state": "passed",
              "speed": "fast",
              "pass": true,
              "fail": false,
              "pending": false,
              "context": null,
              "code": "cy.visit(\"https://www.htmlelements.com/demos/menu/shadow-dom/index.htm\"); // Jeśli include ShadowDom jest FALSE w Cypress.json to wtedy trzeba dodać shadow\n// cy.get(\".smart-ui-component\").shadow().contains(\"File\").click();\ncy.contains(\"File\").click();",
              "err": {},
              "uuid": "50e1bf68-e007-4a51-b29a-d33c40dd1d1d",
              "parentUUID": "b469eaa5-01b1-4118-b92d-e71e6ad301e0",
              "isHook": false,
              "skipped": false
            }
          ],
          "suites": [],
          "passes": [
            "50e1bf68-e007-4a51-b29a-d33c40dd1d1d"
          ],
          "failures": [],
          "pending": [],
          "skipped": [],
          "duration": 1551,
          "root": false,
          "rootEmpty": false,
          "_timeout": 2000
        }
      ],
      "passes": [],
      "failures": [],
      "pending": [],
      "skipped": [],
      "duration": 0,
      "root": true,
      "rootEmpty": true,
      "_timeout": 2000
    }
  ],
  "meta": {
    "mocha": {
      "version": "7.0.1"
    },
    "mochawesome": {
      "options": {
        "quiet": false,
        "reportFilename": "mochawesome",
        "saveHtml": false,
        "saveJson": true,
        "consoleReporter": "spec",
        "useInlineDiffs": false,
        "code": true
      },
      "version": "7.1.3"
    },
    "marge": {
      "options": {
        "id": "default",
        "reportDir": "cypress/results/mochawesome",
        "overwrite": false,
        "html": false,
        "json": true
      },
      "version": "6.2.0"
    }
  }
}