{
  "stats": {
    "suites": 1,
    "tests": 3,
    "passes": 3,
    "pending": 0,
    "failures": 0,
    "start": "2023-06-14T13:37:57.220Z",
    "end": "2023-06-14T13:38:05.750Z",
    "duration": 8530,
    "testsRegistered": 3,
    "passPercent": 100,
    "pendingPercent": 0,
    "other": 0,
    "hasOther": false,
    "skipped": 0,
    "hasSkipped": false
  },
  "results": [
    {
      "uuid": "da24e03f-cf81-4ec3-8b5b-809b4406aded",
      "title": "",
      "fullFile": "cypress\\e2e\\API\\pierwszyTestApi.js",
      "file": "cypress\\e2e\\API\\pierwszyTestApi.js",
      "beforeHooks": [],
      "afterHooks": [],
      "tests": [],
      "suites": [
        {
          "uuid": "0eb3540a-8659-4fec-9db7-8d789bc90e90",
          "title": "E2E - Testy Api",
          "fullFile": "",
          "file": "",
          "beforeHooks": [],
          "afterHooks": [],
          "tests": [
            {
              "title": "Weryfikacja tagów API",
              "fullTitle": "E2E - Testy Api Weryfikacja tagów API",
              "timedOut": null,
              "duration": 2741,
              "state": "passed",
              "speed": "fast",
              "pass": true,
              "fail": false,
              "pending": false,
              "context": null,
              "code": "cy.intercept(\"GET\", \"https://api.realworld.io/api/tags\").as(\"requestTag\");\ncy.visit(\"https://angular.realworld.io/\");\ncy.wait(\"@requestTag\");\ncy.get(\"@requestTag\").then(res => {\n  console.log(res);\n  expect(res.response.statusCode).to.equal(200);\n  expect(res.response.body.tags).to.contain(\"welcome\");\n});",
              "err": {},
              "uuid": "679d5b1d-7f23-4a82-ac37-68d2df90aade",
              "parentUUID": "0eb3540a-8659-4fec-9db7-8d789bc90e90",
              "isHook": false,
              "skipped": false
            },
            {
              "title": "Niepoprawne logowanie Logowania",
              "fullTitle": "E2E - Testy Api Niepoprawne logowanie Logowania",
              "timedOut": null,
              "duration": 1791,
              "state": "passed",
              "speed": "fast",
              "pass": true,
              "fail": false,
              "pending": false,
              "context": null,
              "code": "cy.intercept(\"POST\", \"https://api.realworld.io/api/users/login\").as(\"Forbidden\");\ncy.visit(\"https://angular.realworld.io/\");\ncy.get(\"a.nav-link\").contains(\"Sign in\").click();\ncy.login('test@test.com', 'test');\ncy.wait(\"@Forbidden\");\ncy.get('@Forbidden').then(res => {\n  console.log(res);\n  expect(res.response.statusCode).to.equal(403);\n  expect(res.response.statusMessage).to.equal(this.daneApi.statusMessage403);\n});",
              "err": {},
              "uuid": "aac1c56b-1b59-48f4-9366-85e5f509eefe",
              "parentUUID": "0eb3540a-8659-4fec-9db7-8d789bc90e90",
              "isHook": false,
              "skipped": false
            },
            {
              "title": "Poprawne logowanie",
              "fullTitle": "E2E - Testy Api Poprawne logowanie",
              "timedOut": null,
              "duration": 1525,
              "state": "passed",
              "speed": "fast",
              "pass": true,
              "fail": false,
              "pending": false,
              "context": null,
              "code": "cy.intercept(\"GET\", \"https://api.realworld.io/api/tags\", {\n  fixture: 'tags.js'\n}).as(\"requestTag\");\ncy.visit(\"https://angular.realworld.io/\");\ncy.get(\"a.nav-link\").contains(\"Sign in\").click();\ncy.login('mbanak265@gmail.com', 'Suchykanal123');\ncy.wait(\"@requestTag\");",
              "err": {},
              "uuid": "232efd3d-843e-4415-8338-294695fab230",
              "parentUUID": "0eb3540a-8659-4fec-9db7-8d789bc90e90",
              "isHook": false,
              "skipped": false
            }
          ],
          "suites": [],
          "passes": [
            "679d5b1d-7f23-4a82-ac37-68d2df90aade",
            "aac1c56b-1b59-48f4-9366-85e5f509eefe",
            "232efd3d-843e-4415-8338-294695fab230"
          ],
          "failures": [],
          "pending": [],
          "skipped": [],
          "duration": 6057,
          "root": false,
          "rootEmpty": false,
          "_timeout": 2000
        }
      ],
      "passes": [],
      "failures": [],
      "pending": [],
      "skipped": [],
      "duration": 0,
      "root": true,
      "rootEmpty": true,
      "_timeout": 2000
    }
  ],
  "meta": {
    "mocha": {
      "version": "7.0.1"
    },
    "mochawesome": {
      "options": {
        "quiet": false,
        "reportFilename": "mochawesome",
        "saveHtml": false,
        "saveJson": true,
        "consoleReporter": "spec",
        "useInlineDiffs": false,
        "code": true
      },
      "version": "7.1.3"
    },
    "marge": {
      "options": {
        "id": "default",
        "reportDir": "cypress/results/mochawesome",
        "overwrite": false,
        "html": false,
        "json": true
      },
      "version": "6.2.0"
    }
  }
}