{
  "stats": {
    "suites": 1,
    "tests": 2,
    "passes": 2,
    "pending": 0,
    "failures": 0,
    "start": "2023-06-12T20:22:18.316Z",
    "end": "2023-06-12T20:22:30.978Z",
    "duration": 12662,
    "testsRegistered": 2,
    "passPercent": 100,
    "pendingPercent": 0,
    "other": 0,
    "hasOther": false,
    "skipped": 0,
    "hasSkipped": false
  },
  "results": [
    {
      "uuid": "223748ce-3e80-44a5-b13a-dc2c74f7f5e0",
      "title": "",
      "fullFile": "cypress\\e2e\\UI\\select.js",
      "file": "cypress\\e2e\\UI\\select.js",
      "beforeHooks": [],
      "afterHooks": [],
      "tests": [],
      "suites": [
        {
          "uuid": "c1e66a32-766c-4e28-bbb8-16d9fa941b80",
          "title": "E2E - Akcja wybrania opcji select",
          "fullFile": "",
          "file": "",
          "beforeHooks": [],
          "afterHooks": [],
          "tests": [
            {
              "title": "Wybieranie opcji",
              "fullTitle": "E2E - Akcja wybrania opcji select Wybieranie opcji",
              "timedOut": null,
              "duration": 4905,
              "state": "passed",
              "speed": "fast",
              "pass": true,
              "fail": false,
              "pending": false,
              "context": null,
              "code": "cy.visit(\"/index.php?id_category=3&controller=category\");\n// Po nazwie\ncy.get('#selectProductSort').select(\"In stock\");\n// Po value\ncy.get('#selectProductSort').select(\"price:asc\");\n// Po indexach\ncy.get('#selectProductSort').select(7);",
              "err": {},
              "uuid": "e2514010-eb06-48bb-8484-47cc16d561e1",
              "parentUUID": "c1e66a32-766c-4e28-bbb8-16d9fa941b80",
              "isHook": false,
              "skipped": false
            },
            {
              "title": "Wybieranie wszystkich opcji",
              "fullTitle": "E2E - Akcja wybrania opcji select Wybieranie wszystkich opcji",
              "timedOut": null,
              "duration": 7692,
              "state": "passed",
              "speed": "medium",
              "pass": true,
              "fail": false,
              "pending": false,
              "context": null,
              "code": "cy.visit(\"/index.php?id_category=3&controller=category\");\n_selectPage.default.selectallOption();\n// cy.get('#selectProductSort').then(dropdown =>{\n//     cy.wrap(dropdown).find(\"option\").each(opcje =>{\n//         cy.get('#selectProductSort').select(opcje.text(), {delay:1000})\n//     })\n// })",
              "err": {},
              "uuid": "79d4d64a-7f34-48b9-8a94-dce61c4b4285",
              "parentUUID": "c1e66a32-766c-4e28-bbb8-16d9fa941b80",
              "isHook": false,
              "skipped": false
            }
          ],
          "suites": [],
          "passes": [
            "e2514010-eb06-48bb-8484-47cc16d561e1",
            "79d4d64a-7f34-48b9-8a94-dce61c4b4285"
          ],
          "failures": [],
          "pending": [],
          "skipped": [],
          "duration": 12597,
          "root": false,
          "rootEmpty": false,
          "_timeout": 2000
        }
      ],
      "passes": [],
      "failures": [],
      "pending": [],
      "skipped": [],
      "duration": 0,
      "root": true,
      "rootEmpty": true,
      "_timeout": 2000
    }
  ],
  "meta": {
    "mocha": {
      "version": "7.0.1"
    },
    "mochawesome": {
      "options": {
        "quiet": false,
        "reportFilename": "mochawesome",
        "saveHtml": false,
        "saveJson": true,
        "consoleReporter": "spec",
        "useInlineDiffs": false,
        "code": true
      },
      "version": "7.1.3"
    },
    "marge": {
      "options": {
        "id": "default",
        "reportDir": "cypress/results/mochawesome",
        "overwrite": false,
        "html": false,
        "json": true
      },
      "version": "6.2.0"
    }
  }
}