{
  "stats": {
    "suites": 1,
    "tests": 1,
    "passes": 1,
    "pending": 0,
    "failures": 0,
    "start": "2023-06-15T11:31:11.881Z",
    "end": "2023-06-15T11:31:13.974Z",
    "duration": 2093,
    "testsRegistered": 1,
    "passPercent": 100,
    "pendingPercent": 0,
    "other": 0,
    "hasOther": false,
    "skipped": 0,
    "hasSkipped": false
  },
  "results": [
    {
      "uuid": "7762a513-5505-410b-ac00-290c0883750b",
      "title": "",
      "fullFile": "cypress\\e2e\\lighthouse.js",
      "file": "cypress\\e2e\\lighthouse.js",
      "beforeHooks": [],
      "afterHooks": [],
      "tests": [],
      "suites": [
        {
          "uuid": "5bc16fdf-67ec-4404-b875-6dc969d770cd",
          "title": "Lighthouse Test",
          "fullFile": "",
          "file": "",
          "beforeHooks": [],
          "afterHooks": [],
          "tests": [
            {
              "title": "Pierwszy test Lighthouse",
              "fullTitle": "Lighthouse Test Pierwszy test Lighthouse",
              "timedOut": null,
              "duration": 2063,
              "state": "passed",
              "speed": "fast",
              "pass": true,
              "fail": false,
              "pending": false,
              "context": null,
              "code": "cy.visit('/');\ncy.lighthouse({\n  performance: 85,\n  accessibility: 100,\n  \"best-practices\": 85,\n  seo: 85,\n  pwa: 100\n});",
              "err": {},
              "uuid": "3de2184e-eb9a-46bc-9e8c-e3d5bb70a9db",
              "parentUUID": "5bc16fdf-67ec-4404-b875-6dc969d770cd",
              "isHook": false,
              "skipped": false
            }
          ],
          "suites": [],
          "passes": [
            "3de2184e-eb9a-46bc-9e8c-e3d5bb70a9db"
          ],
          "failures": [],
          "pending": [],
          "skipped": [],
          "duration": 2063,
          "root": false,
          "rootEmpty": false,
          "_timeout": 2000
        }
      ],
      "passes": [],
      "failures": [],
      "pending": [],
      "skipped": [],
      "duration": 0,
      "root": true,
      "rootEmpty": true,
      "_timeout": 2000
    }
  ],
  "meta": {
    "mocha": {
      "version": "7.0.1"
    },
    "mochawesome": {
      "options": {
        "quiet": false,
        "reportFilename": "mochawesome",
        "saveHtml": true,
        "saveJson": true,
        "consoleReporter": "spec",
        "useInlineDiffs": false,
        "code": true
      },
      "version": "7.1.3"
    },
    "marge": {
      "options": {
        "id": "default",
        "reportDir": "cypress/results/mochawesome",
        "overwrite": false,
        "html": true,
        "json": true
      },
      "version": "6.2.0"
    }
  }
}