{
  "stats": {
    "suites": 1,
    "tests": 1,
    "passes": 1,
    "pending": 0,
    "failures": 0,
    "start": "2023-06-12T10:40:01.938Z",
    "end": "2023-06-12T10:40:05.318Z",
    "duration": 3380,
    "testsRegistered": 1,
    "passPercent": 100,
    "pendingPercent": 0,
    "other": 0,
    "hasOther": false,
    "skipped": 0,
    "hasSkipped": false
  },
  "results": [
    {
      "uuid": "edc5dae2-01ea-484d-aab0-687597284291",
      "title": "",
      "fullFile": "cypress/integration/shadow.js",
      "file": "cypress/integration/shadow.js",
      "beforeHooks": [],
      "afterHooks": [],
      "tests": [],
      "suites": [
        {
          "uuid": "73651d1c-7c09-4180-bca4-8ebdbf75bc6b",
          "title": "E2E - Shadow Dom",
          "fullFile": "",
          "file": "",
          "beforeHooks": [],
          "afterHooks": [],
          "tests": [
            {
              "title": "Wykorzystanie metody Shadow",
              "fullTitle": "E2E - Shadow Dom Wykorzystanie metody Shadow",
              "timedOut": null,
              "duration": 1259,
              "state": "passed",
              "speed": "fast",
              "pass": true,
              "fail": false,
              "pending": false,
              "context": null,
              "code": "cy.visit(\"https://www.htmlelements.com/demos/menu/shadow-dom/index.htm\"); // Jeśli include ShadowDom jest FALSE w Cypress.json to wtedy trzeba dodać shadow\n// cy.get(\".smart-ui-component\").shadow().contains(\"File\").click();\ncy.contains(\"File\").click();",
              "err": {},
              "uuid": "283c2d2c-ee40-453c-8f80-6a698acdd1ee",
              "parentUUID": "73651d1c-7c09-4180-bca4-8ebdbf75bc6b",
              "isHook": false,
              "skipped": false
            }
          ],
          "suites": [],
          "passes": [
            "283c2d2c-ee40-453c-8f80-6a698acdd1ee"
          ],
          "failures": [],
          "pending": [],
          "skipped": [],
          "duration": 1259,
          "root": false,
          "rootEmpty": false,
          "_timeout": 2000
        }
      ],
      "passes": [],
      "failures": [],
      "pending": [],
      "skipped": [],
      "duration": 0,
      "root": true,
      "rootEmpty": true,
      "_timeout": 2000
    }
  ],
  "meta": {
    "mocha": {
      "version": "7.0.1"
    },
    "mochawesome": {
      "options": {
        "quiet": false,
        "reportFilename": "mochawesome",
        "saveHtml": false,
        "saveJson": true,
        "consoleReporter": "spec",
        "useInlineDiffs": false,
        "code": true
      },
      "version": "7.1.3"
    },
    "marge": {
      "options": {
        "id": "default",
        "reportDir": "cypress/results/mochawesome",
        "overwrite": false,
        "html": false,
        "json": true
      },
      "version": "6.2.0"
    }
  }
}