{
  "stats": {
    "suites": 1,
    "tests": 1,
    "passes": 1,
    "pending": 0,
    "failures": 0,
    "start": "2023-06-12T11:11:40.155Z",
    "end": "2023-06-12T11:11:44.523Z",
    "duration": 4368,
    "testsRegistered": 1,
    "passPercent": 100,
    "pendingPercent": 0,
    "other": 0,
    "hasOther": false,
    "skipped": 0,
    "hasSkipped": false
  },
  "results": [
    {
      "uuid": "f46a1a8a-1862-4d9e-ae9e-9236f28f1721",
      "title": "",
      "fullFile": "cypress/integration/visualTesting.js",
      "file": "cypress/integration/visualTesting.js",
      "beforeHooks": [],
      "afterHooks": [],
      "tests": [],
      "suites": [
        {
          "uuid": "44447d38-65d8-4519-8d00-ff3e795eb6c7",
          "title": "Visual Testing",
          "fullFile": "",
          "file": "",
          "beforeHooks": [],
          "afterHooks": [],
          "tests": [
            {
              "title": "Wczytywanie sie elementu",
              "fullTitle": "Visual Testing Wczytywanie sie elementu",
              "timedOut": null,
              "duration": 2422,
              "state": "passed",
              "speed": "fast",
              "pass": true,
              "fail": false,
              "pending": false,
              "context": null,
              "code": "cy.visit(\"https://picsum.photos/\");\ncy.percySnapshot();",
              "err": {},
              "uuid": "2703e92c-c2a9-4bb7-aae0-dda002b99742",
              "parentUUID": "44447d38-65d8-4519-8d00-ff3e795eb6c7",
              "isHook": false,
              "skipped": false
            }
          ],
          "suites": [],
          "passes": [
            "2703e92c-c2a9-4bb7-aae0-dda002b99742"
          ],
          "failures": [],
          "pending": [],
          "skipped": [],
          "duration": 2422,
          "root": false,
          "rootEmpty": false,
          "_timeout": 2000
        }
      ],
      "passes": [],
      "failures": [],
      "pending": [],
      "skipped": [],
      "duration": 0,
      "root": true,
      "rootEmpty": true,
      "_timeout": 2000
    }
  ],
  "meta": {
    "mocha": {
      "version": "7.0.1"
    },
    "mochawesome": {
      "options": {
        "quiet": false,
        "reportFilename": "mochawesome",
        "saveHtml": false,
        "saveJson": true,
        "consoleReporter": "spec",
        "useInlineDiffs": false,
        "code": true
      },
      "version": "7.1.3"
    },
    "marge": {
      "options": {
        "id": "default",
        "reportDir": "cypress/results/mochawesome",
        "overwrite": false,
        "html": false,
        "json": true
      },
      "version": "6.2.0"
    }
  }
}