{
  "stats": {
    "suites": 1,
    "tests": 2,
    "passes": 2,
    "pending": 0,
    "failures": 0,
    "start": "2023-06-12T10:39:35.951Z",
    "end": "2023-06-12T10:39:37.478Z",
    "duration": 1527,
    "testsRegistered": 2,
    "passPercent": 100,
    "pendingPercent": 0,
    "other": 0,
    "hasOther": false,
    "skipped": 0,
    "hasSkipped": false
  },
  "results": [
    {
      "uuid": "baa25119-9ab3-4a8f-9e87-6e499b6b1cde",
      "title": "",
      "fullFile": "cypress/integration/UI/trigger.js",
      "file": "cypress/integration/UI/trigger.js",
      "beforeHooks": [],
      "afterHooks": [],
      "tests": [],
      "suites": [
        {
          "uuid": "90b57480-de4f-450c-b7df-557767a536e1",
          "title": "E2E - Scrollowanie/Najechanie",
          "fullFile": "",
          "file": "",
          "beforeHooks": [],
          "afterHooks": [],
          "tests": [
            {
              "title": "Najechanie na element",
              "fullTitle": "E2E - Scrollowanie/Najechanie Najechanie na element",
              "timedOut": null,
              "duration": 1494,
              "state": "passed",
              "speed": "fast",
              "pass": true,
              "fail": false,
              "pending": false,
              "context": null,
              "code": "cy.visit(\"/\");\ncy.get('a[title=\"Dresses\"]').eq(1).trigger(\"focus\");\ncy.get('li.sfHover a[title=\"Summer Dresses\"]').click();",
              "err": {},
              "uuid": "2f72bf45-1bae-43f0-8b9b-d728864f647e",
              "parentUUID": "90b57480-de4f-450c-b7df-557767a536e1",
              "isHook": false,
              "skipped": false
            },
            {
              "title": "Scrollowanie do boxa specials",
              "fullTitle": "E2E - Scrollowanie/Najechanie Scrollowanie do boxa specials",
              "timedOut": null,
              "duration": 17,
              "state": "passed",
              "speed": "fast",
              "pass": true,
              "fail": false,
              "pending": false,
              "context": null,
              "code": "cy.get('a[title=\"Specials\"]').scrollIntoView();",
              "err": {},
              "uuid": "9928c639-49d7-40c5-9218-b0485efc6d47",
              "parentUUID": "90b57480-de4f-450c-b7df-557767a536e1",
              "isHook": false,
              "skipped": false
            }
          ],
          "suites": [],
          "passes": [
            "2f72bf45-1bae-43f0-8b9b-d728864f647e",
            "9928c639-49d7-40c5-9218-b0485efc6d47"
          ],
          "failures": [],
          "pending": [],
          "skipped": [],
          "duration": 1511,
          "root": false,
          "rootEmpty": false,
          "_timeout": 2000
        }
      ],
      "passes": [],
      "failures": [],
      "pending": [],
      "skipped": [],
      "duration": 0,
      "root": true,
      "rootEmpty": true,
      "_timeout": 2000
    }
  ],
  "meta": {
    "mocha": {
      "version": "7.0.1"
    },
    "mochawesome": {
      "options": {
        "quiet": false,
        "reportFilename": "mochawesome",
        "saveHtml": false,
        "saveJson": true,
        "consoleReporter": "spec",
        "useInlineDiffs": false,
        "code": true
      },
      "version": "7.1.3"
    },
    "marge": {
      "options": {
        "id": "default",
        "reportDir": "cypress/results/mochawesome",
        "overwrite": false,
        "html": false,
        "json": true
      },
      "version": "6.2.0"
    }
  }
}