{
  "stats": {
    "suites": 1,
    "tests": 2,
    "passes": 1,
    "pending": 0,
    "failures": 1,
    "start": "2023-06-15T11:28:49.991Z",
    "end": "2023-06-15T11:29:08.826Z",
    "duration": 18835,
    "testsRegistered": 2,
    "passPercent": 50,
    "pendingPercent": 0,
    "other": 0,
    "hasOther": false,
    "skipped": 0,
    "hasSkipped": false
  },
  "results": [
    {
      "uuid": "a86f0e48-d638-494f-a2a0-147077ff696d",
      "title": "",
      "fullFile": "cypress\\e2e\\UI\\Lokalizatory.js",
      "file": "cypress\\e2e\\UI\\Lokalizatory.js",
      "beforeHooks": [],
      "afterHooks": [],
      "tests": [],
      "suites": [
        {
          "uuid": "a75375a5-cebb-41cd-bb5f-b709fef8205a",
          "title": "E2E - Lesson",
          "fullFile": "",
          "file": "",
          "beforeHooks": [],
          "afterHooks": [],
          "tests": [
            {
              "title": "Lokalizatory",
              "fullTitle": "E2E - Lesson Lokalizatory",
              "timedOut": null,
              "duration": 4850,
              "state": "failed",
              "speed": null,
              "pass": false,
              "fail": true,
              "pending": false,
              "context": null,
              "code": "cy.visit(\"/\");\n// Po znaczniku\ncy.get(\"a\");\n// Identyfikator\ncy.get(\"#search_query_top\");\n// Po klasie\ncy.get(\".form-control\");\n// Po atrybutach\ncy.get('[name=\"search_query\"]');\ncy.get('[placeholder=\"Search\"]');\n//Dokładniejszy atrybut wraz podaniem znacznika\ncy.get('input[placeholder=\"Search\"]');\n//Pobieranie elementów po kilku atrybutach\ncy.get('[src=\"http://automationpractice.pl/modules/themeconfigurator/img/banner-img7.jpg\"][width=\"381\"]');\n//Zalecana Praktyka pobierania elementów\n//cy.get('[data.cy=\"wyszukiwarla\"]')",
              "err": {
                "message": "AssertionError: Timed out retrying after 4000ms: Expected to find element: `[src=\"http://automationpractice.pl/modules/themeconfigurator/img/banner-img7.jpg\"][width=\"381\"]`, but never found it.",
                "estack": "AssertionError: Timed out retrying after 4000ms: Expected to find element: `[src=\"http://automationpractice.pl/modules/themeconfigurator/img/banner-img7.jpg\"][width=\"381\"]`, but never found it.\n    at Context.eval (webpack:///./cypress/e2e/UI/Lokalizatory.js:24:11)",
                "diff": null
              },
              "uuid": "793e69dd-8fd6-4653-8176-bd746188b59c",
              "parentUUID": "a75375a5-cebb-41cd-bb5f-b709fef8205a",
              "isHook": false,
              "skipped": false
            },
            {
              "title": "Lokalizatory część2",
              "fullTitle": "E2E - Lesson Lokalizatory część2",
              "timedOut": null,
              "duration": 1532,
              "state": "passed",
              "speed": "fast",
              "pass": true,
              "fail": false,
              "pending": false,
              "context": null,
              "code": "cy.visit(\"/\");\ncy.contains(\"Shop now !\"); //< Szukanie po tekście\ncy.contains('[title=\"Contact us\"]', 'Contact us');\ncy.get(\"li\").parent(\"#home-page-tabs\").find(\"li\").eq(1);\ncy.get(\"li\").parent(\"#home-page-tabs\").find(\"li\").contains(\"Best Sellers\");",
              "err": {},
              "uuid": "9666ff0d-ac76-456c-bd91-404392a0b242",
              "parentUUID": "a75375a5-cebb-41cd-bb5f-b709fef8205a",
              "isHook": false,
              "skipped": false
            }
          ],
          "suites": [],
          "passes": [
            "9666ff0d-ac76-456c-bd91-404392a0b242"
          ],
          "failures": [
            "793e69dd-8fd6-4653-8176-bd746188b59c"
          ],
          "pending": [],
          "skipped": [],
          "duration": 6382,
          "root": false,
          "rootEmpty": false,
          "_timeout": 2000
        }
      ],
      "passes": [],
      "failures": [],
      "pending": [],
      "skipped": [],
      "duration": 0,
      "root": true,
      "rootEmpty": true,
      "_timeout": 2000
    }
  ],
  "meta": {
    "mocha": {
      "version": "7.0.1"
    },
    "mochawesome": {
      "options": {
        "quiet": false,
        "reportFilename": "mochawesome",
        "saveHtml": true,
        "saveJson": true,
        "consoleReporter": "spec",
        "useInlineDiffs": false,
        "code": true
      },
      "version": "7.1.3"
    },
    "marge": {
      "options": {
        "id": "default",
        "reportDir": "cypress/results/mochawesome",
        "overwrite": false,
        "html": true,
        "json": true
      },
      "version": "6.2.0"
    }
  }
}