{
  "stats": {
    "suites": 1,
    "tests": 1,
    "passes": 1,
    "pending": 0,
    "failures": 0,
    "start": "2023-06-15T11:38:21.011Z",
    "end": "2023-06-15T11:38:22.490Z",
    "duration": 1479,
    "testsRegistered": 1,
    "passPercent": 100,
    "pendingPercent": 0,
    "other": 0,
    "hasOther": false,
    "skipped": 0,
    "hasSkipped": false
  },
  "results": [
    {
      "uuid": "feb4ed21-be16-4f74-b523-b74b809b602c",
      "title": "",
      "fullFile": "cypress\\e2e\\lighthouse.js",
      "file": "cypress\\e2e\\lighthouse.js",
      "beforeHooks": [],
      "afterHooks": [],
      "tests": [],
      "suites": [
        {
          "uuid": "f3dcf54a-7b5e-4a80-ba21-d792a6eb9ca3",
          "title": "Lighthouse Test",
          "fullFile": "",
          "file": "",
          "beforeHooks": [],
          "afterHooks": [],
          "tests": [
            {
              "title": "Pierwszy test Lighthouse",
              "fullTitle": "Lighthouse Test Pierwszy test Lighthouse",
              "timedOut": null,
              "duration": 1439,
              "state": "passed",
              "speed": "fast",
              "pass": true,
              "fail": false,
              "pending": false,
              "context": null,
              "code": "cy.visit('/');\ncy.lighthouse({\n  performance: 85,\n  accessibility: 100,\n  \"best-practices\": 85,\n  seo: 85,\n  pwa: 100\n});",
              "err": {},
              "uuid": "2fb465e3-f2cc-469f-84bc-88f25d731aad",
              "parentUUID": "f3dcf54a-7b5e-4a80-ba21-d792a6eb9ca3",
              "isHook": false,
              "skipped": false
            }
          ],
          "suites": [],
          "passes": [
            "2fb465e3-f2cc-469f-84bc-88f25d731aad"
          ],
          "failures": [],
          "pending": [],
          "skipped": [],
          "duration": 1439,
          "root": false,
          "rootEmpty": false,
          "_timeout": 2000
        }
      ],
      "passes": [],
      "failures": [],
      "pending": [],
      "skipped": [],
      "duration": 0,
      "root": true,
      "rootEmpty": true,
      "_timeout": 2000
    }
  ],
  "meta": {
    "mocha": {
      "version": "7.0.1"
    },
    "mochawesome": {
      "options": {
        "quiet": false,
        "reportFilename": "mochawesome",
        "saveHtml": true,
        "saveJson": true,
        "consoleReporter": "spec",
        "useInlineDiffs": false,
        "code": true
      },
      "version": "7.1.3"
    },
    "marge": {
      "options": {
        "id": "default",
        "reportDir": "cypress/results/mochawesome",
        "overwrite": false,
        "html": true,
        "json": true
      },
      "version": "6.2.0"
    }
  }
}