{
  "stats": {
    "suites": 1,
    "tests": 3,
    "passes": 3,
    "pending": 0,
    "failures": 0,
    "start": "2023-06-15T11:37:02.281Z",
    "end": "2023-06-15T11:37:10.097Z",
    "duration": 7816,
    "testsRegistered": 3,
    "passPercent": 100,
    "pendingPercent": 0,
    "other": 0,
    "hasOther": false,
    "skipped": 0,
    "hasSkipped": false
  },
  "results": [
    {
      "uuid": "eaa8a9fd-3e48-499e-ae35-bd728270d0b2",
      "title": "",
      "fullFile": "cypress\\e2e\\API\\pierwszyTestApi.js",
      "file": "cypress\\e2e\\API\\pierwszyTestApi.js",
      "beforeHooks": [],
      "afterHooks": [],
      "tests": [],
      "suites": [
        {
          "uuid": "cbe57595-5a98-41e6-a104-3922b7fa2dc1",
          "title": "E2E - Testy Api",
          "fullFile": "",
          "file": "",
          "beforeHooks": [],
          "afterHooks": [],
          "tests": [
            {
              "title": "Weryfikacja tagów API",
              "fullTitle": "E2E - Testy Api Weryfikacja tagów API",
              "timedOut": null,
              "duration": 2582,
              "state": "passed",
              "speed": "fast",
              "pass": true,
              "fail": false,
              "pending": false,
              "context": null,
              "code": "cy.intercept(\"GET\", \"https://api.realworld.io/api/tags\").as(\"requestTag\");\ncy.visit(\"https://angular.realworld.io/\");\ncy.wait(\"@requestTag\");\ncy.get(\"@requestTag\").then(res => {\n  console.log(res);\n  expect(res.response.statusCode).to.equal(200);\n  expect(res.response.body.tags).to.contain(\"welcome\");\n});",
              "err": {},
              "uuid": "ac0972c0-3bbb-4c6b-b57b-87237856a8cc",
              "parentUUID": "cbe57595-5a98-41e6-a104-3922b7fa2dc1",
              "isHook": false,
              "skipped": false
            },
            {
              "title": "Niepoprawne logowanie Logowania",
              "fullTitle": "E2E - Testy Api Niepoprawne logowanie Logowania",
              "timedOut": null,
              "duration": 1674,
              "state": "passed",
              "speed": "fast",
              "pass": true,
              "fail": false,
              "pending": false,
              "context": null,
              "code": "cy.intercept(\"POST\", \"https://api.realworld.io/api/users/login\").as(\"Forbidden\");\ncy.visit(\"https://angular.realworld.io/\");\ncy.get(\"a.nav-link\").contains(\"Sign in\").click();\ncy.login('test@test.com', 'test');\ncy.wait(\"@Forbidden\");\ncy.get('@Forbidden').then(res => {\n  console.log(res);\n  expect(res.response.statusCode).to.equal(403);\n  expect(res.response.statusMessage).to.equal(this.daneApi.statusMessage403);\n});",
              "err": {},
              "uuid": "ad0a0008-baa7-4cf4-b57b-a18e3750baa0",
              "parentUUID": "cbe57595-5a98-41e6-a104-3922b7fa2dc1",
              "isHook": false,
              "skipped": false
            },
            {
              "title": "Poprawne logowanie",
              "fullTitle": "E2E - Testy Api Poprawne logowanie",
              "timedOut": null,
              "duration": 1329,
              "state": "passed",
              "speed": "fast",
              "pass": true,
              "fail": false,
              "pending": false,
              "context": null,
              "code": "cy.intercept(\"GET\", \"https://api.realworld.io/api/tags\", {\n  fixture: 'tags.js'\n}).as(\"requestTag\");\ncy.visit(\"https://angular.realworld.io/\");\ncy.get(\"a.nav-link\").contains(\"Sign in\").click();\ncy.login('mbanak265@gmail.com', 'Suchykanal123');\ncy.wait(\"@requestTag\");",
              "err": {},
              "uuid": "2f24bf32-e5e4-47b1-8b76-f8df592c6aa0",
              "parentUUID": "cbe57595-5a98-41e6-a104-3922b7fa2dc1",
              "isHook": false,
              "skipped": false
            }
          ],
          "suites": [],
          "passes": [
            "ac0972c0-3bbb-4c6b-b57b-87237856a8cc",
            "ad0a0008-baa7-4cf4-b57b-a18e3750baa0",
            "2f24bf32-e5e4-47b1-8b76-f8df592c6aa0"
          ],
          "failures": [],
          "pending": [],
          "skipped": [],
          "duration": 5585,
          "root": false,
          "rootEmpty": false,
          "_timeout": 2000
        }
      ],
      "passes": [],
      "failures": [],
      "pending": [],
      "skipped": [],
      "duration": 0,
      "root": true,
      "rootEmpty": true,
      "_timeout": 2000
    }
  ],
  "meta": {
    "mocha": {
      "version": "7.0.1"
    },
    "mochawesome": {
      "options": {
        "quiet": false,
        "reportFilename": "mochawesome",
        "saveHtml": true,
        "saveJson": true,
        "consoleReporter": "spec",
        "useInlineDiffs": false,
        "code": true
      },
      "version": "7.1.3"
    },
    "marge": {
      "options": {
        "id": "default",
        "reportDir": "cypress/results/mochawesome",
        "overwrite": false,
        "html": true,
        "json": true
      },
      "version": "6.2.0"
    }
  }
}