{
  "stats": {
    "suites": 1,
    "tests": 2,
    "passes": 2,
    "pending": 0,
    "failures": 0,
    "start": "2023-06-12T10:44:21.114Z",
    "end": "2023-06-12T10:44:29.380Z",
    "duration": 8266,
    "testsRegistered": 2,
    "passPercent": 100,
    "pendingPercent": 0,
    "other": 0,
    "hasOther": false,
    "skipped": 0,
    "hasSkipped": false
  },
  "results": [
    {
      "uuid": "d889c58b-37f5-47fd-ad58-46c4cda35b90",
      "title": "",
      "fullFile": "cypress/integration/UI/wpisywanie.js",
      "file": "cypress/integration/UI/wpisywanie.js",
      "beforeHooks": [],
      "afterHooks": [],
      "tests": [],
      "suites": [
        {
          "uuid": "0dfcd9f6-ceba-4c5d-b3ff-15528f148fb9",
          "title": "E2E - Akcja Wpisywania",
          "fullFile": "",
          "file": "",
          "beforeHooks": [],
          "afterHooks": [],
          "tests": [
            {
              "title": "Wpisywanie wartości",
              "fullTitle": "E2E - Akcja Wpisywania Wpisywanie wartości",
              "timedOut": null,
              "duration": 7622,
              "state": "passed",
              "speed": "medium",
              "pass": true,
              "fail": false,
              "pending": false,
              "context": null,
              "code": "cy.visit(\"/\"); //cy.get(\"#search_query_top\").type(\"Przykładowy Produkt{backspace}\", {delay: 500})\ncy.searchPhrase(\"Nowy Tekst{backspace}\", 500);",
              "err": {},
              "uuid": "4eba313a-18ba-4da9-ab55-00b45655c73f",
              "parentUUID": "0dfcd9f6-ceba-4c5d-b3ff-15528f148fb9",
              "isHook": false,
              "skipped": false
            },
            {
              "title": "Czyszczenie wartości z pola",
              "fullTitle": "E2E - Akcja Wpisywania Czyszczenie wartości z pola",
              "timedOut": null,
              "duration": 606,
              "state": "passed",
              "speed": "fast",
              "pass": true,
              "fail": false,
              "pending": false,
              "context": null,
              "code": "cy.visit(\"/\");\ncy.get(\"#search_query_top\").clear();",
              "err": {},
              "uuid": "cdf5e4ee-b6b2-4fd9-97da-d68b28890642",
              "parentUUID": "0dfcd9f6-ceba-4c5d-b3ff-15528f148fb9",
              "isHook": false,
              "skipped": false
            }
          ],
          "suites": [],
          "passes": [
            "4eba313a-18ba-4da9-ab55-00b45655c73f",
            "cdf5e4ee-b6b2-4fd9-97da-d68b28890642"
          ],
          "failures": [],
          "pending": [],
          "skipped": [],
          "duration": 8228,
          "root": false,
          "rootEmpty": false,
          "_timeout": 2000
        }
      ],
      "passes": [],
      "failures": [],
      "pending": [],
      "skipped": [],
      "duration": 0,
      "root": true,
      "rootEmpty": true,
      "_timeout": 2000
    }
  ],
  "meta": {
    "mocha": {
      "version": "7.0.1"
    },
    "mochawesome": {
      "options": {
        "quiet": false,
        "reportFilename": "mochawesome",
        "saveHtml": false,
        "saveJson": true,
        "consoleReporter": "spec",
        "useInlineDiffs": false,
        "code": true
      },
      "version": "7.1.3"
    },
    "marge": {
      "options": {
        "id": "default",
        "reportDir": "cypress/results/mochawesome",
        "overwrite": false,
        "html": false,
        "json": true
      },
      "version": "6.2.0"
    }
  }
}