{
  "stats": {
    "suites": 1,
    "tests": 2,
    "passes": 2,
    "pending": 0,
    "failures": 0,
    "start": "2023-06-15T11:30:48.569Z",
    "end": "2023-06-15T11:30:51.738Z",
    "duration": 3169,
    "testsRegistered": 2,
    "passPercent": 100,
    "pendingPercent": 0,
    "other": 0,
    "hasOther": false,
    "skipped": 0,
    "hasSkipped": false
  },
  "results": [
    {
      "uuid": "4f47bf61-6516-4889-84df-214519986344",
      "title": "",
      "fullFile": "cypress\\e2e\\UI\\trigger.js",
      "file": "cypress\\e2e\\UI\\trigger.js",
      "beforeHooks": [],
      "afterHooks": [],
      "tests": [],
      "suites": [
        {
          "uuid": "b993c143-d32e-4c4c-b9fc-9d8a8e3b4580",
          "title": "E2E - Scrollowanie/Najechanie",
          "fullFile": "",
          "file": "",
          "beforeHooks": [],
          "afterHooks": [],
          "tests": [
            {
              "title": "Najechanie na element",
              "fullTitle": "E2E - Scrollowanie/Najechanie Najechanie na element",
              "timedOut": null,
              "duration": 2013,
              "state": "passed",
              "speed": "fast",
              "pass": true,
              "fail": false,
              "pending": false,
              "context": null,
              "code": "cy.visit(\"/\");\ncy.get('a[title=\"Dresses\"]').eq(1).trigger(\"focus\");\ncy.get('li.sfHover a[title=\"Summer Dresses\"]').click();",
              "err": {},
              "uuid": "349dc2ed-b3b1-4a02-94ec-7d6d513260cb",
              "parentUUID": "b993c143-d32e-4c4c-b9fc-9d8a8e3b4580",
              "isHook": false,
              "skipped": false
            },
            {
              "title": "Scrollowanie do boxa specials",
              "fullTitle": "E2E - Scrollowanie/Najechanie Scrollowanie do boxa specials",
              "timedOut": null,
              "duration": 1135,
              "state": "passed",
              "speed": "fast",
              "pass": true,
              "fail": false,
              "pending": false,
              "context": null,
              "code": "cy.visit(\"/\");\ncy.get('a[title=\"Dresses\"]').eq(1).trigger(\"focus\");\ncy.get('li.sfHover a[title=\"Summer Dresses\"]').click();\ncy.get('a[title=\"Specials\"]').scrollIntoView();",
              "err": {},
              "uuid": "100ba6c3-2fac-466a-9879-dce6c6360359",
              "parentUUID": "b993c143-d32e-4c4c-b9fc-9d8a8e3b4580",
              "isHook": false,
              "skipped": false
            }
          ],
          "suites": [],
          "passes": [
            "349dc2ed-b3b1-4a02-94ec-7d6d513260cb",
            "100ba6c3-2fac-466a-9879-dce6c6360359"
          ],
          "failures": [],
          "pending": [],
          "skipped": [],
          "duration": 3148,
          "root": false,
          "rootEmpty": false,
          "_timeout": 2000
        }
      ],
      "passes": [],
      "failures": [],
      "pending": [],
      "skipped": [],
      "duration": 0,
      "root": true,
      "rootEmpty": true,
      "_timeout": 2000
    }
  ],
  "meta": {
    "mocha": {
      "version": "7.0.1"
    },
    "mochawesome": {
      "options": {
        "quiet": false,
        "reportFilename": "mochawesome",
        "saveHtml": true,
        "saveJson": true,
        "consoleReporter": "spec",
        "useInlineDiffs": false,
        "code": true
      },
      "version": "7.1.3"
    },
    "marge": {
      "options": {
        "id": "default",
        "reportDir": "cypress/results/mochawesome",
        "overwrite": false,
        "html": true,
        "json": true
      },
      "version": "6.2.0"
    }
  }
}