{
  "stats": {
    "suites": 1,
    "tests": 1,
    "passes": 1,
    "pending": 0,
    "failures": 0,
    "start": "2023-06-12T10:24:19.153Z",
    "end": "2023-06-12T10:24:21.010Z",
    "duration": 1857,
    "testsRegistered": 1,
    "passPercent": 100,
    "pendingPercent": 0,
    "other": 0,
    "hasOther": false,
    "skipped": 0,
    "hasSkipped": false
  },
  "results": [
    {
      "uuid": "4958663c-60b8-4c3a-b64c-fc5c6dfcf790",
      "title": "",
      "fullFile": "cypress/integration/UI/checkbox.js",
      "file": "cypress/integration/UI/checkbox.js",
      "beforeHooks": [],
      "afterHooks": [],
      "tests": [],
      "suites": [
        {
          "uuid": "5f513eff-c50c-40a0-a4d7-00044789ceae",
          "title": "E2E - Akcje kliknięcia checkbox",
          "fullFile": "",
          "file": "",
          "beforeHooks": [],
          "afterHooks": [],
          "tests": [
            {
              "title": "Checkbox",
              "fullTitle": "E2E - Akcje kliknięcia checkbox Checkbox",
              "timedOut": null,
              "duration": 1809,
              "state": "passed",
              "speed": "fast",
              "pass": true,
              "fail": false,
              "pending": false,
              "context": null,
              "code": "cy.visit(\"/index.php?id_category=3&controller=category\"); // Zaznaczanie pojedyńczych\ncy.get('#ul_layered_category_0').find(\"input\").then(checkbox => {\n  cy.get(checkbox).eq(0).check();\n  cy.get(checkbox).eq(1).check().invoke(\"prop\", \"checked\").then(checkboxStatus => {\n    cy.log(checkboxStatus);\n  });\n}); // Zaznaczanie wszystkich\ncy.get('#ul_layered_id_attribute_group_1').find(\"input\").check();",
              "err": {},
              "uuid": "7232fccd-dd42-4839-9e01-e4917ad9cfda",
              "parentUUID": "5f513eff-c50c-40a0-a4d7-00044789ceae",
              "isHook": false,
              "skipped": false
            }
          ],
          "suites": [],
          "passes": [
            "7232fccd-dd42-4839-9e01-e4917ad9cfda"
          ],
          "failures": [],
          "pending": [],
          "skipped": [],
          "duration": 1809,
          "root": false,
          "rootEmpty": false,
          "_timeout": 2000
        }
      ],
      "passes": [],
      "failures": [],
      "pending": [],
      "skipped": [],
      "duration": 0,
      "root": true,
      "rootEmpty": true,
      "_timeout": 2000
    }
  ],
  "meta": {
    "mocha": {
      "version": "7.0.1"
    },
    "mochawesome": {
      "options": {
        "quiet": false,
        "reportFilename": "mochawesome",
        "saveHtml": false,
        "saveJson": true,
        "consoleReporter": "spec",
        "useInlineDiffs": false,
        "code": true
      },
      "version": "7.1.3"
    },
    "marge": {
      "options": {
        "id": "default",
        "reportDir": "cypress/results/mochawesome",
        "overwrite": false,
        "html": false,
        "json": true
      },
      "version": "6.2.0"
    }
  }
}