{
  "stats": {
    "suites": 1,
    "tests": 2,
    "passes": 2,
    "pending": 0,
    "failures": 0,
    "start": "2023-06-12T19:57:13.992Z",
    "end": "2023-06-12T19:57:22.622Z",
    "duration": 8630,
    "testsRegistered": 2,
    "passPercent": 100,
    "pendingPercent": 0,
    "other": 0,
    "hasOther": false,
    "skipped": 0,
    "hasSkipped": false
  },
  "results": [
    {
      "uuid": "bafa2273-2daf-42a2-9052-2969460d01b1",
      "title": "",
      "fullFile": "cypress\\e2e\\UI\\wpisywanie.js",
      "file": "cypress\\e2e\\UI\\wpisywanie.js",
      "beforeHooks": [],
      "afterHooks": [],
      "tests": [],
      "suites": [
        {
          "uuid": "382227a9-ac07-4575-8ecb-b7d422ae1a45",
          "title": "E2E - Akcja Wpisywania",
          "fullFile": "",
          "file": "",
          "beforeHooks": [],
          "afterHooks": [],
          "tests": [
            {
              "title": "Wpisywanie wartości",
              "fullTitle": "E2E - Akcja Wpisywania Wpisywanie wartości",
              "timedOut": null,
              "duration": 7714,
              "state": "passed",
              "speed": "medium",
              "pass": true,
              "fail": false,
              "pending": false,
              "context": null,
              "code": "cy.visit(\"/\");\n//cy.get(\"#search_query_top\").type(\"Przykładowy Produkt{backspace}\", {delay: 500})\ncy.searchPhrase(\"Nowy Tekst{backspace}\", 500);",
              "err": {},
              "uuid": "b89e412a-c027-4793-8584-5847c457f2ca",
              "parentUUID": "382227a9-ac07-4575-8ecb-b7d422ae1a45",
              "isHook": false,
              "skipped": false
            },
            {
              "title": "Czyszczenie wartości z pola",
              "fullTitle": "E2E - Akcja Wpisywania Czyszczenie wartości z pola",
              "timedOut": null,
              "duration": 847,
              "state": "passed",
              "speed": "fast",
              "pass": true,
              "fail": false,
              "pending": false,
              "context": null,
              "code": "cy.visit(\"/\");\ncy.get(\"#search_query_top\").clear();",
              "err": {},
              "uuid": "e189d72d-b8ce-4ca7-accc-6edab31a1c5a",
              "parentUUID": "382227a9-ac07-4575-8ecb-b7d422ae1a45",
              "isHook": false,
              "skipped": false
            }
          ],
          "suites": [],
          "passes": [
            "b89e412a-c027-4793-8584-5847c457f2ca",
            "e189d72d-b8ce-4ca7-accc-6edab31a1c5a"
          ],
          "failures": [],
          "pending": [],
          "skipped": [],
          "duration": 8561,
          "root": false,
          "rootEmpty": false,
          "_timeout": 2000
        }
      ],
      "passes": [],
      "failures": [],
      "pending": [],
      "skipped": [],
      "duration": 0,
      "root": true,
      "rootEmpty": true,
      "_timeout": 2000
    }
  ],
  "meta": {
    "mocha": {
      "version": "7.0.1"
    },
    "mochawesome": {
      "options": {
        "quiet": false,
        "reportFilename": "mochawesome",
        "saveHtml": false,
        "saveJson": true,
        "consoleReporter": "spec",
        "useInlineDiffs": false,
        "code": true
      },
      "version": "7.1.3"
    },
    "marge": {
      "options": {
        "id": "default",
        "reportDir": "cypress/results/mochawesome",
        "overwrite": false,
        "html": false,
        "json": true
      },
      "version": "6.2.0"
    }
  }
}