{
  "stats": {
    "suites": 1,
    "tests": 2,
    "passes": 1,
    "pending": 0,
    "failures": 1,
    "start": "2023-06-12T19:56:51.047Z",
    "end": "2023-06-12T19:57:05.964Z",
    "duration": 14917,
    "testsRegistered": 2,
    "passPercent": 50,
    "pendingPercent": 0,
    "other": 0,
    "hasOther": false,
    "skipped": 0,
    "hasSkipped": false
  },
  "results": [
    {
      "uuid": "6be4053d-d1de-46e0-8ef5-7c1838efcae9",
      "title": "",
      "fullFile": "cypress\\e2e\\UI\\trigger.js",
      "file": "cypress\\e2e\\UI\\trigger.js",
      "beforeHooks": [],
      "afterHooks": [],
      "tests": [],
      "suites": [
        {
          "uuid": "15b29bb6-2423-489a-8af7-e0088549432a",
          "title": "E2E - Scrollowanie/Najechanie",
          "fullFile": "",
          "file": "",
          "beforeHooks": [],
          "afterHooks": [],
          "tests": [
            {
              "title": "Najechanie na element",
              "fullTitle": "E2E - Scrollowanie/Najechanie Najechanie na element",
              "timedOut": null,
              "duration": 2304,
              "state": "passed",
              "speed": "fast",
              "pass": true,
              "fail": false,
              "pending": false,
              "context": null,
              "code": "cy.visit(\"/\");\ncy.get('a[title=\"Dresses\"]').eq(1).trigger(\"focus\");\ncy.get('li.sfHover a[title=\"Summer Dresses\"]').click();",
              "err": {},
              "uuid": "7f3559f0-7c25-4020-9a29-1dbbaa84bf1a",
              "parentUUID": "15b29bb6-2423-489a-8af7-e0088549432a",
              "isHook": false,
              "skipped": false
            },
            {
              "title": "Scrollowanie do boxa specials",
              "fullTitle": "E2E - Scrollowanie/Najechanie Scrollowanie do boxa specials",
              "timedOut": null,
              "duration": 4193,
              "state": "failed",
              "speed": null,
              "pass": false,
              "fail": true,
              "pending": false,
              "context": null,
              "code": "cy.get('a[title=\"Specials\"]').scrollIntoView();",
              "err": {
                "message": "AssertionError: Timed out retrying after 4000ms: Expected to find element: `a[title=\"Specials\"]`, but never found it.",
                "estack": "AssertionError: Timed out retrying after 4000ms: Expected to find element: `a[title=\"Specials\"]`, but never found it.\n    at Context.eval (webpack:///./cypress/e2e/UI/trigger.js:12:11)",
                "diff": null
              },
              "uuid": "e46b5262-a184-4a2c-b3b4-888329bc00cb",
              "parentUUID": "15b29bb6-2423-489a-8af7-e0088549432a",
              "isHook": false,
              "skipped": false
            }
          ],
          "suites": [],
          "passes": [
            "7f3559f0-7c25-4020-9a29-1dbbaa84bf1a"
          ],
          "failures": [
            "e46b5262-a184-4a2c-b3b4-888329bc00cb"
          ],
          "pending": [],
          "skipped": [],
          "duration": 6497,
          "root": false,
          "rootEmpty": false,
          "_timeout": 2000
        }
      ],
      "passes": [],
      "failures": [],
      "pending": [],
      "skipped": [],
      "duration": 0,
      "root": true,
      "rootEmpty": true,
      "_timeout": 2000
    }
  ],
  "meta": {
    "mocha": {
      "version": "7.0.1"
    },
    "mochawesome": {
      "options": {
        "quiet": false,
        "reportFilename": "mochawesome",
        "saveHtml": false,
        "saveJson": true,
        "consoleReporter": "spec",
        "useInlineDiffs": false,
        "code": true
      },
      "version": "7.1.3"
    },
    "marge": {
      "options": {
        "id": "default",
        "reportDir": "cypress/results/mochawesome",
        "overwrite": false,
        "html": false,
        "json": true
      },
      "version": "6.2.0"
    }
  }
}