{
  "stats": {
    "suites": 1,
    "tests": 1,
    "passes": 1,
    "pending": 0,
    "failures": 0,
    "start": "2023-06-14T13:39:37.061Z",
    "end": "2023-06-14T13:39:40.686Z",
    "duration": 3625,
    "testsRegistered": 1,
    "passPercent": 100,
    "pendingPercent": 0,
    "other": 0,
    "hasOther": false,
    "skipped": 0,
    "hasSkipped": false
  },
  "results": [
    {
      "uuid": "a5c93725-a079-45e9-b422-e698b7a219ec",
      "title": "",
      "fullFile": "cypress\\e2e\\shadow.js",
      "file": "cypress\\e2e\\shadow.js",
      "beforeHooks": [],
      "afterHooks": [],
      "tests": [],
      "suites": [
        {
          "uuid": "42659a16-fc27-444e-b322-f384e5cc9874",
          "title": "E2E - Shadow Dom",
          "fullFile": "",
          "file": "",
          "beforeHooks": [],
          "afterHooks": [],
          "tests": [
            {
              "title": "Wykorzystanie metody Shadow",
              "fullTitle": "E2E - Shadow Dom Wykorzystanie metody Shadow",
              "timedOut": null,
              "duration": 1299,
              "state": "passed",
              "speed": "fast",
              "pass": true,
              "fail": false,
              "pending": false,
              "context": null,
              "code": "cy.visit(\"https://www.htmlelements.com/demos/menu/shadow-dom/index.htm\");\n// Jeśli include ShadowDom jest FALSE w Cypress.json to wtedy trzeba dodać shadow\n// cy.get(\".smart-ui-component\").shadow().contains(\"File\").click();\ncy.contains(\"File\").click();",
              "err": {},
              "uuid": "7dbc9122-94a7-4d76-bf19-dc8b0b414f10",
              "parentUUID": "42659a16-fc27-444e-b322-f384e5cc9874",
              "isHook": false,
              "skipped": false
            }
          ],
          "suites": [],
          "passes": [
            "7dbc9122-94a7-4d76-bf19-dc8b0b414f10"
          ],
          "failures": [],
          "pending": [],
          "skipped": [],
          "duration": 1299,
          "root": false,
          "rootEmpty": false,
          "_timeout": 2000
        }
      ],
      "passes": [],
      "failures": [],
      "pending": [],
      "skipped": [],
      "duration": 0,
      "root": true,
      "rootEmpty": true,
      "_timeout": 2000
    }
  ],
  "meta": {
    "mocha": {
      "version": "7.0.1"
    },
    "mochawesome": {
      "options": {
        "quiet": false,
        "reportFilename": "mochawesome",
        "saveHtml": false,
        "saveJson": true,
        "consoleReporter": "spec",
        "useInlineDiffs": false,
        "code": true
      },
      "version": "7.1.3"
    },
    "marge": {
      "options": {
        "id": "default",
        "reportDir": "cypress/results/mochawesome",
        "overwrite": false,
        "html": false,
        "json": true
      },
      "version": "6.2.0"
    }
  }
}