{
  "stats": {
    "suites": 1,
    "tests": 1,
    "passes": 1,
    "pending": 0,
    "failures": 0,
    "start": "2023-06-12T10:43:46.661Z",
    "end": "2023-06-12T10:43:50.038Z",
    "duration": 3377,
    "testsRegistered": 1,
    "passPercent": 100,
    "pendingPercent": 0,
    "other": 0,
    "hasOther": false,
    "skipped": 0,
    "hasSkipped": false
  },
  "results": [
    {
      "uuid": "7a20167d-32ba-4557-837a-03e5f92835e1",
      "title": "",
      "fullFile": "cypress/integration/UI/examplePageObjectModel.js",
      "file": "cypress/integration/UI/examplePageObjectModel.js",
      "beforeHooks": [],
      "afterHooks": [],
      "tests": [],
      "suites": [
        {
          "uuid": "2f3a1590-0813-47b9-8dcc-bdd5f3376ceb",
          "title": "E2E - Akcja wybrania opcji select",
          "fullFile": "",
          "file": "",
          "beforeHooks": [],
          "afterHooks": [],
          "tests": [
            {
              "title": "Wybieranie opcji",
              "fullTitle": "E2E - Akcja wybrania opcji select Wybieranie opcji",
              "timedOut": null,
              "duration": 3350,
              "state": "passed",
              "speed": "fast",
              "pass": true,
              "fail": false,
              "pending": false,
              "context": null,
              "code": "cy.visit(\"/index.php?id_category=3&controller=category\"); // Po nazwie\n_selectPage.default.select.select(\"In stock\"); // Po value\n\n_selectPage.default.select.select(\"price:asc\"); // Po indexach\n\n_selectPage.default.select.select(7);",
              "err": {},
              "uuid": "3849f83c-a3da-4150-abd8-c5e5787f9813",
              "parentUUID": "2f3a1590-0813-47b9-8dcc-bdd5f3376ceb",
              "isHook": false,
              "skipped": false
            }
          ],
          "suites": [],
          "passes": [
            "3849f83c-a3da-4150-abd8-c5e5787f9813"
          ],
          "failures": [],
          "pending": [],
          "skipped": [],
          "duration": 3350,
          "root": false,
          "rootEmpty": false,
          "_timeout": 2000
        }
      ],
      "passes": [],
      "failures": [],
      "pending": [],
      "skipped": [],
      "duration": 0,
      "root": true,
      "rootEmpty": true,
      "_timeout": 2000
    }
  ],
  "meta": {
    "mocha": {
      "version": "7.0.1"
    },
    "mochawesome": {
      "options": {
        "quiet": false,
        "reportFilename": "mochawesome",
        "saveHtml": false,
        "saveJson": true,
        "consoleReporter": "spec",
        "useInlineDiffs": false,
        "code": true
      },
      "version": "7.1.3"
    },
    "marge": {
      "options": {
        "id": "default",
        "reportDir": "cypress/results/mochawesome",
        "overwrite": false,
        "html": false,
        "json": true
      },
      "version": "6.2.0"
    }
  }
}