{
  "stats": {
    "suites": 1,
    "tests": 1,
    "passes": 1,
    "pending": 0,
    "failures": 0,
    "start": "2023-06-14T13:10:11.425Z",
    "end": "2023-06-14T13:10:12.860Z",
    "duration": 1435,
    "testsRegistered": 1,
    "passPercent": 100,
    "pendingPercent": 0,
    "other": 0,
    "hasOther": false,
    "skipped": 0,
    "hasSkipped": false
  },
  "results": [
    {
      "uuid": "9963cc88-aa7f-4035-b9d5-db26bdf5209c",
      "title": "",
      "fullFile": "cypress\\e2e\\UI\\asercje.js",
      "file": "cypress\\e2e\\UI\\asercje.js",
      "beforeHooks": [],
      "afterHooks": [],
      "tests": [],
      "suites": [
        {
          "uuid": "89166772-0a8a-4edd-acc2-25b2f6692242",
          "title": "E2E - Asercje",
          "fullFile": "",
          "file": "",
          "beforeHooks": [],
          "afterHooks": [],
          "tests": [
            {
              "title": "Asercje expect oraz should",
              "fullTitle": "E2E - Asercje Asercje expect oraz should",
              "timedOut": null,
              "duration": 1359,
              "state": "passed",
              "speed": "fast",
              "pass": true,
              "fail": false,
              "pending": false,
              "context": null,
              "code": "cy.visit(\"/\");\n//Weryfikacja tekstu\ncy.get('a[title=\"Contact us\"]').should(\"contain\", \"Contact us\");\ncy.get('a[title=\"Contact us\"]').then(zakladka => {\n  expect(zakladka).to.contain(\"Contact us\");\n});\n// Sprawdzenie czy nie zawiera tekstu\ncy.get('a[title=\"Contact us\"]').should(\"not.contain\", \"test\");\ncy.get('a[title=\"Contact us\"]').then(zakladka => {\n  expect(zakladka).not.to.contain(\"test\");\n});\n//Weryfikacja czy znacznik posiada klase\ncy.get('#search_query_top').should(\"have.class\", \"search_query form-control ac_input\");\ncy.get('#search_query_top').then(searchbox => {\n  expect(searchbox).have.class(\"search_query form-control ac_input\");\n});\n//Czy element jest widoczny\ncy.get('#search_query_top').should(\"be.visible\");\ncy.get('#search_query_top').then(searchbox => {\n  expect(searchbox).to.be.visible;\n});\n//Weryfikacja ilości pobranych elementów\ncy.get(\"ul.sf-menu\").find(\"li\").should(\"have.length\", 16);\ncy.get(\"ul.sf-menu\").find(\"li\").then(zakladki => {\n  expect(zakladki).have.length(16);\n});\n//Weryfikacja wartości css danego elementu\ncy.get('#search_query_top').should(\"have.css\", \"line-height\", \"18.5714px\");\ncy.get('#search_query_top').then(wyszukiwarka => {\n  expect(wyszukiwarka).have.css(\"line-height\", \"18.5714px\");\n});",
              "err": {},
              "uuid": "a47eb24a-e0a0-4c91-84da-f98b21dcba3b",
              "parentUUID": "89166772-0a8a-4edd-acc2-25b2f6692242",
              "isHook": false,
              "skipped": false
            }
          ],
          "suites": [],
          "passes": [
            "a47eb24a-e0a0-4c91-84da-f98b21dcba3b"
          ],
          "failures": [],
          "pending": [],
          "skipped": [],
          "duration": 1359,
          "root": false,
          "rootEmpty": false,
          "_timeout": 2000
        }
      ],
      "passes": [],
      "failures": [],
      "pending": [],
      "skipped": [],
      "duration": 0,
      "root": true,
      "rootEmpty": true,
      "_timeout": 2000
    }
  ],
  "meta": {
    "mocha": {
      "version": "7.0.1"
    },
    "mochawesome": {
      "options": {
        "quiet": false,
        "reportFilename": "mochawesome",
        "saveHtml": false,
        "saveJson": true,
        "consoleReporter": "spec",
        "useInlineDiffs": false,
        "code": true
      },
      "version": "7.1.3"
    },
    "marge": {
      "options": {
        "id": "default",
        "reportDir": "cypress/results/mochawesome",
        "overwrite": false,
        "html": false,
        "json": true
      },
      "version": "6.2.0"
    }
  }
}