{
  "stats": {
    "suites": 1,
    "tests": 2,
    "passes": 2,
    "pending": 0,
    "failures": 0,
    "start": "2023-06-14T13:39:07.924Z",
    "end": "2023-06-14T13:39:11.446Z",
    "duration": 3522,
    "testsRegistered": 2,
    "passPercent": 100,
    "pendingPercent": 0,
    "other": 0,
    "hasOther": false,
    "skipped": 0,
    "hasSkipped": false
  },
  "results": [
    {
      "uuid": "717d9c38-4637-4d92-a6b5-8a83fd5bb0db",
      "title": "",
      "fullFile": "cypress\\e2e\\UI\\trigger.js",
      "file": "cypress\\e2e\\UI\\trigger.js",
      "beforeHooks": [],
      "afterHooks": [],
      "tests": [],
      "suites": [
        {
          "uuid": "268f7d8a-17e7-4d81-8db6-7277036e47eb",
          "title": "E2E - Scrollowanie/Najechanie",
          "fullFile": "",
          "file": "",
          "beforeHooks": [],
          "afterHooks": [],
          "tests": [
            {
              "title": "Najechanie na element",
              "fullTitle": "E2E - Scrollowanie/Najechanie Najechanie na element",
              "timedOut": null,
              "duration": 2362,
              "state": "passed",
              "speed": "fast",
              "pass": true,
              "fail": false,
              "pending": false,
              "context": null,
              "code": "cy.visit(\"/\");\ncy.get('a[title=\"Dresses\"]').eq(1).trigger(\"focus\");\ncy.get('li.sfHover a[title=\"Summer Dresses\"]').click();",
              "err": {},
              "uuid": "f4d0f9ae-7814-44a6-b812-cf7d5685b052",
              "parentUUID": "268f7d8a-17e7-4d81-8db6-7277036e47eb",
              "isHook": false,
              "skipped": false
            },
            {
              "title": "Scrollowanie do boxa specials",
              "fullTitle": "E2E - Scrollowanie/Najechanie Scrollowanie do boxa specials",
              "timedOut": null,
              "duration": 1117,
              "state": "passed",
              "speed": "fast",
              "pass": true,
              "fail": false,
              "pending": false,
              "context": null,
              "code": "cy.visit(\"/\");\ncy.get('a[title=\"Dresses\"]').eq(1).trigger(\"focus\");\ncy.get('li.sfHover a[title=\"Summer Dresses\"]').click();\ncy.get('a[title=\"Specials\"]').scrollIntoView();",
              "err": {},
              "uuid": "3fa87a0f-f4ad-448a-a7ea-5e004f70d808",
              "parentUUID": "268f7d8a-17e7-4d81-8db6-7277036e47eb",
              "isHook": false,
              "skipped": false
            }
          ],
          "suites": [],
          "passes": [
            "f4d0f9ae-7814-44a6-b812-cf7d5685b052",
            "3fa87a0f-f4ad-448a-a7ea-5e004f70d808"
          ],
          "failures": [],
          "pending": [],
          "skipped": [],
          "duration": 3479,
          "root": false,
          "rootEmpty": false,
          "_timeout": 2000
        }
      ],
      "passes": [],
      "failures": [],
      "pending": [],
      "skipped": [],
      "duration": 0,
      "root": true,
      "rootEmpty": true,
      "_timeout": 2000
    }
  ],
  "meta": {
    "mocha": {
      "version": "7.0.1"
    },
    "mochawesome": {
      "options": {
        "quiet": false,
        "reportFilename": "mochawesome",
        "saveHtml": false,
        "saveJson": true,
        "consoleReporter": "spec",
        "useInlineDiffs": false,
        "code": true
      },
      "version": "7.1.3"
    },
    "marge": {
      "options": {
        "id": "default",
        "reportDir": "cypress/results/mochawesome",
        "overwrite": false,
        "html": false,
        "json": true
      },
      "version": "6.2.0"
    }
  }
}