{
  "stats": {
    "suites": 1,
    "tests": 1,
    "passes": 1,
    "pending": 0,
    "failures": 0,
    "start": "2023-06-12T19:56:21.139Z",
    "end": "2023-06-12T19:56:24.739Z",
    "duration": 3600,
    "testsRegistered": 1,
    "passPercent": 100,
    "pendingPercent": 0,
    "other": 0,
    "hasOther": false,
    "skipped": 0,
    "hasSkipped": false
  },
  "results": [
    {
      "uuid": "879f4bd5-3cd8-43c1-831b-685322636a67",
      "title": "",
      "fullFile": "cypress\\e2e\\UI\\examplePageObjectModel.js",
      "file": "cypress\\e2e\\UI\\examplePageObjectModel.js",
      "beforeHooks": [],
      "afterHooks": [],
      "tests": [],
      "suites": [
        {
          "uuid": "1adb6582-b463-483d-81fa-ac2fc9b57bc2",
          "title": "E2E - Akcja wybrania opcji select",
          "fullFile": "",
          "file": "",
          "beforeHooks": [],
          "afterHooks": [],
          "tests": [
            {
              "title": "Wybieranie opcji",
              "fullTitle": "E2E - Akcja wybrania opcji select Wybieranie opcji",
              "timedOut": null,
              "duration": 3522,
              "state": "passed",
              "speed": "fast",
              "pass": true,
              "fail": false,
              "pending": false,
              "context": null,
              "code": "cy.visit(\"/index.php?id_category=3&controller=category\");\n// Po nazwie\n_selectPage.default.select.select(\"In stock\");\n// Po value\n_selectPage.default.select.select(\"price:asc\");\n// Po indexach\n_selectPage.default.select.select(7);",
              "err": {},
              "uuid": "c27e53cb-86d4-41c7-9469-c4c02009ad0c",
              "parentUUID": "1adb6582-b463-483d-81fa-ac2fc9b57bc2",
              "isHook": false,
              "skipped": false
            }
          ],
          "suites": [],
          "passes": [
            "c27e53cb-86d4-41c7-9469-c4c02009ad0c"
          ],
          "failures": [],
          "pending": [],
          "skipped": [],
          "duration": 3522,
          "root": false,
          "rootEmpty": false,
          "_timeout": 2000
        }
      ],
      "passes": [],
      "failures": [],
      "pending": [],
      "skipped": [],
      "duration": 0,
      "root": true,
      "rootEmpty": true,
      "_timeout": 2000
    }
  ],
  "meta": {
    "mocha": {
      "version": "7.0.1"
    },
    "mochawesome": {
      "options": {
        "quiet": false,
        "reportFilename": "mochawesome",
        "saveHtml": false,
        "saveJson": true,
        "consoleReporter": "spec",
        "useInlineDiffs": false,
        "code": true
      },
      "version": "7.1.3"
    },
    "marge": {
      "options": {
        "id": "default",
        "reportDir": "cypress/results/mochawesome",
        "overwrite": false,
        "html": false,
        "json": true
      },
      "version": "6.2.0"
    }
  }
}