{
  "stats": {
    "suites": 1,
    "tests": 1,
    "passes": 1,
    "pending": 0,
    "failures": 0,
    "start": "2023-06-12T10:39:54.654Z",
    "end": "2023-06-12T10:39:55.834Z",
    "duration": 1180,
    "testsRegistered": 1,
    "passPercent": 100,
    "pendingPercent": 0,
    "other": 0,
    "hasOther": false,
    "skipped": 0,
    "hasSkipped": false
  },
  "results": [
    {
      "uuid": "f8f0fcab-0ae3-49bc-bc53-c92067fd5b88",
      "title": "",
      "fullFile": "cypress/integration/UI/zmienne.js",
      "file": "cypress/integration/UI/zmienne.js",
      "beforeHooks": [],
      "afterHooks": [],
      "tests": [],
      "suites": [
        {
          "uuid": "4735120e-bd8d-40f5-8264-b10c4fece39a",
          "title": "E2E - Zmienne",
          "fullFile": "",
          "file": "",
          "beforeHooks": [],
          "afterHooks": [],
          "tests": [
            {
              "title": "Zmienne Środowiskowe",
              "fullTitle": "E2E - Zmienne Zmienne Środowiskowe",
              "timedOut": null,
              "duration": 1149,
              "state": "passed",
              "speed": "fast",
              "pass": true,
              "fail": false,
              "pending": false,
              "context": null,
              "code": "cy.visit(Cypress.env(\"url\"));",
              "err": {},
              "uuid": "514a93d3-b124-421b-b63c-0b974af18430",
              "parentUUID": "4735120e-bd8d-40f5-8264-b10c4fece39a",
              "isHook": false,
              "skipped": false
            }
          ],
          "suites": [],
          "passes": [
            "514a93d3-b124-421b-b63c-0b974af18430"
          ],
          "failures": [],
          "pending": [],
          "skipped": [],
          "duration": 1149,
          "root": false,
          "rootEmpty": false,
          "_timeout": 2000
        }
      ],
      "passes": [],
      "failures": [],
      "pending": [],
      "skipped": [],
      "duration": 0,
      "root": true,
      "rootEmpty": true,
      "_timeout": 2000
    }
  ],
  "meta": {
    "mocha": {
      "version": "7.0.1"
    },
    "mochawesome": {
      "options": {
        "quiet": false,
        "reportFilename": "mochawesome",
        "saveHtml": false,
        "saveJson": true,
        "consoleReporter": "spec",
        "useInlineDiffs": false,
        "code": true
      },
      "version": "7.1.3"
    },
    "marge": {
      "options": {
        "id": "default",
        "reportDir": "cypress/results/mochawesome",
        "overwrite": false,
        "html": false,
        "json": true
      },
      "version": "6.2.0"
    }
  }
}