{
  "stats": {
    "suites": 1,
    "tests": 2,
    "passes": 2,
    "pending": 0,
    "failures": 0,
    "start": "2023-06-12T10:44:01.996Z",
    "end": "2023-06-12T10:44:11.095Z",
    "duration": 9099,
    "testsRegistered": 2,
    "passPercent": 100,
    "pendingPercent": 0,
    "other": 0,
    "hasOther": false,
    "skipped": 0,
    "hasSkipped": false
  },
  "results": [
    {
      "uuid": "63a57f50-82f4-4d02-bebc-df0d3be72517",
      "title": "",
      "fullFile": "cypress/integration/UI/select.js",
      "file": "cypress/integration/UI/select.js",
      "beforeHooks": [],
      "afterHooks": [],
      "tests": [],
      "suites": [
        {
          "uuid": "a763877e-3a20-48e1-b565-ee7eb263337f",
          "title": "E2E - Akcja wybrania opcji select",
          "fullFile": "",
          "file": "",
          "beforeHooks": [],
          "afterHooks": [],
          "tests": [
            {
              "title": "Wybieranie opcji",
              "fullTitle": "E2E - Akcja wybrania opcji select Wybieranie opcji",
              "timedOut": null,
              "duration": 3471,
              "state": "passed",
              "speed": "fast",
              "pass": true,
              "fail": false,
              "pending": false,
              "context": null,
              "code": "cy.visit(\"/index.php?id_category=3&controller=category\"); // Po nazwie\ncy.get('#selectProductSort').select(\"In stock\"); // Po value\ncy.get('#selectProductSort').select(\"price:asc\"); // Po indexach\ncy.get('#selectProductSort').select(7);",
              "err": {},
              "uuid": "c7ca0fcd-7bac-4b60-aba8-39f9d0fe84a5",
              "parentUUID": "a763877e-3a20-48e1-b565-ee7eb263337f",
              "isHook": false,
              "skipped": false
            },
            {
              "title": "Wybieranie wszystkich opcji",
              "fullTitle": "E2E - Akcja wybrania opcji select Wybieranie wszystkich opcji",
              "timedOut": null,
              "duration": 5599,
              "state": "passed",
              "speed": "medium",
              "pass": true,
              "fail": false,
              "pending": false,
              "context": null,
              "code": "cy.visit(\"/index.php?id_category=3&controller=category\");\n_selectPage.default.selectallOption(); // cy.get('#selectProductSort').then(dropdown =>{\n//     cy.wrap(dropdown).find(\"option\").each(opcje =>{\n//         cy.get('#selectProductSort').select(opcje.text(), {delay:1000})\n//     })\n// })",
              "err": {},
              "uuid": "ea77c42d-1e3c-4cc4-9eed-335122e42cf4",
              "parentUUID": "a763877e-3a20-48e1-b565-ee7eb263337f",
              "isHook": false,
              "skipped": false
            }
          ],
          "suites": [],
          "passes": [
            "c7ca0fcd-7bac-4b60-aba8-39f9d0fe84a5",
            "ea77c42d-1e3c-4cc4-9eed-335122e42cf4"
          ],
          "failures": [],
          "pending": [],
          "skipped": [],
          "duration": 9070,
          "root": false,
          "rootEmpty": false,
          "_timeout": 2000
        }
      ],
      "passes": [],
      "failures": [],
      "pending": [],
      "skipped": [],
      "duration": 0,
      "root": true,
      "rootEmpty": true,
      "_timeout": 2000
    }
  ],
  "meta": {
    "mocha": {
      "version": "7.0.1"
    },
    "mochawesome": {
      "options": {
        "quiet": false,
        "reportFilename": "mochawesome",
        "saveHtml": false,
        "saveJson": true,
        "consoleReporter": "spec",
        "useInlineDiffs": false,
        "code": true
      },
      "version": "7.1.3"
    },
    "marge": {
      "options": {
        "id": "default",
        "reportDir": "cypress/results/mochawesome",
        "overwrite": false,
        "html": false,
        "json": true
      },
      "version": "6.2.0"
    }
  }
}