{
  "stats": {
    "suites": 1,
    "tests": 1,
    "passes": 1,
    "pending": 0,
    "failures": 0,
    "start": "2023-06-12T20:21:48.847Z",
    "end": "2023-06-12T20:21:51.062Z",
    "duration": 2215,
    "testsRegistered": 1,
    "passPercent": 100,
    "pendingPercent": 0,
    "other": 0,
    "hasOther": false,
    "skipped": 0,
    "hasSkipped": false
  },
  "results": [
    {
      "uuid": "ce6bebbb-6c57-4adf-86d9-c8ecc8590007",
      "title": "",
      "fullFile": "cypress\\e2e\\UI\\checkbox.js",
      "file": "cypress\\e2e\\UI\\checkbox.js",
      "beforeHooks": [],
      "afterHooks": [],
      "tests": [],
      "suites": [
        {
          "uuid": "bdb5f4e6-f400-4a53-85e4-48c7463ac0ef",
          "title": "E2E - Akcje kliknięcia checkbox",
          "fullFile": "",
          "file": "",
          "beforeHooks": [],
          "afterHooks": [],
          "tests": [
            {
              "title": "Checkbox",
              "fullTitle": "E2E - Akcje kliknięcia checkbox Checkbox",
              "timedOut": null,
              "duration": 2189,
              "state": "passed",
              "speed": "fast",
              "pass": true,
              "fail": false,
              "pending": false,
              "context": null,
              "code": "cy.visit(\"/index.php?id_category=3&controller=category\");\n// Zaznaczanie pojedyńczych\ncy.get('#ul_layered_category_0').find(\"input\").then(checkbox => {\n  cy.get(checkbox).eq(0).check();\n  cy.get(checkbox).eq(1).check().invoke(\"prop\", \"checked\").then(checkboxStatus => {\n    cy.log(checkboxStatus);\n  });\n});\n// Zaznaczanie wszystkich\ncy.get('#ul_layered_id_attribute_group_1').find(\"input\").check();",
              "err": {},
              "uuid": "fd22de51-39eb-435f-8e13-40a6619412ac",
              "parentUUID": "bdb5f4e6-f400-4a53-85e4-48c7463ac0ef",
              "isHook": false,
              "skipped": false
            }
          ],
          "suites": [],
          "passes": [
            "fd22de51-39eb-435f-8e13-40a6619412ac"
          ],
          "failures": [],
          "pending": [],
          "skipped": [],
          "duration": 2189,
          "root": false,
          "rootEmpty": false,
          "_timeout": 2000
        }
      ],
      "passes": [],
      "failures": [],
      "pending": [],
      "skipped": [],
      "duration": 0,
      "root": true,
      "rootEmpty": true,
      "_timeout": 2000
    }
  ],
  "meta": {
    "mocha": {
      "version": "7.0.1"
    },
    "mochawesome": {
      "options": {
        "quiet": false,
        "reportFilename": "mochawesome",
        "saveHtml": false,
        "saveJson": true,
        "consoleReporter": "spec",
        "useInlineDiffs": false,
        "code": true
      },
      "version": "7.1.3"
    },
    "marge": {
      "options": {
        "id": "default",
        "reportDir": "cypress/results/mochawesome",
        "overwrite": false,
        "html": false,
        "json": true
      },
      "version": "6.2.0"
    }
  }
}