{
  "stats": {
    "suites": 1,
    "tests": 2,
    "passes": 2,
    "pending": 0,
    "failures": 0,
    "start": "2023-06-15T11:30:58.490Z",
    "end": "2023-06-15T11:31:06.440Z",
    "duration": 7950,
    "testsRegistered": 2,
    "passPercent": 100,
    "pendingPercent": 0,
    "other": 0,
    "hasOther": false,
    "skipped": 0,
    "hasSkipped": false
  },
  "results": [
    {
      "uuid": "1d37ce84-7508-47f8-b478-6f70eada3fc2",
      "title": "",
      "fullFile": "cypress\\e2e\\UI\\wpisywanie.js",
      "file": "cypress\\e2e\\UI\\wpisywanie.js",
      "beforeHooks": [],
      "afterHooks": [],
      "tests": [],
      "suites": [
        {
          "uuid": "f80be442-5de8-47bd-b4bb-65f1aa7c2c74",
          "title": "E2E - Akcja Wpisywania",
          "fullFile": "",
          "file": "",
          "beforeHooks": [],
          "afterHooks": [],
          "tests": [
            {
              "title": "Wpisywanie wartości",
              "fullTitle": "E2E - Akcja Wpisywania Wpisywanie wartości",
              "timedOut": null,
              "duration": 7292,
              "state": "passed",
              "speed": "medium",
              "pass": true,
              "fail": false,
              "pending": false,
              "context": null,
              "code": "cy.visit(\"/\");\n//cy.get(\"#search_query_top\").type(\"Przykładowy Produkt{backspace}\", {delay: 500})\ncy.searchPhrase(\"Nowy Tekst{backspace}\", 500);",
              "err": {},
              "uuid": "49057e77-e2d4-4539-bef4-c73774e7cc60",
              "parentUUID": "f80be442-5de8-47bd-b4bb-65f1aa7c2c74",
              "isHook": false,
              "skipped": false
            },
            {
              "title": "Czyszczenie wartości z pola",
              "fullTitle": "E2E - Akcja Wpisywania Czyszczenie wartości z pola",
              "timedOut": null,
              "duration": 620,
              "state": "passed",
              "speed": "fast",
              "pass": true,
              "fail": false,
              "pending": false,
              "context": null,
              "code": "cy.visit(\"/\");\ncy.get(\"#search_query_top\").clear();",
              "err": {},
              "uuid": "57326d09-b589-48d1-ab78-7a00834e0aab",
              "parentUUID": "f80be442-5de8-47bd-b4bb-65f1aa7c2c74",
              "isHook": false,
              "skipped": false
            }
          ],
          "suites": [],
          "passes": [
            "49057e77-e2d4-4539-bef4-c73774e7cc60",
            "57326d09-b589-48d1-ab78-7a00834e0aab"
          ],
          "failures": [],
          "pending": [],
          "skipped": [],
          "duration": 7912,
          "root": false,
          "rootEmpty": false,
          "_timeout": 2000
        }
      ],
      "passes": [],
      "failures": [],
      "pending": [],
      "skipped": [],
      "duration": 0,
      "root": true,
      "rootEmpty": true,
      "_timeout": 2000
    }
  ],
  "meta": {
    "mocha": {
      "version": "7.0.1"
    },
    "mochawesome": {
      "options": {
        "quiet": false,
        "reportFilename": "mochawesome",
        "saveHtml": true,
        "saveJson": true,
        "consoleReporter": "spec",
        "useInlineDiffs": false,
        "code": true
      },
      "version": "7.1.3"
    },
    "marge": {
      "options": {
        "id": "default",
        "reportDir": "cypress/results/mochawesome",
        "overwrite": false,
        "html": true,
        "json": true
      },
      "version": "6.2.0"
    }
  }
}