{
  "stats": {
    "suites": 1,
    "tests": 3,
    "passes": 3,
    "pending": 0,
    "failures": 0,
    "start": "2023-06-12T10:35:19.534Z",
    "end": "2023-06-12T10:35:27.310Z",
    "duration": 7776,
    "testsRegistered": 3,
    "passPercent": 100,
    "pendingPercent": 0,
    "other": 0,
    "hasOther": false,
    "skipped": 0,
    "hasSkipped": false
  },
  "results": [
    {
      "uuid": "30379668-36a9-4965-abb5-5ae4aa8e2bb8",
      "title": "",
      "fullFile": "cypress/integration/API/pierwszyTestApi.js",
      "file": "cypress/integration/API/pierwszyTestApi.js",
      "beforeHooks": [],
      "afterHooks": [],
      "tests": [],
      "suites": [
        {
          "uuid": "acbcf0f4-357f-4e2f-b3d9-303f9d43a76d",
          "title": "E2E - Testy Api",
          "fullFile": "",
          "file": "",
          "beforeHooks": [],
          "afterHooks": [],
          "tests": [
            {
              "title": "Weryfikacja tagów API",
              "fullTitle": "E2E - Testy Api Weryfikacja tagów API",
              "timedOut": null,
              "duration": 2507,
              "state": "passed",
              "speed": "fast",
              "pass": true,
              "fail": false,
              "pending": false,
              "context": null,
              "code": "cy.intercept(\"GET\", \"https://api.realworld.io/api/tags\").as(\"requestTag\");\ncy.visit(\"https://angular.realworld.io/\");\ncy.wait(\"@requestTag\");\ncy.get(\"@requestTag\").then(res => {\n  console.log(res);\n  expect(res.response.statusCode).to.equal(200);\n  expect(res.response.body.tags).to.contain(\"welcome\");\n});",
              "err": {},
              "uuid": "d5ae77ec-aa20-40ae-b157-f853d8fe9c75",
              "parentUUID": "acbcf0f4-357f-4e2f-b3d9-303f9d43a76d",
              "isHook": false,
              "skipped": false
            },
            {
              "title": "Niepoprawne logowanie Logowania",
              "fullTitle": "E2E - Testy Api Niepoprawne logowanie Logowania",
              "timedOut": null,
              "duration": 1380,
              "state": "passed",
              "speed": "fast",
              "pass": true,
              "fail": false,
              "pending": false,
              "context": null,
              "code": "cy.intercept(\"POST\", \"https://api.realworld.io/api/users/login\").as(\"Forbidden\");\ncy.get(\"a.nav-link\").contains(\"Sign in\").click();\ncy.login('test@test.com', 'test');\ncy.wait(\"@Forbidden\");\ncy.get('@Forbidden').then(res => {\n  console.log(res);\n  expect(res.response.statusCode).to.equal(403);\n  expect(res.response.statusMessage).to.equal(this.daneApi.statusMessage403);\n});",
              "err": {},
              "uuid": "66232c49-b1e5-41e1-8b24-b0502320bb62",
              "parentUUID": "acbcf0f4-357f-4e2f-b3d9-303f9d43a76d",
              "isHook": false,
              "skipped": false
            },
            {
              "title": "Poprawne logowanie",
              "fullTitle": "E2E - Testy Api Poprawne logowanie",
              "timedOut": null,
              "duration": 1777,
              "state": "passed",
              "speed": "fast",
              "pass": true,
              "fail": false,
              "pending": false,
              "context": null,
              "code": "cy.intercept(\"GET\", \"https://api.realworld.io/api/tags\", {\n  fixture: 'tags.js'\n}).as(\"requestTag\");\ncy.login('mbanak265@gmail.com', 'Suchykanal123');\ncy.wait(\"@requestTag\");",
              "err": {},
              "uuid": "6ff659bf-6b84-466a-8ef7-b6e8acab3837",
              "parentUUID": "acbcf0f4-357f-4e2f-b3d9-303f9d43a76d",
              "isHook": false,
              "skipped": false
            }
          ],
          "suites": [],
          "passes": [
            "d5ae77ec-aa20-40ae-b157-f853d8fe9c75",
            "66232c49-b1e5-41e1-8b24-b0502320bb62",
            "6ff659bf-6b84-466a-8ef7-b6e8acab3837"
          ],
          "failures": [],
          "pending": [],
          "skipped": [],
          "duration": 5664,
          "root": false,
          "rootEmpty": false,
          "_timeout": 2000
        }
      ],
      "passes": [],
      "failures": [],
      "pending": [],
      "skipped": [],
      "duration": 0,
      "root": true,
      "rootEmpty": true,
      "_timeout": 2000
    }
  ],
  "meta": {
    "mocha": {
      "version": "7.0.1"
    },
    "mochawesome": {
      "options": {
        "quiet": false,
        "reportFilename": "mochawesome",
        "saveHtml": false,
        "saveJson": true,
        "consoleReporter": "spec",
        "useInlineDiffs": false,
        "code": true
      },
      "version": "7.1.3"
    },
    "marge": {
      "options": {
        "id": "default",
        "reportDir": "cypress/results/mochawesome",
        "overwrite": false,
        "html": false,
        "json": true
      },
      "version": "6.2.0"
    }
  }
}