{
  "stats": {
    "suites": 1,
    "tests": 2,
    "passes": 2,
    "pending": 0,
    "failures": 0,
    "start": "2023-06-14T13:10:54.585Z",
    "end": "2023-06-14T13:11:06.242Z",
    "duration": 11657,
    "testsRegistered": 2,
    "passPercent": 100,
    "pendingPercent": 0,
    "other": 0,
    "hasOther": false,
    "skipped": 0,
    "hasSkipped": false
  },
  "results": [
    {
      "uuid": "3fa16830-3d0c-4b17-974c-39d338e1b2c3",
      "title": "",
      "fullFile": "cypress\\e2e\\UI\\select.js",
      "file": "cypress\\e2e\\UI\\select.js",
      "beforeHooks": [],
      "afterHooks": [],
      "tests": [],
      "suites": [
        {
          "uuid": "5bbf7d7f-e239-4449-a9b5-5c9a473f1e57",
          "title": "E2E - Akcja wybrania opcji select",
          "fullFile": "",
          "file": "",
          "beforeHooks": [],
          "afterHooks": [],
          "tests": [
            {
              "title": "Wybieranie opcji",
              "fullTitle": "E2E - Akcja wybrania opcji select Wybieranie opcji",
              "timedOut": null,
              "duration": 4017,
              "state": "passed",
              "speed": "fast",
              "pass": true,
              "fail": false,
              "pending": false,
              "context": null,
              "code": "cy.visit(\"/index.php?id_category=3&controller=category\");\n// Po nazwie\ncy.get('#selectProductSort').select(\"In stock\");\n// Po value\ncy.get('#selectProductSort').select(\"price:asc\");\n// Po indexach\ncy.get('#selectProductSort').select(7);",
              "err": {},
              "uuid": "b5efec80-a3a7-4cce-b6e9-c68001da5dc6",
              "parentUUID": "5bbf7d7f-e239-4449-a9b5-5c9a473f1e57",
              "isHook": false,
              "skipped": false
            },
            {
              "title": "Wybieranie wszystkich opcji",
              "fullTitle": "E2E - Akcja wybrania opcji select Wybieranie wszystkich opcji",
              "timedOut": null,
              "duration": 7550,
              "state": "passed",
              "speed": "medium",
              "pass": true,
              "fail": false,
              "pending": false,
              "context": null,
              "code": "cy.visit(\"/index.php?id_category=3&controller=category\");\n_selectPage.default.selectallOption();\n// cy.get('#selectProductSort').then(dropdown =>{\n//     cy.wrap(dropdown).find(\"option\").each(opcje =>{\n//         cy.get('#selectProductSort').select(opcje.text(), {delay:1000})\n//     })\n// })",
              "err": {},
              "uuid": "8e7e29c6-f725-4c22-b612-9ddf756f18cc",
              "parentUUID": "5bbf7d7f-e239-4449-a9b5-5c9a473f1e57",
              "isHook": false,
              "skipped": false
            }
          ],
          "suites": [],
          "passes": [
            "b5efec80-a3a7-4cce-b6e9-c68001da5dc6",
            "8e7e29c6-f725-4c22-b612-9ddf756f18cc"
          ],
          "failures": [],
          "pending": [],
          "skipped": [],
          "duration": 11567,
          "root": false,
          "rootEmpty": false,
          "_timeout": 2000
        }
      ],
      "passes": [],
      "failures": [],
      "pending": [],
      "skipped": [],
      "duration": 0,
      "root": true,
      "rootEmpty": true,
      "_timeout": 2000
    }
  ],
  "meta": {
    "mocha": {
      "version": "7.0.1"
    },
    "mochawesome": {
      "options": {
        "quiet": false,
        "reportFilename": "mochawesome",
        "saveHtml": false,
        "saveJson": true,
        "consoleReporter": "spec",
        "useInlineDiffs": false,
        "code": true
      },
      "version": "7.1.3"
    },
    "marge": {
      "options": {
        "id": "default",
        "reportDir": "cypress/results/mochawesome",
        "overwrite": false,
        "html": false,
        "json": true
      },
      "version": "6.2.0"
    }
  }
}