{
  "stats": {
    "suites": 1,
    "tests": 2,
    "passes": 2,
    "pending": 0,
    "failures": 0,
    "start": "2023-06-15T11:30:36.280Z",
    "end": "2023-06-15T11:30:45.635Z",
    "duration": 9355,
    "testsRegistered": 2,
    "passPercent": 100,
    "pendingPercent": 0,
    "other": 0,
    "hasOther": false,
    "skipped": 0,
    "hasSkipped": false
  },
  "results": [
    {
      "uuid": "13fa325e-887b-425f-88f8-6fade9155811",
      "title": "",
      "fullFile": "cypress\\e2e\\UI\\select.js",
      "file": "cypress\\e2e\\UI\\select.js",
      "beforeHooks": [],
      "afterHooks": [],
      "tests": [],
      "suites": [
        {
          "uuid": "c4ef84b4-b5d6-4de6-b222-7dc9d5caa60b",
          "title": "E2E - Akcja wybrania opcji select",
          "fullFile": "",
          "file": "",
          "beforeHooks": [],
          "afterHooks": [],
          "tests": [
            {
              "title": "Wybieranie opcji",
              "fullTitle": "E2E - Akcja wybrania opcji select Wybieranie opcji",
              "timedOut": null,
              "duration": 3670,
              "state": "passed",
              "speed": "fast",
              "pass": true,
              "fail": false,
              "pending": false,
              "context": null,
              "code": "cy.visit(\"/index.php?id_category=3&controller=category\");\n// Po nazwie\ncy.get('#selectProductSort').select(\"In stock\");\n// Po value\ncy.get('#selectProductSort').select(\"price:asc\");\n// Po indexach\ncy.get('#selectProductSort').select(7);",
              "err": {},
              "uuid": "4281e35d-9eeb-48b8-942e-0bb1c7d02fc7",
              "parentUUID": "c4ef84b4-b5d6-4de6-b222-7dc9d5caa60b",
              "isHook": false,
              "skipped": false
            },
            {
              "title": "Wybieranie wszystkich opcji",
              "fullTitle": "E2E - Akcja wybrania opcji select Wybieranie wszystkich opcji",
              "timedOut": null,
              "duration": 5634,
              "state": "passed",
              "speed": "medium",
              "pass": true,
              "fail": false,
              "pending": false,
              "context": null,
              "code": "cy.visit(\"/index.php?id_category=3&controller=category\");\n_selectPage.default.selectallOption();\n// cy.get('#selectProductSort').then(dropdown =>{\n//     cy.wrap(dropdown).find(\"option\").each(opcje =>{\n//         cy.get('#selectProductSort').select(opcje.text(), {delay:1000})\n//     })\n// })",
              "err": {},
              "uuid": "22de3f7b-5642-416e-9264-d59d2fdc4471",
              "parentUUID": "c4ef84b4-b5d6-4de6-b222-7dc9d5caa60b",
              "isHook": false,
              "skipped": false
            }
          ],
          "suites": [],
          "passes": [
            "4281e35d-9eeb-48b8-942e-0bb1c7d02fc7",
            "22de3f7b-5642-416e-9264-d59d2fdc4471"
          ],
          "failures": [],
          "pending": [],
          "skipped": [],
          "duration": 9304,
          "root": false,
          "rootEmpty": false,
          "_timeout": 2000
        }
      ],
      "passes": [],
      "failures": [],
      "pending": [],
      "skipped": [],
      "duration": 0,
      "root": true,
      "rootEmpty": true,
      "_timeout": 2000
    }
  ],
  "meta": {
    "mocha": {
      "version": "7.0.1"
    },
    "mochawesome": {
      "options": {
        "quiet": false,
        "reportFilename": "mochawesome",
        "saveHtml": true,
        "saveJson": true,
        "consoleReporter": "spec",
        "useInlineDiffs": false,
        "code": true
      },
      "version": "7.1.3"
    },
    "marge": {
      "options": {
        "id": "default",
        "reportDir": "cypress/results/mochawesome",
        "overwrite": false,
        "html": true,
        "json": true
      },
      "version": "6.2.0"
    }
  }
}