<?xml version="1.0" encoding="UTF-8"?>
<testsuites name="Mocha Tests" time="3.169" tests="2" failures="0">
  <testsuite name="Root Suite" timestamp="2023-06-15T11:30:48" tests="0" file="cypress\e2e\UI\trigger.js" time="0.000" failures="0">
  </testsuite>
  <testsuite name="E2E - Scrollowanie/Najechanie" timestamp="2023-06-15T11:30:48" tests="2" time="3.088" failures="0">
    <testcase name="E2E - Scrollowanie/Najechanie Najechanie na element" time="2.013" classname="Najechanie na element">
    </testcase>
    <testcase name="E2E - Scrollowanie/Najechanie Scrollowanie do boxa specials" time="1.135" classname="Scrollowanie do boxa specials">
    </testcase>
  </testsuite>
</testsuites>