<?xml version="1.0" encoding="UTF-8"?>
<testsuites name="Mocha Tests" time="2.260" tests="1" failures="0">
  <testsuite name="Root Suite" timestamp="2023-06-15T11:37:23" tests="0" file="cypress\e2e\UI\checkbox.js" time="0.000" failures="0">
  </testsuite>
  <testsuite name="E2E - Akcje kliknięcia checkbox" timestamp="2023-06-15T11:37:24" tests="1" time="1.869" failures="0">
    <testcase name="E2E - Akcje kliknięcia checkbox Checkbox" time="2.220" classname="Checkbox">
    </testcase>
  </testsuite>
</testsuites>