<?xml version="1.0" encoding="UTF-8"?>
<testsuites name="Mocha Tests" time="1.102" tests="1" failures="0">
  <testsuite name="Root Suite" timestamp="2023-06-12T19:56:17" tests="0" file="cypress\e2e\UI\customCommands.js" time="0.000" failures="0">
  </testsuite>
  <testsuite name="E2E - CustomCommands" timestamp="2023-06-12T19:56:17" tests="1" time="1.006" failures="0">
    <testcase name="E2E - CustomCommands Przykład zastosowania komendy" time="1.074" classname="Przykład zastosowania komendy">
    </testcase>
  </testsuite>
</testsuites>