<?xml version="1.0" encoding="UTF-8"?>
<testsuites name="Mocha Tests" time="1.235" tests="1" failures="0">
  <testsuite name="Root Suite" timestamp="2023-06-14T13:39:14" tests="0" file="cypress\e2e\UI\wgrywaniePliku.js" time="0.000" failures="0">
  </testsuite>
  <testsuite name="E2E - Wgrywanie Pliku" timestamp="2023-06-14T13:39:14" tests="1" time="1.095" failures="0">
    <testcase name="E2E - Wgrywanie Pliku Wgrywanie Pliku do Inputa" time="1.191" classname="Wgrywanie Pliku do Inputa">
    </testcase>
  </testsuite>
</testsuites>