<?xml version="1.0" encoding="UTF-8"?>
<testsuites name="Mocha Tests" time="1.527" tests="2" failures="0">
  <testsuite name="Root Suite" timestamp="2023-06-12T10:39:35" tests="0" file="cypress/integration/UI/trigger.js" time="0.000" failures="0">
  </testsuite>
  <testsuite name="E2E - Scrollowanie/Najechanie" timestamp="2023-06-12T10:39:36" tests="2" time="1.433" failures="0">
    <testcase name="E2E - Scrollowanie/Najechanie Najechanie na element" time="1.494" classname="Najechanie na element">
    </testcase>
    <testcase name="E2E - Scrollowanie/Najechanie Scrollowanie do boxa specials" time="0.017" classname="Scrollowanie do boxa specials">
    </testcase>
  </testsuite>
</testsuites>