<?xml version="1.0" encoding="UTF-8"?>
<testsuites name="Mocha Tests" time="0.915" tests="1" failures="0">
  <testsuite name="Root Suite" timestamp="2023-06-12T10:39:17" tests="0" file="cypress/integration/UI/customCommands.js" time="0.000" failures="0">
  </testsuite>
  <testsuite name="E2E - CustomCommands" timestamp="2023-06-12T10:39:17" tests="1" time="0.873" failures="0">
    <testcase name="E2E - CustomCommands Przykład zastosowania komendy" time="0.896" classname="Przykład zastosowania komendy">
    </testcase>
  </testsuite>
</testsuites>