<?xml version="1.0" encoding="UTF-8"?>
<testsuites name="Mocha Tests" time="1.773" tests="1" failures="0">
  <testsuite name="Root Suite" timestamp="2023-06-12T20:18:13" tests="0" file="cypress\e2e\lighthouse.js" time="0.000" failures="0">
  </testsuite>
  <testsuite name="Lighthouse Test" timestamp="2023-06-12T20:18:13" tests="1" time="1.678" failures="0">
    <testcase name="Lighthouse Test Pierwszy test Lighthouse" time="1.723" classname="Pierwszy test Lighthouse">
    </testcase>
  </testsuite>
</testsuites>