<?xml version="1.0" encoding="UTF-8"?>
<testsuites name="Mocha Tests" time="3.522" tests="2" failures="0">
  <testsuite name="Root Suite" timestamp="2023-06-14T13:39:07" tests="0" file="cypress\e2e\UI\trigger.js" time="0.000" failures="0">
  </testsuite>
  <testsuite name="E2E - Scrollowanie/Najechanie" timestamp="2023-06-14T13:39:08" tests="2" time="3.414" failures="0">
    <testcase name="E2E - Scrollowanie/Najechanie Najechanie na element" time="2.362" classname="Najechanie na element">
    </testcase>
    <testcase name="E2E - Scrollowanie/Najechanie Scrollowanie do boxa specials" time="1.117" classname="Scrollowanie do boxa specials">
    </testcase>
  </testsuite>
</testsuites>