<?xml version="1.0" encoding="UTF-8"?>
<testsuites name="Mocha Tests" time="1.370" tests="1" failures="0">
  <testsuite name="Root Suite" timestamp="2023-06-14T13:39:32" tests="0" file="cypress\e2e\lighthouse.js" time="0.000" failures="0">
  </testsuite>
  <testsuite name="Lighthouse Test" timestamp="2023-06-14T13:39:32" tests="1" time="1.275" failures="0">
    <testcase name="Lighthouse Test Pierwszy test Lighthouse" time="1.322" classname="Pierwszy test Lighthouse">
    </testcase>
  </testsuite>
</testsuites>