<?xml version="1.0" encoding="UTF-8"?>
<testsuites name="Mocha Tests" time="1.461" tests="1" failures="0">
  <testsuite name="Root Suite" timestamp="2023-06-14T13:38:18" tests="0" file="cypress\e2e\UI\asercje.js" time="0.000" failures="0">
  </testsuite>
  <testsuite name="E2E - Asercje" timestamp="2023-06-14T13:38:19" tests="1" time="1.385" failures="0">
    <testcase name="E2E - Asercje Asercje expect oraz should" time="1.367" classname="Asercje expect oraz should">
    </testcase>
  </testsuite>
</testsuites>