<?xml version="1.0" encoding="UTF-8"?>
<testsuites name="Mocha Tests" time="3.575" tests="2" failures="0">
  <testsuite name="Root Suite" timestamp="2023-06-14T13:38:08" tests="0" file="cypress\e2e\UI\Lokalizatory.js" time="0.000" failures="0">
  </testsuite>
  <testsuite name="E2E - Lesson" timestamp="2023-06-14T13:38:08" tests="2" time="3.470" failures="0">
    <testcase name="E2E - Lesson Lokalizatory" time="2.726" classname="Lokalizatory">
    </testcase>
    <testcase name="E2E - Lesson Lokalizatory część2" time="0.798" classname="Lokalizatory część2">
    </testcase>
  </testsuite>
</testsuites>