<?xml version="1.0" encoding="UTF-8"?>
<testsuites name="Mocha Tests" time="9.355" tests="2" failures="0">
  <testsuite name="Root Suite" timestamp="2023-06-15T11:30:36" tests="0" file="cypress\e2e\UI\select.js" time="0.000" failures="0">
  </testsuite>
  <testsuite name="E2E - Akcja wybrania opcji select" timestamp="2023-06-15T11:30:36" tests="2" time="9.210" failures="0">
    <testcase name="E2E - Akcja wybrania opcji select Wybieranie opcji" time="3.670" classname="Wybieranie opcji">
    </testcase>
    <testcase name="E2E - Akcja wybrania opcji select Wybieranie wszystkich opcji" time="5.634" classname="Wybieranie wszystkich opcji">
    </testcase>
  </testsuite>
</testsuites>