<?xml version="1.0" encoding="UTF-8"?>
<testsuites name="Mocha Tests" time="1.753" tests="1" failures="0">
  <testsuite name="Root Suite" timestamp="2023-06-12T10:43:57" tests="0" file="cypress/integration/UI/klikniecie.js" time="0.000" failures="0">
  </testsuite>
  <testsuite name="E2E - Akcje kliknięcia" timestamp="2023-06-12T10:43:57" tests="1" time="1.645" failures="0">
    <testcase name="E2E - Akcje kliknięcia Klikniecie na element" time="1.723" classname="Klikniecie na element">
    </testcase>
  </testsuite>
</testsuites>