<?xml version="1.0" encoding="UTF-8"?>
<testsuites name="Mocha Tests" time="8.229" tests="2" failures="0">
  <testsuite name="Root Suite" timestamp="2023-06-15T11:37:47" tests="0" file="cypress\e2e\UI\select.js" time="0.000" failures="0">
  </testsuite>
  <testsuite name="E2E - Akcja wybrania opcji select" timestamp="2023-06-15T11:37:47" tests="2" time="8.143" failures="0">
    <testcase name="E2E - Akcja wybrania opcji select Wybieranie opcji" time="3.058" classname="Wybieranie opcji">
    </testcase>
    <testcase name="E2E - Akcja wybrania opcji select Wybieranie wszystkich opcji" time="5.117" classname="Wybieranie wszystkich opcji">
    </testcase>
  </testsuite>
</testsuites>