<?xml version="1.0" encoding="UTF-8"?>
<testsuites name="Mocha Tests" time="0.768" tests="1" failures="1">
  <testsuite name="Root Suite" timestamp="2023-06-12T20:18:08" tests="0" file="cypress\e2e\UI\zmienne.js" time="0.000" failures="0">
  </testsuite>
  <testsuite name="E2E - Zmienne" timestamp="2023-06-12T20:18:08" tests="1" time="0.681" failures="1">
    <testcase name="E2E - Zmienne Zmienne Środowiskowe" time="0.231" classname="Zmienne Środowiskowe">
      <failure message="`cy.visit()` must be called with a `url` or an `options` object containing a `url` as its 1st argument

https://on.cypress.io/visit" type="CypressError"><![CDATA[CypressError: `cy.visit()` must be called with a `url` or an `options` object containing a `url` as its 1st argument

https://on.cypress.io/visit
    at Context.visit (http://automationpractice.pl/__cypress/runner/cypress_runner.js:147300:78)
    at wrapped (http://automationpractice.pl/__cypress/runner/cypress_runner.js:160610:43)
From Your Spec Code:
    at Context.eval (webpack:///./cypress/e2e/UI/zmienne.js:5:11)]]></failure>
    </testcase>
  </testsuite>
</testsuites>