<?xml version="1.0" encoding="UTF-8"?>
<testsuites name="Mocha Tests" time="0.844" tests="1" failures="0">
  <testsuite name="Root Suite" timestamp="2023-06-14T13:37:52" tests="0" file="cypress\e2e\API\drugiTestApi.js" time="0.000" failures="0">
  </testsuite>
  <testsuite name="E2E - Wykonywanie Zapytania Bezpośrednio do API" timestamp="2023-06-14T13:37:52" tests="1" time="0.733" failures="0">
    <testcase name="E2E - Wykonywanie Zapytania Bezpośrednio do API Autoryzacja + Dodawanie nowego artykułu" time="0.807" classname="Autoryzacja + Dodawanie nowego artykułu">
    </testcase>
  </testsuite>
</testsuites>