<?xml version="1.0" encoding="UTF-8"?>
<testsuites name="Mocha Tests" time="3.380" tests="1" failures="0">
  <testsuite name="Root Suite" timestamp="2023-06-12T10:40:01" tests="0" file="cypress/integration/shadow.js" time="0.000" failures="0">
  </testsuite>
  <testsuite name="E2E - Shadow Dom" timestamp="2023-06-12T10:40:02" tests="1" time="3.312" failures="0">
    <testcase name="E2E - Shadow Dom Wykorzystanie metody Shadow" time="1.259" classname="Wykorzystanie metody Shadow">
    </testcase>
  </testsuite>
</testsuites>