<?xml version="1.0" encoding="UTF-8"?>
<testsuites name="Mocha Tests" time="1.481" tests="1" failures="0">
  <testsuite name="Root Suite" timestamp="2023-06-15T11:37:19" tests="0" file="cypress\e2e\UI\asercje.js" time="0.000" failures="0">
  </testsuite>
  <testsuite name="E2E - Asercje" timestamp="2023-06-15T11:37:19" tests="1" time="1.397" failures="0">
    <testcase name="E2E - Asercje Asercje expect oraz should" time="1.390" classname="Asercje expect oraz should">
    </testcase>
  </testsuite>
</testsuites>