<?xml version="1.0" encoding="UTF-8"?>
<testsuites name="Mocha Tests" time="0.778" tests="1" failures="0">
  <testsuite name="Root Suite" timestamp="2023-06-12T10:23:53" tests="0" file="cypress/integration/API/drugiTestApi.js" time="0.000" failures="0">
  </testsuite>
  <testsuite name="E2E - Wykonywanie Zapytania Bezpośrednio do API" timestamp="2023-06-12T10:23:53" tests="1" time="0.741" failures="0">
    <testcase name="E2E - Wykonywanie Zapytania Bezpośrednio do API Autoryzacja + Dodawanie nowego artykułu" time="0.752" classname="Autoryzacja + Dodawanie nowego artykułu">
    </testcase>
  </testsuite>
</testsuites>