<?xml version="1.0" encoding="UTF-8"?>
<testsuites name="Mocha Tests" time="7.870" tests="3" failures="0">
  <testsuite name="Root Suite" timestamp="2023-06-12T10:38:49" tests="0" file="cypress/integration/API/pierwszyTestApi.js" time="0.000" failures="0">
  </testsuite>
  <testsuite name="E2E - Testy Api" timestamp="2023-06-12T10:38:49" tests="3" time="7.804" failures="0">
    <testcase name="E2E - Testy Api Weryfikacja tagów API" time="2.590" classname="Weryfikacja tagów API">
    </testcase>
    <testcase name="E2E - Testy Api Niepoprawne logowanie Logowania" time="1.478" classname="Niepoprawne logowanie Logowania">
    </testcase>
    <testcase name="E2E - Testy Api Poprawne logowanie" time="1.800" classname="Poprawne logowanie">
    </testcase>
  </testsuite>
</testsuites>