<?xml version="1.0" encoding="UTF-8"?>
<testsuites name="Mocha Tests" time="0.778" tests="1" failures="0">
  <testsuite name="Root Suite" timestamp="2023-06-12T10:44:17" tests="0" file="cypress/integration/UI/wgrywaniePliku.js" time="0.000" failures="0">
  </testsuite>
  <testsuite name="E2E - Wgrywanie Pliku" timestamp="2023-06-12T10:44:17" tests="1" time="0.706" failures="0">
    <testcase name="E2E - Wgrywanie Pliku Wgrywanie Pliku do Inputa" time="0.759" classname="Wgrywanie Pliku do Inputa">
    </testcase>
  </testsuite>
</testsuites>