<?xml version="1.0" encoding="UTF-8"?>
<testsuites name="Mocha Tests" time="0.957" tests="1" failures="0">
  <testsuite name="Root Suite" timestamp="2023-06-12T20:22:40" tests="0" file="cypress\e2e\UI\wgrywaniePliku.js" time="0.000" failures="0">
  </testsuite>
  <testsuite name="E2E - Wgrywanie Pliku" timestamp="2023-06-12T20:22:40" tests="1" time="0.867" failures="0">
    <testcase name="E2E - Wgrywanie Pliku Wgrywanie Pliku do Inputa" time="0.928" classname="Wgrywanie Pliku do Inputa">
    </testcase>
  </testsuite>
</testsuites>