<?xml version="1.0" encoding="UTF-8"?>
<testsuites name="Mocha Tests" time="4.106" tests="1" failures="0">
  <testsuite name="Root Suite" timestamp="2023-06-14T13:10:32" tests="0" file="cypress\e2e\UI\examplePageObjectModel.js" time="0.000" failures="0">
  </testsuite>
  <testsuite name="E2E - Akcja wybrania opcji select" timestamp="2023-06-14T13:10:33" tests="1" time="3.963" failures="0">
    <testcase name="E2E - Akcja wybrania opcji select Wybieranie opcji" time="4.049" classname="Wybieranie opcji">
    </testcase>
  </testsuite>
</testsuites>