<?xml version="1.0" encoding="UTF-8"?>
<testsuites name="Mocha Tests" time="0.869" tests="1" failures="1">
  <testsuite name="Root Suite" timestamp="2023-06-12T20:23:00" tests="0" file="cypress\e2e\UI\zmienne.js" time="0.000" failures="0">
  </testsuite>
  <testsuite name="E2E - Zmienne" timestamp="2023-06-12T20:23:00" tests="1" time="0.741" failures="1">
    <testcase name="E2E - Zmienne Zmienne Środowiskowe" time="0.235" classname="Zmienne Środowiskowe">
      <failure message="url is not defined" type="ReferenceError"><![CDATA[ReferenceError: url is not defined
    at Context.eval (webpack:///./cypress/e2e/UI/zmienne.js:5:29)]]></failure>
    </testcase>
  </testsuite>
</testsuites>