<?xml version="1.0" encoding="UTF-8"?>
<testsuites name="Mocha Tests" time="3.377" tests="1" failures="0">
  <testsuite name="Root Suite" timestamp="2023-06-12T10:43:46" tests="0" file="cypress/integration/UI/examplePageObjectModel.js" time="0.000" failures="0">
  </testsuite>
  <testsuite name="E2E - Akcja wybrania opcji select" timestamp="2023-06-12T10:43:46" tests="1" time="3.337" failures="0">
    <testcase name="E2E - Akcja wybrania opcji select Wybieranie opcji" time="3.350" classname="Wybieranie opcji">
    </testcase>
  </testsuite>
</testsuites>