<?xml version="1.0" encoding="UTF-8"?>
<testsuites name="Mocha Tests" time="3.139" tests="2" failures="0">
  <testsuite name="Root Suite" timestamp="2023-06-12T10:43:26" tests="0" file="cypress/integration/UI/Lokalizatory.js" time="0.000" failures="0">
  </testsuite>
  <testsuite name="E2E - Lesson" timestamp="2023-06-12T10:43:26" tests="2" time="3.069" failures="0">
    <testcase name="E2E - Lesson Lokalizatory" time="2.458" classname="Lokalizatory">
    </testcase>
    <testcase name="E2E - Lesson Lokalizatory część2" time="0.631" classname="Lokalizatory część2">
    </testcase>
  </testsuite>
</testsuites>