<?xml version="1.0" encoding="UTF-8"?>
<testsuites name="Mocha Tests" time="2.213" tests="1" failures="0">
  <testsuite name="Root Suite" timestamp="2023-06-12T10:39:12" tests="0" file="cypress/integration/UI/checkbox.js" time="0.000" failures="0">
  </testsuite>
  <testsuite name="E2E - Akcje kliknięcia checkbox" timestamp="2023-06-12T10:39:12" tests="1" time="2.165" failures="0">
    <testcase name="E2E - Akcje kliknięcia checkbox Checkbox" time="2.199" classname="Checkbox">
    </testcase>
  </testsuite>
</testsuites>