<?xml version="1.0" encoding="UTF-8"?>
<testsuites name="Mocha Tests" time="8.427" tests="3" failures="0">
  <testsuite name="Root Suite" timestamp="2023-06-12T10:43:15" tests="0" file="cypress/integration/API/pierwszyTestApi.js" time="0.000" failures="0">
  </testsuite>
  <testsuite name="E2E - Testy Api" timestamp="2023-06-12T10:43:15" tests="3" time="8.368" failures="0">
    <testcase name="E2E - Testy Api Weryfikacja tagów API" time="2.600" classname="Weryfikacja tagów API">
    </testcase>
    <testcase name="E2E - Testy Api Niepoprawne logowanie Logowania" time="1.504" classname="Niepoprawne logowanie Logowania">
    </testcase>
    <testcase name="E2E - Testy Api Poprawne logowanie" time="1.851" classname="Poprawne logowanie">
    </testcase>
  </testsuite>
</testsuites>