<?xml version="1.0" encoding="UTF-8"?>
<testsuites name="Mocha Tests" time="2.215" tests="1" failures="0">
  <testsuite name="Root Suite" timestamp="2023-06-12T20:21:48" tests="0" file="cypress\e2e\UI\checkbox.js" time="0.000" failures="0">
  </testsuite>
  <testsuite name="E2E - Akcje kliknięcia checkbox" timestamp="2023-06-12T20:21:48" tests="1" time="2.107" failures="0">
    <testcase name="E2E - Akcje kliknięcia checkbox Checkbox" time="2.189" classname="Checkbox">
    </testcase>
  </testsuite>
</testsuites>